<?xml version="1.0" encoding="UTF-8"?>
<testsuites name="TS_18_LoginAndPurchaseDog" time="110.06" tests="1" failures="0" errors="0">
   <testsuite name="TS_18_LoginAndPurchaseDog" tests="1" failures="0" errors="0" time="110.06" skipped="0" timestamp="03-03-2024T14:30:32" hostname="DJ793LJ - IN3233809W1.ey.net" id="Test Suites/TS_18_LoginAndPurchaseDog">
      <properties>
         <property name="deviceName" value=""/>
         <property name="devicePlatform" value=""/>
         <property name="logFolder" value="C:\\Users\\DJ793LJ\\git\\Katalon-Training\\Reports\\20240303_143025\\TS_18_LoginAndPurchaseDog\\20240303_143025"/>
         <property name="logFiles" value="C:\\Users\\DJ793LJ\\git\\Katalon-Training\\Reports\\20240303_143025\\TS_18_LoginAndPurchaseDog\\20240303_143025\\execution0.log"/>
         <property name="attachments" value=""/>
         <property name="hostName" value="DJ793LJ - IN3233809W1.ey.net"/>
         <property name="os" value="Windows 10 64bit"/>
         <property name="katalonVersion" value="9.3.1.212"/>
         <property name="browser" value="Edge Chromium 122"/>
         <property name="hostAddress" value="192.168.2.5"/>
         <property name="sessionId" value="0529582dcbd82b12a946345e471a6be6"/>
         <property name="seleniumVersion" value="3.141.59"/>
         <property name="proxyInformation" value="ProxyInformation { proxyOption=NO_PROXY, proxyServerType=HTTP, username=, password=********, proxyServerAddress=, proxyServerPort=0, executionList=&quot;&quot;, isApplyToDesiredCapabilities=true }"/>
         <property name="platform" value="Windows 10"/>
      </properties>
      <testcase name="Test Cases/PetStoreApp/TC_18_LoginAndPurchaseDog" time="109.759" classname="Test Cases/PetStoreApp/TC_18_LoginAndPurchaseDog" status="PASSED">
         <system-out><![CDATA[03-03-2024T14:30:32 - [TEST_CASE][PASSED] - Test Cases/PetStoreApp/TC_18_LoginAndPurchaseDog: Test Cases/PetStoreApp/TC_18_LoginAndPurchaseDog

03-03-2024T14:30:33 - [TEST_STEP][PASSED] - callTestCase(findTestCase("PetStoreApp/TC_16_LoginToApp"), [:], STOP_ON_FAILURE): Call Test Case 'Test Cases/PetStoreApp/TC_16_LoginToApp' successfully

03-03-2024T14:30:33 - [TEST_CASE][PASSED] - Test Cases/PetStoreApp/TC_16_LoginToApp: Test Cases/PetStoreApp/TC_16_LoginToApp

03-03-2024T14:30:33 - [TEST_STEP][PASSED] - openBrowser(""): Browser is opened with url: ''

03-03-2024T14:30:34 - [MESSAGE][INFO] - Starting 'Edge Chromium' driver

03-03-2024T14:30:37 - [MESSAGE][INFO] - Action delay is set to 0 milliseconds

03-03-2024T14:30:40 - [MESSAGE][PASSED] - Browser is opened with url: ''

03-03-2024T14:30:40 - [TEST_STEP][PASSED] - navigateToUrl("https://petstore.octoperf.com/"): Navigate to 'https://petstore.octoperf.com/' successfully

03-03-2024T14:30:51 - [MESSAGE][PASSED] - Navigate to 'https://petstore.octoperf.com/' successfully

03-03-2024T14:30:51 - [TEST_STEP][PASSED] - verifyElementText(findTestObject("Object Repository/LoginToApp/Page_JPetStore Demo/h2_Welcome to JPetStore 6"), "Welcome to JPetStore 6"): Actual text and expected text of test object 'Object Repository/LoginToApp/Page_JPetStore Demo/h2_Welcome to JPetStore 6' are matched.

03-03-2024T14:30:52 - [MESSAGE][PASSED] - Actual text and expected text of test object 'Object Repository/LoginToApp/Page_JPetStore Demo/h2_Welcome to JPetStore 6' are matched.

03-03-2024T14:30:52 - [TEST_STEP][PASSED] - click(findTestObject("Object Repository/LoginToApp/Page_JPetStore Demo/a_Enter the Store")): Object: 'Object Repository/LoginToApp/Page_JPetStore Demo/a_Enter the Store' is clicked on

03-03-2024T14:30:55 - [MESSAGE][PASSED] - Object: 'Object Repository/LoginToApp/Page_JPetStore Demo/a_Enter the Store' is clicked on

03-03-2024T14:30:55 - [TEST_STEP][PASSED] - verifyElementText(findTestObject("Object Repository/LoginToApp/Page_JPetStore Demo/img"), ""): Actual text and expected text of test object 'Object Repository/LoginToApp/Page_JPetStore Demo/img' are matched.

03-03-2024T14:30:55 - [MESSAGE][PASSED] - Actual text and expected text of test object 'Object Repository/LoginToApp/Page_JPetStore Demo/img' are matched.

03-03-2024T14:30:55 - [TEST_STEP][PASSED] - click(findTestObject("Object Repository/LoginToApp/Page_JPetStore Demo/a_Sign In")): Object: 'Object Repository/LoginToApp/Page_JPetStore Demo/a_Sign In' is clicked on

03-03-2024T14:30:57 - [MESSAGE][PASSED] - Object: 'Object Repository/LoginToApp/Page_JPetStore Demo/a_Sign In' is clicked on

03-03-2024T14:30:57 - [TEST_STEP][PASSED] - setText(findTestObject("Object Repository/LoginToApp/Page_JPetStore Demo/input_Need a user name and password_username"), "bruvie"): Text 'bruvie' is set on object 'Object Repository/LoginToApp/Page_JPetStore Demo/input_Need a user name and password_username'

03-03-2024T14:31:01 - [MESSAGE][PASSED] - Text 'bruvie' is set on object 'Object Repository/LoginToApp/Page_JPetStore Demo/input_Need a user name and password_username'

03-03-2024T14:31:01 - [TEST_STEP][PASSED] - setEncryptedText(findTestObject("Object Repository/LoginToApp/Page_JPetStore Demo/input_Need a user name and password_password"), "qPDWtMYEx+8="): Text ****** has been set on object 'Object Repository/LoginToApp/Page_JPetStore Demo/input_Need a user name and password_password'

03-03-2024T14:31:03 - [MESSAGE][PASSED] - Text ****** has been set on object 'Object Repository/LoginToApp/Page_JPetStore Demo/input_Need a user name and password_password'

03-03-2024T14:31:03 - [TEST_STEP][PASSED] - click(findTestObject("Object Repository/LoginToApp/Page_JPetStore Demo/p_UsernamesetTimeout(function()tryvar zdocu_90a06a")): Object: 'Object Repository/LoginToApp/Page_JPetStore Demo/p_UsernamesetTimeout(function()tryvar zdocu_90a06a' is clicked on

03-03-2024T14:31:05 - [MESSAGE][PASSED] - Object: 'Object Repository/LoginToApp/Page_JPetStore Demo/p_UsernamesetTimeout(function()tryvar zdocu_90a06a' is clicked on

03-03-2024T14:31:05 - [TEST_STEP][PASSED] - setEncryptedText(findTestObject("Object Repository/LoginToApp/Page_JPetStore Demo/input_Need a user name and password_password"), "5Z9ySau9obQ="): Text ****** has been set on object 'Object Repository/LoginToApp/Page_JPetStore Demo/input_Need a user name and password_password'

03-03-2024T14:31:07 - [MESSAGE][PASSED] - Text ****** has been set on object 'Object Repository/LoginToApp/Page_JPetStore Demo/input_Need a user name and password_password'

03-03-2024T14:31:07 - [TEST_STEP][PASSED] - click(findTestObject("Object Repository/LoginToApp/Page_JPetStore Demo/input_Need a user name and password_signon")): Object: 'Object Repository/LoginToApp/Page_JPetStore Demo/input_Need a user name and password_signon' is clicked on

03-03-2024T14:31:12 - [MESSAGE][PASSED] - Object: 'Object Repository/LoginToApp/Page_JPetStore Demo/input_Need a user name and password_signon' is clicked on

03-03-2024T14:31:12 - [TEST_STEP][PASSED] - verifyElementText(findTestObject("Object Repository/LoginToApp/Page_JPetStore Demo/div_Welcome Bruvie"), "Welcome Bruvie!"): Actual text and expected text of test object 'Object Repository/LoginToApp/Page_JPetStore Demo/div_Welcome Bruvie' are matched.

03-03-2024T14:31:14 - [MESSAGE][PASSED] - Actual text and expected text of test object 'Object Repository/LoginToApp/Page_JPetStore Demo/div_Welcome Bruvie' are matched.

03-03-2024T14:31:14 - [MESSAGE][PASSED] - Call Test Case 'Test Cases/PetStoreApp/TC_16_LoginToApp' successfully

03-03-2024T14:31:14 - [TEST_STEP][PASSED] - click(findTestObject("Object Repository/LoginAndPurchaseDog/Page_JPetStore Demo/img")): Object: 'Object Repository/LoginAndPurchaseDog/Page_JPetStore Demo/img' is clicked on

03-03-2024T14:31:16 - [MESSAGE][PASSED] - Object: 'Object Repository/LoginAndPurchaseDog/Page_JPetStore Demo/img' is clicked on

03-03-2024T14:31:16 - [TEST_STEP][PASSED] - navigateToUrl("https://petstore.octoperf.com/actions/Catalog.action?viewCategory=&categoryId=DOGS"): Navigate to 'https://petstore.octoperf.com/actions/Catalog.action?viewCategory=&categoryId=DOGS' successfully

03-03-2024T14:31:17 - [MESSAGE][PASSED] - Navigate to 'https://petstore.octoperf.com/actions/Catalog.action?viewCategory=&categoryId=DOGS' successfully

03-03-2024T14:31:17 - [TEST_STEP][PASSED] - click(findTestObject("Object Repository/LoginAndPurchaseDog/Page_JPetStore Demo/a_K9-RT-01")): Object: 'Object Repository/LoginAndPurchaseDog/Page_JPetStore Demo/a_K9-RT-01' is clicked on

03-03-2024T14:31:19 - [MESSAGE][PASSED] - Object: 'Object Repository/LoginAndPurchaseDog/Page_JPetStore Demo/a_K9-RT-01' is clicked on

03-03-2024T14:31:19 - [TEST_STEP][PASSED] - click(findTestObject("Object Repository/LoginAndPurchaseDog/Page_JPetStore Demo/a_Add to Cart")): Object: 'Object Repository/LoginAndPurchaseDog/Page_JPetStore Demo/a_Add to Cart' is clicked on

03-03-2024T14:31:24 - [MESSAGE][PASSED] - Object: 'Object Repository/LoginAndPurchaseDog/Page_JPetStore Demo/a_Add to Cart' is clicked on

03-03-2024T14:31:24 - [TEST_STEP][PASSED] - click(findTestObject("Object Repository/LoginAndPurchaseDog/Page_JPetStore Demo/td")): Object: 'Object Repository/LoginAndPurchaseDog/Page_JPetStore Demo/td' is clicked on

03-03-2024T14:31:26 - [MESSAGE][PASSED] - Object: 'Object Repository/LoginAndPurchaseDog/Page_JPetStore Demo/td' is clicked on

03-03-2024T14:31:26 - [TEST_STEP][PASSED] - setText(findTestObject("Object Repository/LoginAndPurchaseDog/Page_JPetStore Demo/input_true_EST-28"), "5"): Text '5' is set on object 'Object Repository/LoginAndPurchaseDog/Page_JPetStore Demo/input_true_EST-28'

03-03-2024T14:31:30 - [MESSAGE][PASSED] - Text '5' is set on object 'Object Repository/LoginAndPurchaseDog/Page_JPetStore Demo/input_true_EST-28'

03-03-2024T14:31:30 - [TEST_STEP][PASSED] - click(findTestObject("Object Repository/LoginAndPurchaseDog/Page_JPetStore Demo/input_Sub Total 155.29_updateCartQuantities")): Object: 'Object Repository/LoginAndPurchaseDog/Page_JPetStore Demo/input_Sub Total 155.29_updateCartQuantities' is clicked on

03-03-2024T14:31:37 - [MESSAGE][PASSED] - Object: 'Object Repository/LoginAndPurchaseDog/Page_JPetStore Demo/input_Sub Total 155.29_updateCartQuantities' is clicked on

03-03-2024T14:31:37 - [TEST_STEP][PASSED] - click(findTestObject("Object Repository/LoginAndPurchaseDog/Page_JPetStore Demo/div_Return to Main Menu")): Object: 'Object Repository/LoginAndPurchaseDog/Page_JPetStore Demo/div_Return to Main Menu' is clicked on

03-03-2024T14:31:47 - [MESSAGE][PASSED] - Object: 'Object Repository/LoginAndPurchaseDog/Page_JPetStore Demo/div_Return to Main Menu' is clicked on

03-03-2024T14:31:47 - [TEST_STEP][PASSED] - click(findTestObject("Object Repository/LoginAndPurchaseDog/Page_JPetStore Demo/a_Return to Main Menu")): Object: 'Object Repository/LoginAndPurchaseDog/Page_JPetStore Demo/a_Return to Main Menu' is clicked on

03-03-2024T14:32:19 - [MESSAGE][INFO] - Unable to find the element located by 'By.xpath: //div[@id='BackLink']/a'. Please recheck the objects properties to make sure the desired element is located. 

03-03-2024T14:32:19 - [MESSAGE][WARNING] - [SELF-HEALING] Failed to find element with id 'Object Repository/LoginAndPurchaseDog/Page_JPetStore Demo/a_Return to Main Menu'. Try using Self-healing.

03-03-2024T14:32:20 - [MESSAGE][INFO] - [SELF-HEALING] Failed Locator: '//div[@id='BackLink']/a'.

03-03-2024T14:32:20 - [MESSAGE][INFO] - [SELF-HEALING] Failed Locator: '//a[contains(text(),'Return to Main Menu')]'.

03-03-2024T14:32:20 - [MESSAGE][INFO] - [SELF-HEALING] Working Locator: '(.//*[normalize-space(text()) and normalize-space(.)='?'])[1]/following::a[6]'.

03-03-2024T14:32:21 - [MESSAGE][INFO] - [SELF-HEALING] Screenshot: C:/Users/DJ793LJ/git/Katalon-Training/Reports/Self-healing/Object Repository/LoginAndPurchaseDog/Page_JPetStore Demo/a_Return to Main Menu_neighbor.png

03-03-2024T14:32:21 - [MESSAGE][WARNING] - [SELF-HEALING] The current locator of test object 'Object Repository/LoginAndPurchaseDog/Page_JPetStore Demo/a_Return to Main Menu' was broken. Propose an alternative one: '(.//*[normalize-space(text()) and normalize-space(.)='?'])[1]/following::a[6]'.

03-03-2024T14:32:21 - [MESSAGE][PASSED] - Object: 'Object Repository/LoginAndPurchaseDog/Page_JPetStore Demo/a_Return to Main Menu' is clicked on

03-03-2024T14:32:21 - [TEST_STEP][PASSED] - closeBrowser(): Browser is closed

03-03-2024T14:32:22 - [MESSAGE][PASSED] - Browser is closed]]></system-out>
         <system-err><![CDATA[]]></system-err>
      </testcase>
      <system-out><![CDATA[03-03-2024T14:30:32 - [TEST_SUITE][PASSED] - TS_18_LoginAndPurchaseDog: Test Cases/PetStoreApp/TC_18_LoginAndPurchaseDog]]></system-out>
      <system-err><![CDATA[]]></system-err>
   </testsuite>
</testsuites>
