<?xml version="1.0" encoding="UTF-8"?>
<testsuites name="TS_22_SwagLab_LoginWithInvalidUser" time="297.921" tests="1" failures="0" errors="0">
   <testsuite name="TS_22_SwagLab_LoginWithInvalidUser" tests="1" failures="0" errors="0" time="297.921" skipped="0" timestamp="03-03-2024T16:41:34" hostname="DJ793LJ - IN3233809W1.ey.net" id="Test Suites/TS_22_SwagLab_LoginWithInvalidUser">
      <properties>
         <property name="deviceName" value=""/>
         <property name="devicePlatform" value=""/>
         <property name="logFolder" value="C:\\Users\\DJ793LJ\\git\\Katalon-Training\\Reports\\20240303_164125\\TS_22_SwagLab_LoginWithInvalidUser\\20240303_164126"/>
         <property name="logFiles" value="C:\\Users\\DJ793LJ\\git\\Katalon-Training\\Reports\\20240303_164125\\TS_22_SwagLab_LoginWithInvalidUser\\20240303_164126\\execution0.log"/>
         <property name="attachments" value=""/>
         <property name="hostName" value="DJ793LJ - IN3233809W1.ey.net"/>
         <property name="os" value="Windows 10 64bit"/>
         <property name="katalonVersion" value="9.3.1.212"/>
         <property name="browser" value="Edge Chromium 122"/>
         <property name="hostAddress" value="192.168.2.5"/>
         <property name="sessionId" value="a17c9b8aede589decbe0def1e6cc7581"/>
         <property name="seleniumVersion" value="3.141.59"/>
         <property name="proxyInformation" value="ProxyInformation { proxyOption=NO_PROXY, proxyServerType=HTTP, username=, password=********, proxyServerAddress=, proxyServerPort=0, executionList=&quot;&quot;, isApplyToDesiredCapabilities=true }"/>
         <property name="platform" value="Windows 10"/>
      </properties>
      <testcase name="Test Cases/SauceLabsApp/TC_22_LoginWithInvalidUser" time="297.391" classname="Test Cases/SauceLabsApp/TC_22_LoginWithInvalidUser" status="PASSED">
         <system-out><![CDATA[03-03-2024T16:41:35 - [TEST_CASE][PASSED] - Test Cases/SauceLabsApp/TC_22_LoginWithInvalidUser: Test Cases/SauceLabsApp/TC_22_LoginWithInvalidUser

03-03-2024T16:41:36 - [TEST_STEP][PASSED] - openBrowser(""): Browser is opened with url: ''

03-03-2024T16:41:37 - [MESSAGE][INFO] - Starting 'Edge Chromium' driver

03-03-2024T16:41:41 - [MESSAGE][INFO] - Action delay is set to 0 milliseconds

03-03-2024T16:41:54 - [MESSAGE][PASSED] - Browser is opened with url: ''

03-03-2024T16:41:54 - [TEST_STEP][PASSED] - navigateToUrl("https://www.saucedemo.com/"): Navigate to 'https://www.saucedemo.com/' successfully

03-03-2024T16:41:55 - [MESSAGE][PASSED] - Navigate to 'https://www.saucedemo.com/' successfully

03-03-2024T16:41:55 - [TEST_STEP][PASSED] - logInfo("Browser is launched"): Browser is launched

03-03-2024T16:41:55 - [MESSAGE][INFO] - Browser is launched

03-03-2024T16:41:55 - [TEST_STEP][PASSED] - maximizeWindow(): Current window maximized

03-03-2024T16:42:02 - [MESSAGE][PASSED] - Current window maximized

03-03-2024T16:42:02 - [TEST_STEP][PASSED] - setText(findTestObject("Object Repository/SwagLab_InvalidLogins/Page_Swag Labs/input_Swag Labs_user-name"), "locked_out_user"): Text 'locked_out_user' is set on object 'Object Repository/SwagLab_InvalidLogins/Page_Swag Labs/input_Swag Labs_user-name'

03-03-2024T16:42:08 - [MESSAGE][PASSED] - Text 'locked_out_user' is set on object 'Object Repository/SwagLab_InvalidLogins/Page_Swag Labs/input_Swag Labs_user-name'

03-03-2024T16:42:09 - [TEST_STEP][PASSED] - setEncryptedText(findTestObject("Object Repository/SwagLab_InvalidLogins/Page_Swag Labs/input_Swag Labs_password"), "qcu24s4901FyWDTwXGr6XA=="): Text ****** has been set on object 'Object Repository/SwagLab_InvalidLogins/Page_Swag Labs/input_Swag Labs_password'

03-03-2024T16:42:10 - [MESSAGE][PASSED] - Text ****** has been set on object 'Object Repository/SwagLab_InvalidLogins/Page_Swag Labs/input_Swag Labs_password'

03-03-2024T16:42:10 - [TEST_STEP][PASSED] - click(findTestObject("Object Repository/SwagLab_InvalidLogins/Page_Swag Labs/input_Swag Labs_login-button")): Object: 'Object Repository/SwagLab_InvalidLogins/Page_Swag Labs/input_Swag Labs_login-button' is clicked on

03-03-2024T16:42:11 - [MESSAGE][PASSED] - Object: 'Object Repository/SwagLab_InvalidLogins/Page_Swag Labs/input_Swag Labs_login-button' is clicked on

03-03-2024T16:42:11 - [TEST_STEP][PASSED] - verifyElementText(findTestObject("Object Repository/SwagLab_InvalidLogins/Page_Swag Labs/h3_Epic sadface Sorry, this user has been l_a91fd7"), "Epic sadface: Sorry, this user has been locked out."): Actual text and expected text of test object 'Object Repository/SwagLab_InvalidLogins/Page_Swag Labs/h3_Epic sadface Sorry, this user has been l_a91fd7' are matched.

03-03-2024T16:42:42 - [MESSAGE][PASSED] - Actual text and expected text of test object 'Object Repository/SwagLab_InvalidLogins/Page_Swag Labs/h3_Epic sadface Sorry, this user has been l_a91fd7' are matched.

03-03-2024T16:42:42 - [TEST_STEP][PASSED] - setText(findTestObject("Object Repository/SwagLab_InvalidLogins/Page_Swag Labs/input_Swag Labs_user-name"), "problem_user"): Text 'problem_user' is set on object 'Object Repository/SwagLab_InvalidLogins/Page_Swag Labs/input_Swag Labs_user-name'

03-03-2024T16:43:46 - [MESSAGE][PASSED] - Text 'problem_user' is set on object 'Object Repository/SwagLab_InvalidLogins/Page_Swag Labs/input_Swag Labs_user-name'

03-03-2024T16:43:46 - [TEST_STEP][PASSED] - setEncryptedText(findTestObject("Object Repository/SwagLab_InvalidLogins/Page_Swag Labs/input_Swag Labs_password"), "qcu24s4901FyWDTwXGr6XA=="): Text ****** has been set on object 'Object Repository/SwagLab_InvalidLogins/Page_Swag Labs/input_Swag Labs_password'

03-03-2024T16:44:03 - [MESSAGE][PASSED] - Text ****** has been set on object 'Object Repository/SwagLab_InvalidLogins/Page_Swag Labs/input_Swag Labs_password'

03-03-2024T16:44:03 - [TEST_STEP][PASSED] - click(findTestObject("Object Repository/SwagLab_InvalidLogins/Page_Swag Labs/div_Epic sadface Sorry, this user has been _e43fcb")): Object: 'Object Repository/SwagLab_InvalidLogins/Page_Swag Labs/div_Epic sadface Sorry, this user has been _e43fcb' is clicked on

03-03-2024T16:44:48 - [MESSAGE][INFO] - Unable to find the element located by 'By.xpath: p'. Please recheck the objects properties to make sure the desired element is located. 

03-03-2024T16:44:48 - [MESSAGE][WARNING] - [SELF-HEALING] Failed to find element with id 'Object Repository/SwagLab_InvalidLogins/Page_Swag Labs/div_Epic sadface Sorry, this user has been _e43fcb'. Try using Self-healing.

03-03-2024T16:44:53 - [MESSAGE][WARNING] - [SELF-HEALING] The current locator of test object 'Object Repository/SwagLab_InvalidLogins/Page_Swag Labs/div_Epic sadface Sorry, this user has been _e43fcb' was broken. Propose an alternative one: '//div[@id='root']/div/div[2]/div'.

03-03-2024T16:44:53 - [MESSAGE][PASSED] - Object: 'Object Repository/SwagLab_InvalidLogins/Page_Swag Labs/div_Epic sadface Sorry, this user has been _e43fcb' is clicked on

03-03-2024T16:44:53 - [TEST_STEP][PASSED] - setEncryptedText(findTestObject("Object Repository/SwagLab_InvalidLogins/Page_Swag Labs/input_Swag Labs_password"), "qcu24s4901FFY5JMlsXrHQ=="): Text ****** has been set on object 'Object Repository/SwagLab_InvalidLogins/Page_Swag Labs/input_Swag Labs_password'

03-03-2024T16:45:01 - [MESSAGE][PASSED] - Text ****** has been set on object 'Object Repository/SwagLab_InvalidLogins/Page_Swag Labs/input_Swag Labs_password'

03-03-2024T16:45:01 - [TEST_STEP][PASSED] - click(findTestObject("Object Repository/SwagLab_InvalidLogins/Page_Swag Labs/input_Swag Labs_login-button")): Object: 'Object Repository/SwagLab_InvalidLogins/Page_Swag Labs/input_Swag Labs_login-button' is clicked on

03-03-2024T16:45:31 - [MESSAGE][PASSED] - Object: 'Object Repository/SwagLab_InvalidLogins/Page_Swag Labs/input_Swag Labs_login-button' is clicked on

03-03-2024T16:45:31 - [TEST_STEP][PASSED] - verifyElementText(findTestObject("Object Repository/SwagLab_InvalidLogins/Page_Swag Labs/h3_Epic sadface Username and password do no_0e8909"), "Epic sadface: Username and password do not match any user in this service"): Actual text and expected text of test object 'Object Repository/SwagLab_InvalidLogins/Page_Swag Labs/h3_Epic sadface Username and password do no_0e8909' are matched.

03-03-2024T16:46:02 - [MESSAGE][PASSED] - Actual text and expected text of test object 'Object Repository/SwagLab_InvalidLogins/Page_Swag Labs/h3_Epic sadface Username and password do no_0e8909' are matched.

03-03-2024T16:46:02 - [TEST_STEP][PASSED] - click(findTestObject("Object Repository/SwagLab_InvalidLogins/Page_Swag Labs/div_Epic sadface Username and password do n_e703ed")): Object: 'Object Repository/SwagLab_InvalidLogins/Page_Swag Labs/div_Epic sadface Username and password do n_e703ed' is clicked on

03-03-2024T16:46:32 - [MESSAGE][PASSED] - Object: 'Object Repository/SwagLab_InvalidLogins/Page_Swag Labs/div_Epic sadface Username and password do n_e703ed' is clicked on

03-03-2024T16:46:32 - [TEST_STEP][PASSED] - closeBrowser(): Browser is closed

03-03-2024T16:46:32 - [MESSAGE][PASSED] - Browser is closed]]></system-out>
         <system-err><![CDATA[]]></system-err>
      </testcase>
      <system-out><![CDATA[03-03-2024T16:41:34 - [TEST_SUITE][PASSED] - TS_22_SwagLab_LoginWithInvalidUser: Test Cases/SauceLabsApp/TC_22_LoginWithInvalidUser]]></system-out>
      <system-err><![CDATA[]]></system-err>
   </testsuite>
</testsuites>
