<?xml version="1.0" encoding="UTF-8"?>
<testsuites name="TS_23_SwagLab_VerifyHomePage" time="46.222" tests="1" failures="0" errors="0">
   <testsuite name="TS_23_SwagLab_VerifyHomePage" tests="1" failures="0" errors="0" time="46.222" skipped="0" timestamp="03-03-2024T16:41:50" hostname="DJ793LJ - IN3233809W1.ey.net" id="Test Suites/TS_23_SwagLab_VerifyHomePage">
      <properties>
         <property name="deviceName" value=""/>
         <property name="devicePlatform" value=""/>
         <property name="logFolder" value="C:\\Users\\DJ793LJ\\git\\Katalon-Training\\Reports\\20240303_164134\\TS_23_SwagLab_VerifyHomePage\\20240303_164134"/>
         <property name="logFiles" value="C:\\Users\\DJ793LJ\\git\\Katalon-Training\\Reports\\20240303_164134\\TS_23_SwagLab_VerifyHomePage\\20240303_164134\\execution0.log"/>
         <property name="attachments" value=""/>
         <property name="hostName" value="DJ793LJ - IN3233809W1.ey.net"/>
         <property name="os" value="Windows 10 64bit"/>
         <property name="katalonVersion" value="9.3.1.212"/>
         <property name="browser" value="Edge Chromium 122"/>
         <property name="hostAddress" value="192.168.2.5"/>
         <property name="sessionId" value="4c485cf076ce800f24f0fd298f7d40d9"/>
         <property name="seleniumVersion" value="3.141.59"/>
         <property name="proxyInformation" value="ProxyInformation { proxyOption=NO_PROXY, proxyServerType=HTTP, username=, password=********, proxyServerAddress=, proxyServerPort=0, executionList=&quot;&quot;, isApplyToDesiredCapabilities=true }"/>
         <property name="platform" value="Windows 10"/>
      </properties>
      <testcase name="Test Cases/SauceLabsApp/TC_23_VerfiyHomePage" time="45.188" classname="Test Cases/SauceLabsApp/TC_23_VerfiyHomePage" status="PASSED">
         <system-out><![CDATA[03-03-2024T16:41:51 - [TEST_CASE][PASSED] - Test Cases/SauceLabsApp/TC_23_VerfiyHomePage: Test Cases/SauceLabsApp/TC_23_VerfiyHomePage

03-03-2024T16:41:52 - [TEST_STEP][PASSED] - callTestCase(findTestCase("SauceLabsApp/TC_21_LoginWithValidUser"), [:], STOP_ON_FAILURE): Call Test Case 'Test Cases/SauceLabsApp/TC_21_LoginWithValidUser' successfully

03-03-2024T16:41:53 - [TEST_CASE][PASSED] - Test Cases/SauceLabsApp/TC_21_LoginWithValidUser: Test Cases/SauceLabsApp/TC_21_LoginWithValidUser

03-03-2024T16:41:53 - [TEST_STEP][PASSED] - openBrowser(""): Browser is opened with url: ''

03-03-2024T16:41:54 - [MESSAGE][INFO] - Starting 'Edge Chromium' driver

03-03-2024T16:41:58 - [MESSAGE][INFO] - Action delay is set to 0 milliseconds

03-03-2024T16:42:06 - [MESSAGE][PASSED] - Browser is opened with url: ''

03-03-2024T16:42:06 - [TEST_STEP][PASSED] - navigateToUrl("https://www.saucedemo.com/"): Navigate to 'https://www.saucedemo.com/' successfully

03-03-2024T16:42:08 - [MESSAGE][PASSED] - Navigate to 'https://www.saucedemo.com/' successfully

03-03-2024T16:42:08 - [TEST_STEP][PASSED] - maximizeWindow(): Current window maximized

03-03-2024T16:42:16 - [MESSAGE][PASSED] - Current window maximized

03-03-2024T16:42:16 - [TEST_STEP][PASSED] - verifyElementPresent(findTestObject("Object Repository/SwagLab_LoginWithValidUser/Page_Swag Labs/div_Swag Labs"), 0): Object 'Object Repository/SwagLab_LoginWithValidUser/Page_Swag Labs/div_Swag Labs' is present

03-03-2024T16:42:17 - [MESSAGE][WARNING] - Timeout '0' is invalid. Using default page load timeout: '30'

03-03-2024T16:42:18 - [MESSAGE][PASSED] - Object 'Object Repository/SwagLab_LoginWithValidUser/Page_Swag Labs/div_Swag Labs' is present

03-03-2024T16:42:18 - [TEST_STEP][PASSED] - setText(findTestObject("Object Repository/SwagLab_LoginWithValidUser/Page_Swag Labs/input_Swag Labs_user-name"), "standard_user"): Text 'standard_user' is set on object 'Object Repository/SwagLab_LoginWithValidUser/Page_Swag Labs/input_Swag Labs_user-name'

03-03-2024T16:42:23 - [MESSAGE][PASSED] - Text 'standard_user' is set on object 'Object Repository/SwagLab_LoginWithValidUser/Page_Swag Labs/input_Swag Labs_user-name'

03-03-2024T16:42:23 - [TEST_STEP][PASSED] - setEncryptedText(findTestObject("Object Repository/SwagLab_LoginWithValidUser/Page_Swag Labs/input_Swag Labs_password"), "qcu24s4901FyWDTwXGr6XA=="): Text ****** has been set on object 'Object Repository/SwagLab_LoginWithValidUser/Page_Swag Labs/input_Swag Labs_password'

03-03-2024T16:42:24 - [MESSAGE][PASSED] - Text ****** has been set on object 'Object Repository/SwagLab_LoginWithValidUser/Page_Swag Labs/input_Swag Labs_password'

03-03-2024T16:42:24 - [TEST_STEP][PASSED] - click(findTestObject("Object Repository/SwagLab_LoginWithValidUser/Page_Swag Labs/input_Swag Labs_login-button")): Object: 'Object Repository/SwagLab_LoginWithValidUser/Page_Swag Labs/input_Swag Labs_login-button' is clicked on

03-03-2024T16:42:28 - [MESSAGE][PASSED] - Object: 'Object Repository/SwagLab_LoginWithValidUser/Page_Swag Labs/input_Swag Labs_login-button' is clicked on

03-03-2024T16:42:28 - [TEST_STEP][PASSED] - waitForElementVisible(findTestObject("Object Repository/SwagLab_LoginWithValidUser/Page_Swag Labs/div_Swag Labs"), 0): Object 'Object Repository/SwagLab_LoginWithValidUser/Page_Swag Labs/div_Swag Labs' is visible

03-03-2024T16:42:28 - [MESSAGE][WARNING] - Timeout '0' is invalid. Using default page load timeout: '30'

03-03-2024T16:42:29 - [MESSAGE][PASSED] - Object 'Object Repository/SwagLab_LoginWithValidUser/Page_Swag Labs/div_Swag Labs' is visible

03-03-2024T16:42:29 - [TEST_STEP][PASSED] - verifyElementPresent(findTestObject("SwagLab_LoginWithValidUser/Page_Swag Labs/div_Swag Labs"), 0): Object 'Object Repository/SwagLab_LoginWithValidUser/Page_Swag Labs/div_Swag Labs' is present

03-03-2024T16:42:29 - [MESSAGE][WARNING] - Timeout '0' is invalid. Using default page load timeout: '30'

03-03-2024T16:42:29 - [MESSAGE][PASSED] - Object 'Object Repository/SwagLab_LoginWithValidUser/Page_Swag Labs/div_Swag Labs' is present

03-03-2024T16:42:29 - [MESSAGE][PASSED] - Call Test Case 'Test Cases/SauceLabsApp/TC_21_LoginWithValidUser' successfully

03-03-2024T16:42:29 - [TEST_STEP][PASSED] - click(findTestObject("Object Repository/SwagLab_VerifyHomePage/Page_Swag Labs/button_Open Menu")): Object: 'Object Repository/SwagLab_VerifyHomePage/Page_Swag Labs/button_Open Menu' is clicked on

03-03-2024T16:42:30 - [MESSAGE][PASSED] - Object: 'Object Repository/SwagLab_VerifyHomePage/Page_Swag Labs/button_Open Menu' is clicked on

03-03-2024T16:42:30 - [TEST_STEP][PASSED] - verifyElementText(findTestObject("Object Repository/SwagLab_VerifyHomePage/Page_Swag Labs/a_All Items"), "All Items"): Actual text and expected text of test object 'Object Repository/SwagLab_VerifyHomePage/Page_Swag Labs/a_All Items' are matched.

03-03-2024T16:42:30 - [MESSAGE][PASSED] - Actual text and expected text of test object 'Object Repository/SwagLab_VerifyHomePage/Page_Swag Labs/a_All Items' are matched.

03-03-2024T16:42:30 - [TEST_STEP][PASSED] - verifyElementText(findTestObject("Object Repository/SwagLab_VerifyHomePage/Page_Swag Labs/a_About"), "About"): Actual text and expected text of test object 'Object Repository/SwagLab_VerifyHomePage/Page_Swag Labs/a_About' are matched.

03-03-2024T16:42:31 - [MESSAGE][PASSED] - Actual text and expected text of test object 'Object Repository/SwagLab_VerifyHomePage/Page_Swag Labs/a_About' are matched.

03-03-2024T16:42:31 - [TEST_STEP][PASSED] - verifyElementText(findTestObject("Object Repository/SwagLab_VerifyHomePage/Page_Swag Labs/a_Logout"), "Logout"): Actual text and expected text of test object 'Object Repository/SwagLab_VerifyHomePage/Page_Swag Labs/a_Logout' are matched.

03-03-2024T16:42:31 - [MESSAGE][PASSED] - Actual text and expected text of test object 'Object Repository/SwagLab_VerifyHomePage/Page_Swag Labs/a_Logout' are matched.

03-03-2024T16:42:31 - [TEST_STEP][PASSED] - verifyElementText(findTestObject("Object Repository/SwagLab_VerifyHomePage/Page_Swag Labs/a_Reset App State"), "Reset App State"): Actual text and expected text of test object 'Object Repository/SwagLab_VerifyHomePage/Page_Swag Labs/a_Reset App State' are matched.

03-03-2024T16:42:32 - [MESSAGE][PASSED] - Actual text and expected text of test object 'Object Repository/SwagLab_VerifyHomePage/Page_Swag Labs/a_Reset App State' are matched.

03-03-2024T16:42:32 - [TEST_STEP][PASSED] - click(findTestObject("Object Repository/SwagLab_VerifyHomePage/Page_Swag Labs/button_Close Menu")): Object: 'Object Repository/SwagLab_VerifyHomePage/Page_Swag Labs/button_Close Menu' is clicked on

03-03-2024T16:42:33 - [MESSAGE][PASSED] - Object: 'Object Repository/SwagLab_VerifyHomePage/Page_Swag Labs/button_Close Menu' is clicked on

03-03-2024T16:42:33 - [TEST_STEP][PASSED] - verifyElementVisible(findTestObject("Object Repository/SwagLab_VerifyHomePage/Page_Swag Labs/a_Swag Labs_shopping_cart_link")): Object 'Object Repository/SwagLab_VerifyHomePage/Page_Swag Labs/a_Swag Labs_shopping_cart_link' is visible

03-03-2024T16:42:34 - [MESSAGE][PASSED] - Object 'Object Repository/SwagLab_VerifyHomePage/Page_Swag Labs/a_Swag Labs_shopping_cart_link' is visible

03-03-2024T16:42:34 - [TEST_STEP][PASSED] - closeBrowser(): Browser is closed

03-03-2024T16:42:36 - [MESSAGE][PASSED] - Browser is closed]]></system-out>
         <system-err><![CDATA[]]></system-err>
      </testcase>
      <system-out><![CDATA[03-03-2024T16:41:50 - [TEST_SUITE][PASSED] - TS_23_SwagLab_VerifyHomePage: Test Cases/SauceLabsApp/TC_23_VerfiyHomePage]]></system-out>
      <system-err><![CDATA[]]></system-err>
   </testsuite>
</testsuites>
