<?xml version="1.0" encoding="UTF-8"?>
<testsuites name="TS_26_SwagLab_RemoveItemsFromCart" time="38.018" tests="1" failures="0" errors="0">
   <testsuite name="TS_26_SwagLab_RemoveItemsFromCart" tests="1" failures="0" errors="0" time="38.018" skipped="0" timestamp="09-03-2024T11:45:04" hostname="DJ793LJ - IN3233809W1.ey.net" id="Test Suites/TS_26_SwagLab_RemoveItemsFromCart">
      <properties>
         <property name="deviceName" value=""/>
         <property name="devicePlatform" value=""/>
         <property name="logFolder" value="C:\\Users\\DJ793LJ\\git\\Katalon-Training\\Reports\\20240309_113709\\TS_26_SwagLab_RemoveItemsFromCart\\20240309_113720"/>
         <property name="logFiles" value="C:\\Users\\DJ793LJ\\git\\Katalon-Training\\Reports\\20240309_113709\\TS_26_SwagLab_RemoveItemsFromCart\\20240309_113720\\execution0.log"/>
         <property name="attachments" value=""/>
         <property name="hostName" value="DJ793LJ - IN3233809W1.ey.net"/>
         <property name="os" value="Windows 10 64bit"/>
         <property name="katalonVersion" value="9.3.1.212"/>
         <property name="browser" value="Edge Chromium 122"/>
         <property name="hostAddress" value="192.168.2.5"/>
         <property name="sessionId" value="4ce00c78992213facefa750aa3a4e4fb"/>
         <property name="seleniumVersion" value="3.141.59"/>
         <property name="proxyInformation" value="ProxyInformation { proxyOption=NO_PROXY, proxyServerType=HTTP, username=, password=********, proxyServerAddress=, proxyServerPort=0, executionList=&quot;&quot;, isApplyToDesiredCapabilities=true }"/>
         <property name="platform" value="Windows 10"/>
      </properties>
      <testcase name="Test Cases/SauceLabsApp/TC_26_RemoveItemsFromCart" time="37.493" classname="Test Cases/SauceLabsApp/TC_26_RemoveItemsFromCart" status="PASSED">
         <system-out><![CDATA[09-03-2024T11:45:04 - [TEST_CASE][PASSED] - Test Cases/SauceLabsApp/TC_26_RemoveItemsFromCart: Test Cases/SauceLabsApp/TC_26_RemoveItemsFromCart

09-03-2024T11:45:05 - [TEST_STEP][PASSED] - callTestCase(findTestCase("SauceLabsApp/TC_21_LoginWithValidUser"), [:], STOP_ON_FAILURE): Call Test Case 'Test Cases/SauceLabsApp/TC_21_LoginWithValidUser' successfully

09-03-2024T11:45:06 - [TEST_CASE][PASSED] - Test Cases/SauceLabsApp/TC_21_LoginWithValidUser: Test Cases/SauceLabsApp/TC_21_LoginWithValidUser

09-03-2024T11:45:06 - [TEST_STEP][PASSED] - openBrowser(""): Browser is opened with url: ''

09-03-2024T11:45:06 - [MESSAGE][INFO] - Starting 'Edge Chromium' driver

09-03-2024T11:45:08 - [MESSAGE][INFO] - Action delay is set to 0 milliseconds

09-03-2024T11:45:10 - [MESSAGE][PASSED] - Browser is opened with url: ''

09-03-2024T11:45:10 - [TEST_STEP][PASSED] - navigateToUrl("https://www.saucedemo.com/"): Navigate to 'https://www.saucedemo.com/' successfully

09-03-2024T11:45:14 - [MESSAGE][PASSED] - Navigate to 'https://www.saucedemo.com/' successfully

09-03-2024T11:45:14 - [TEST_STEP][PASSED] - maximizeWindow(): Current window maximized

09-03-2024T11:45:14 - [MESSAGE][PASSED] - Current window maximized

09-03-2024T11:45:14 - [TEST_STEP][PASSED] - verifyElementPresent(findTestObject("Object Repository/SwagLab_LoginWithValidUser/Page_Swag Labs/div_Swag Labs"), 0): Object 'Object Repository/SwagLab_LoginWithValidUser/Page_Swag Labs/div_Swag Labs' is present

09-03-2024T11:45:14 - [MESSAGE][WARNING] - Timeout '0' is invalid. Using default page load timeout: '30'

09-03-2024T11:45:15 - [MESSAGE][PASSED] - Object 'Object Repository/SwagLab_LoginWithValidUser/Page_Swag Labs/div_Swag Labs' is present

09-03-2024T11:45:15 - [TEST_STEP][PASSED] - setText(findTestObject("Object Repository/SwagLab_LoginWithValidUser/Page_Swag Labs/input_Swag Labs_user-name"), "standard_user"): Text 'standard_user' is set on object 'Object Repository/SwagLab_LoginWithValidUser/Page_Swag Labs/input_Swag Labs_user-name'

09-03-2024T11:45:16 - [MESSAGE][PASSED] - Text 'standard_user' is set on object 'Object Repository/SwagLab_LoginWithValidUser/Page_Swag Labs/input_Swag Labs_user-name'

09-03-2024T11:45:16 - [TEST_STEP][PASSED] - setEncryptedText(findTestObject("Object Repository/SwagLab_LoginWithValidUser/Page_Swag Labs/input_Swag Labs_password"), "qcu24s4901FyWDTwXGr6XA=="): Text ****** has been set on object 'Object Repository/SwagLab_LoginWithValidUser/Page_Swag Labs/input_Swag Labs_password'

09-03-2024T11:45:18 - [MESSAGE][PASSED] - Text ****** has been set on object 'Object Repository/SwagLab_LoginWithValidUser/Page_Swag Labs/input_Swag Labs_password'

09-03-2024T11:45:18 - [TEST_STEP][PASSED] - click(findTestObject("Object Repository/SwagLab_LoginWithValidUser/Page_Swag Labs/input_Swag Labs_login-button")): Object: 'Object Repository/SwagLab_LoginWithValidUser/Page_Swag Labs/input_Swag Labs_login-button' is clicked on

09-03-2024T11:45:20 - [MESSAGE][PASSED] - Object: 'Object Repository/SwagLab_LoginWithValidUser/Page_Swag Labs/input_Swag Labs_login-button' is clicked on

09-03-2024T11:45:20 - [TEST_STEP][PASSED] - waitForElementVisible(findTestObject("Object Repository/SwagLab_LoginWithValidUser/Page_Swag Labs/div_Swag Labs"), 0): Object 'Object Repository/SwagLab_LoginWithValidUser/Page_Swag Labs/div_Swag Labs' is visible

09-03-2024T11:45:20 - [MESSAGE][WARNING] - Timeout '0' is invalid. Using default page load timeout: '30'

09-03-2024T11:45:21 - [MESSAGE][PASSED] - Object 'Object Repository/SwagLab_LoginWithValidUser/Page_Swag Labs/div_Swag Labs' is visible

09-03-2024T11:45:21 - [TEST_STEP][PASSED] - verifyElementPresent(findTestObject("SwagLab_LoginWithValidUser/Page_Swag Labs/div_Swag Labs"), 0): Object 'Object Repository/SwagLab_LoginWithValidUser/Page_Swag Labs/div_Swag Labs' is present

09-03-2024T11:45:22 - [MESSAGE][WARNING] - Timeout '0' is invalid. Using default page load timeout: '30'

09-03-2024T11:45:24 - [MESSAGE][PASSED] - Object 'Object Repository/SwagLab_LoginWithValidUser/Page_Swag Labs/div_Swag Labs' is present

09-03-2024T11:45:24 - [MESSAGE][PASSED] - Call Test Case 'Test Cases/SauceLabsApp/TC_21_LoginWithValidUser' successfully

09-03-2024T11:45:24 - [TEST_STEP][PASSED] - click(findTestObject("Object Repository/SwagLab_RemoveItemsFromCart/Page_Swag Labs/button_Add to cart")): Object: 'Object Repository/SwagLab_RemoveItemsFromCart/Page_Swag Labs/button_Add to cart' is clicked on

09-03-2024T11:45:26 - [MESSAGE][PASSED] - Object: 'Object Repository/SwagLab_RemoveItemsFromCart/Page_Swag Labs/button_Add to cart' is clicked on

09-03-2024T11:45:26 - [TEST_STEP][PASSED] - click(findTestObject("Object Repository/SwagLab_RemoveItemsFromCart/Page_Swag Labs/button_Add to cart_1")): Object: 'Object Repository/SwagLab_RemoveItemsFromCart/Page_Swag Labs/button_Add to cart_1' is clicked on

09-03-2024T11:45:28 - [MESSAGE][PASSED] - Object: 'Object Repository/SwagLab_RemoveItemsFromCart/Page_Swag Labs/button_Add to cart_1' is clicked on

09-03-2024T11:45:28 - [TEST_STEP][PASSED] - verifyElementText(findTestObject("Object Repository/SwagLab_RemoveItemsFromCart/Page_Swag Labs/button_Remove"), "Remove"): Actual text and expected text of test object 'Object Repository/SwagLab_RemoveItemsFromCart/Page_Swag Labs/button_Remove' are matched.

09-03-2024T11:45:29 - [MESSAGE][PASSED] - Actual text and expected text of test object 'Object Repository/SwagLab_RemoveItemsFromCart/Page_Swag Labs/button_Remove' are matched.

09-03-2024T11:45:29 - [TEST_STEP][PASSED] - click(findTestObject("Object Repository/SwagLab_RemoveItemsFromCart/Page_Swag Labs/button_Remove")): Object: 'Object Repository/SwagLab_RemoveItemsFromCart/Page_Swag Labs/button_Remove' is clicked on

09-03-2024T11:45:32 - [MESSAGE][PASSED] - Object: 'Object Repository/SwagLab_RemoveItemsFromCart/Page_Swag Labs/button_Remove' is clicked on

09-03-2024T11:45:32 - [TEST_STEP][PASSED] - click(findTestObject("Object Repository/SwagLab_RemoveItemsFromCart/Page_Swag Labs/a_1")): Object: 'Object Repository/SwagLab_RemoveItemsFromCart/Page_Swag Labs/a_1' is clicked on

09-03-2024T11:45:34 - [MESSAGE][PASSED] - Object: 'Object Repository/SwagLab_RemoveItemsFromCart/Page_Swag Labs/a_1' is clicked on

09-03-2024T11:45:34 - [TEST_STEP][PASSED] - verifyElementText(findTestObject("Object Repository/SwagLab_RemoveItemsFromCart/Page_Swag Labs/span_Your Cart"), "Your Cart"): Actual text and expected text of test object 'Object Repository/SwagLab_RemoveItemsFromCart/Page_Swag Labs/span_Your Cart' are matched.

09-03-2024T11:45:36 - [MESSAGE][PASSED] - Actual text and expected text of test object 'Object Repository/SwagLab_RemoveItemsFromCart/Page_Swag Labs/span_Your Cart' are matched.

09-03-2024T11:45:36 - [TEST_STEP][PASSED] - verifyElementVisible(findTestObject("Object Repository/SwagLab_RemoveItemsFromCart/Page_Swag Labs/div_1")): Object 'Object Repository/SwagLab_RemoveItemsFromCart/Page_Swag Labs/div_1' is visible

09-03-2024T11:45:38 - [MESSAGE][PASSED] - Object 'Object Repository/SwagLab_RemoveItemsFromCart/Page_Swag Labs/div_1' is visible

09-03-2024T11:45:38 - [TEST_STEP][PASSED] - verifyElementText(findTestObject("Object Repository/SwagLab_RemoveItemsFromCart/Page_Swag Labs/button_Remove_1"), "Remove"): Actual text and expected text of test object 'Object Repository/SwagLab_RemoveItemsFromCart/Page_Swag Labs/button_Remove_1' are matched.

09-03-2024T11:45:40 - [MESSAGE][PASSED] - Actual text and expected text of test object 'Object Repository/SwagLab_RemoveItemsFromCart/Page_Swag Labs/button_Remove_1' are matched.

09-03-2024T11:45:40 - [TEST_STEP][PASSED] - click(findTestObject("Object Repository/SwagLab_RemoveItemsFromCart/Page_Swag Labs/button_Remove_1")): Object: 'Object Repository/SwagLab_RemoveItemsFromCart/Page_Swag Labs/button_Remove_1' is clicked on

09-03-2024T11:45:42 - [MESSAGE][PASSED] - Object: 'Object Repository/SwagLab_RemoveItemsFromCart/Page_Swag Labs/button_Remove_1' is clicked on

09-03-2024T11:45:42 - [TEST_STEP][PASSED] - closeBrowser(): Browser is closed

09-03-2024T11:45:42 - [MESSAGE][PASSED] - Browser is closed]]></system-out>
         <system-err><![CDATA[]]></system-err>
      </testcase>
      <system-out><![CDATA[09-03-2024T11:45:04 - [TEST_SUITE][PASSED] - TS_26_SwagLab_RemoveItemsFromCart: Test Cases/SauceLabsApp/TC_26_RemoveItemsFromCart]]></system-out>
      <system-err><![CDATA[]]></system-err>
   </testsuite>
</testsuites>
