<?xml version="1.0" encoding="UTF-8"?>
<testsuites name="TS_27_SwagLab_VerifyCheckoutPage" time="44.102" tests="1" failures="0" errors="0">
   <testsuite name="TS_27_SwagLab_VerifyCheckoutPage" tests="1" failures="0" errors="0" time="44.102" skipped="0" timestamp="09-03-2024T11:45:59" hostname="DJ793LJ - IN3233809W1.ey.net" id="Test Suites/TS_27_SwagLab_VerifyCheckoutPage">
      <properties>
         <property name="deviceName" value=""/>
         <property name="devicePlatform" value=""/>
         <property name="logFolder" value="C:\\Users\\DJ793LJ\\git\\Katalon-Training\\Reports\\20240309_113709\\TS_27_SwagLab_VerifyCheckoutPage\\20240309_113722"/>
         <property name="logFiles" value="C:\\Users\\DJ793LJ\\git\\Katalon-Training\\Reports\\20240309_113709\\TS_27_SwagLab_VerifyCheckoutPage\\20240309_113722\\execution0.log"/>
         <property name="attachments" value=""/>
         <property name="hostName" value="DJ793LJ - IN3233809W1.ey.net"/>
         <property name="os" value="Windows 10 64bit"/>
         <property name="katalonVersion" value="9.3.1.212"/>
         <property name="browser" value="Edge Chromium 122"/>
         <property name="hostAddress" value="192.168.2.5"/>
         <property name="sessionId" value="df80ec05fe2def2e3772918e6c7f7c19"/>
         <property name="seleniumVersion" value="3.141.59"/>
         <property name="proxyInformation" value="ProxyInformation { proxyOption=NO_PROXY, proxyServerType=HTTP, username=, password=********, proxyServerAddress=, proxyServerPort=0, executionList=&quot;&quot;, isApplyToDesiredCapabilities=true }"/>
         <property name="platform" value="Windows 10"/>
      </properties>
      <testcase name="Test Cases/SauceLabsApp/TC_27_VerifyCheckoutPage" time="43.895" classname="Test Cases/SauceLabsApp/TC_27_VerifyCheckoutPage" status="PASSED">
         <system-out><![CDATA[09-03-2024T11:45:59 - [TEST_CASE][PASSED] - Test Cases/SauceLabsApp/TC_27_VerifyCheckoutPage: Test Cases/SauceLabsApp/TC_27_VerifyCheckoutPage

09-03-2024T11:45:59 - [TEST_STEP][PASSED] - callTestCase(findTestCase("SauceLabsApp/TC_21_LoginWithValidUser"), [:], STOP_ON_FAILURE): Call Test Case 'Test Cases/SauceLabsApp/TC_21_LoginWithValidUser' successfully

09-03-2024T11:46:00 - [TEST_CASE][PASSED] - Test Cases/SauceLabsApp/TC_21_LoginWithValidUser: Test Cases/SauceLabsApp/TC_21_LoginWithValidUser

09-03-2024T11:46:00 - [TEST_STEP][PASSED] - openBrowser(""): Browser is opened with url: ''

09-03-2024T11:46:00 - [MESSAGE][INFO] - Starting 'Edge Chromium' driver

09-03-2024T11:46:01 - [MESSAGE][INFO] - Action delay is set to 0 milliseconds

09-03-2024T11:46:03 - [MESSAGE][PASSED] - Browser is opened with url: ''

09-03-2024T11:46:03 - [TEST_STEP][PASSED] - navigateToUrl("https://www.saucedemo.com/"): Navigate to 'https://www.saucedemo.com/' successfully

09-03-2024T11:46:05 - [MESSAGE][PASSED] - Navigate to 'https://www.saucedemo.com/' successfully

09-03-2024T11:46:05 - [TEST_STEP][PASSED] - maximizeWindow(): Current window maximized

09-03-2024T11:46:08 - [MESSAGE][PASSED] - Current window maximized

09-03-2024T11:46:08 - [TEST_STEP][PASSED] - verifyElementPresent(findTestObject("Object Repository/SwagLab_LoginWithValidUser/Page_Swag Labs/div_Swag Labs"), 0): Object 'Object Repository/SwagLab_LoginWithValidUser/Page_Swag Labs/div_Swag Labs' is present

09-03-2024T11:46:08 - [MESSAGE][WARNING] - Timeout '0' is invalid. Using default page load timeout: '30'

09-03-2024T11:46:08 - [MESSAGE][PASSED] - Object 'Object Repository/SwagLab_LoginWithValidUser/Page_Swag Labs/div_Swag Labs' is present

09-03-2024T11:46:08 - [TEST_STEP][PASSED] - setText(findTestObject("Object Repository/SwagLab_LoginWithValidUser/Page_Swag Labs/input_Swag Labs_user-name"), "standard_user"): Text 'standard_user' is set on object 'Object Repository/SwagLab_LoginWithValidUser/Page_Swag Labs/input_Swag Labs_user-name'

09-03-2024T11:46:09 - [MESSAGE][PASSED] - Text 'standard_user' is set on object 'Object Repository/SwagLab_LoginWithValidUser/Page_Swag Labs/input_Swag Labs_user-name'

09-03-2024T11:46:09 - [TEST_STEP][PASSED] - setEncryptedText(findTestObject("Object Repository/SwagLab_LoginWithValidUser/Page_Swag Labs/input_Swag Labs_password"), "qcu24s4901FyWDTwXGr6XA=="): Text ****** has been set on object 'Object Repository/SwagLab_LoginWithValidUser/Page_Swag Labs/input_Swag Labs_password'

09-03-2024T11:46:10 - [MESSAGE][PASSED] - Text ****** has been set on object 'Object Repository/SwagLab_LoginWithValidUser/Page_Swag Labs/input_Swag Labs_password'

09-03-2024T11:46:10 - [TEST_STEP][PASSED] - click(findTestObject("Object Repository/SwagLab_LoginWithValidUser/Page_Swag Labs/input_Swag Labs_login-button")): Object: 'Object Repository/SwagLab_LoginWithValidUser/Page_Swag Labs/input_Swag Labs_login-button' is clicked on

09-03-2024T11:46:11 - [MESSAGE][PASSED] - Object: 'Object Repository/SwagLab_LoginWithValidUser/Page_Swag Labs/input_Swag Labs_login-button' is clicked on

09-03-2024T11:46:11 - [TEST_STEP][PASSED] - waitForElementVisible(findTestObject("Object Repository/SwagLab_LoginWithValidUser/Page_Swag Labs/div_Swag Labs"), 0): Object 'Object Repository/SwagLab_LoginWithValidUser/Page_Swag Labs/div_Swag Labs' is visible

09-03-2024T11:46:11 - [MESSAGE][WARNING] - Timeout '0' is invalid. Using default page load timeout: '30'

09-03-2024T11:46:12 - [MESSAGE][PASSED] - Object 'Object Repository/SwagLab_LoginWithValidUser/Page_Swag Labs/div_Swag Labs' is visible

09-03-2024T11:46:12 - [TEST_STEP][PASSED] - verifyElementPresent(findTestObject("SwagLab_LoginWithValidUser/Page_Swag Labs/div_Swag Labs"), 0): Object 'Object Repository/SwagLab_LoginWithValidUser/Page_Swag Labs/div_Swag Labs' is present

09-03-2024T11:46:12 - [MESSAGE][WARNING] - Timeout '0' is invalid. Using default page load timeout: '30'

09-03-2024T11:46:12 - [MESSAGE][PASSED] - Object 'Object Repository/SwagLab_LoginWithValidUser/Page_Swag Labs/div_Swag Labs' is present

09-03-2024T11:46:12 - [MESSAGE][PASSED] - Call Test Case 'Test Cases/SauceLabsApp/TC_21_LoginWithValidUser' successfully

09-03-2024T11:46:12 - [TEST_STEP][PASSED] - click(findTestObject("Object Repository/SwagLab_VerifyCheckoutPage/Page_Swag Labs/button_Add to cart")): Object: 'Object Repository/SwagLab_VerifyCheckoutPage/Page_Swag Labs/button_Add to cart' is clicked on

09-03-2024T11:46:15 - [MESSAGE][PASSED] - Object: 'Object Repository/SwagLab_VerifyCheckoutPage/Page_Swag Labs/button_Add to cart' is clicked on

09-03-2024T11:46:15 - [TEST_STEP][PASSED] - click(findTestObject("Object Repository/SwagLab_VerifyCheckoutPage/Page_Swag Labs/a_1")): Object: 'Object Repository/SwagLab_VerifyCheckoutPage/Page_Swag Labs/a_1' is clicked on

09-03-2024T11:46:17 - [MESSAGE][PASSED] - Object: 'Object Repository/SwagLab_VerifyCheckoutPage/Page_Swag Labs/a_1' is clicked on

09-03-2024T11:46:17 - [TEST_STEP][PASSED] - click(findTestObject("Object Repository/SwagLab_VerifyCheckoutPage/Page_Swag Labs/button_Checkout")): Object: 'Object Repository/SwagLab_VerifyCheckoutPage/Page_Swag Labs/button_Checkout' is clicked on

09-03-2024T11:46:19 - [MESSAGE][PASSED] - Object: 'Object Repository/SwagLab_VerifyCheckoutPage/Page_Swag Labs/button_Checkout' is clicked on

09-03-2024T11:46:19 - [TEST_STEP][PASSED] - verifyElementText(findTestObject("Object Repository/SwagLab_VerifyCheckoutPage/Page_Swag Labs/span_Checkout Your Information"), "Checkout: Your Information"): Actual text and expected text of test object 'Object Repository/SwagLab_VerifyCheckoutPage/Page_Swag Labs/span_Checkout Your Information' are matched.

09-03-2024T11:46:21 - [MESSAGE][PASSED] - Actual text and expected text of test object 'Object Repository/SwagLab_VerifyCheckoutPage/Page_Swag Labs/span_Checkout Your Information' are matched.

09-03-2024T11:46:21 - [TEST_STEP][PASSED] - setText(findTestObject("Object Repository/SwagLab_VerifyCheckoutPage/Page_Swag Labs/input_Checkout Your Information_firstName"), "Bruvie"): Text 'Bruvie' is set on object 'Object Repository/SwagLab_VerifyCheckoutPage/Page_Swag Labs/input_Checkout Your Information_firstName'

09-03-2024T11:46:25 - [MESSAGE][PASSED] - Text 'Bruvie' is set on object 'Object Repository/SwagLab_VerifyCheckoutPage/Page_Swag Labs/input_Checkout Your Information_firstName'

09-03-2024T11:46:25 - [TEST_STEP][PASSED] - setText(findTestObject("Object Repository/SwagLab_VerifyCheckoutPage/Page_Swag Labs/input_Checkout Your Information_lastName"), "MArtins"): Text 'MArtins' is set on object 'Object Repository/SwagLab_VerifyCheckoutPage/Page_Swag Labs/input_Checkout Your Information_lastName'

09-03-2024T11:46:29 - [MESSAGE][PASSED] - Text 'MArtins' is set on object 'Object Repository/SwagLab_VerifyCheckoutPage/Page_Swag Labs/input_Checkout Your Information_lastName'

09-03-2024T11:46:29 - [TEST_STEP][PASSED] - setText(findTestObject("Object Repository/SwagLab_VerifyCheckoutPage/Page_Swag Labs/input_Checkout Your Information_postalCode"), "433333"): Text '433333' is set on object 'Object Repository/SwagLab_VerifyCheckoutPage/Page_Swag Labs/input_Checkout Your Information_postalCode'

09-03-2024T11:46:33 - [MESSAGE][PASSED] - Text '433333' is set on object 'Object Repository/SwagLab_VerifyCheckoutPage/Page_Swag Labs/input_Checkout Your Information_postalCode'

09-03-2024T11:46:33 - [TEST_STEP][PASSED] - click(findTestObject("Object Repository/SwagLab_VerifyCheckoutPage/Page_Swag Labs/input_Cancel_continue")): Object: 'Object Repository/SwagLab_VerifyCheckoutPage/Page_Swag Labs/input_Cancel_continue' is clicked on

09-03-2024T11:46:35 - [MESSAGE][PASSED] - Object: 'Object Repository/SwagLab_VerifyCheckoutPage/Page_Swag Labs/input_Cancel_continue' is clicked on

09-03-2024T11:46:35 - [TEST_STEP][PASSED] - verifyElementText(findTestObject("Object Repository/SwagLab_VerifyCheckoutPage/Page_Swag Labs/span_Checkout Overview"), "Checkout: Overview"): Actual text and expected text of test object 'Object Repository/SwagLab_VerifyCheckoutPage/Page_Swag Labs/span_Checkout Overview' are matched.

09-03-2024T11:46:36 - [MESSAGE][PASSED] - Actual text and expected text of test object 'Object Repository/SwagLab_VerifyCheckoutPage/Page_Swag Labs/span_Checkout Overview' are matched.

09-03-2024T11:46:36 - [TEST_STEP][PASSED] - verifyElementText(findTestObject("Object Repository/SwagLab_VerifyCheckoutPage/Page_Swag Labs/div_Payment Information"), "Payment Information"): Actual text and expected text of test object 'Object Repository/SwagLab_VerifyCheckoutPage/Page_Swag Labs/div_Payment Information' are matched.

09-03-2024T11:46:39 - [MESSAGE][PASSED] - Actual text and expected text of test object 'Object Repository/SwagLab_VerifyCheckoutPage/Page_Swag Labs/div_Payment Information' are matched.

09-03-2024T11:46:39 - [TEST_STEP][PASSED] - verifyElementText(findTestObject("Object Repository/SwagLab_VerifyCheckoutPage/Page_Swag Labs/div_Shipping Information"), "Shipping Information"): Actual text and expected text of test object 'Object Repository/SwagLab_VerifyCheckoutPage/Page_Swag Labs/div_Shipping Information' are matched.

09-03-2024T11:46:41 - [MESSAGE][PASSED] - Actual text and expected text of test object 'Object Repository/SwagLab_VerifyCheckoutPage/Page_Swag Labs/div_Shipping Information' are matched.

09-03-2024T11:46:41 - [TEST_STEP][PASSED] - verifyElementText(findTestObject("Object Repository/SwagLab_VerifyCheckoutPage/Page_Swag Labs/div_Price Total"), "Price Total"): Actual text and expected text of test object 'Object Repository/SwagLab_VerifyCheckoutPage/Page_Swag Labs/div_Price Total' are matched.

09-03-2024T11:46:43 - [MESSAGE][PASSED] - Actual text and expected text of test object 'Object Repository/SwagLab_VerifyCheckoutPage/Page_Swag Labs/div_Price Total' are matched.

09-03-2024T11:46:43 - [TEST_STEP][PASSED] - closeBrowser(): Browser is closed

09-03-2024T11:46:43 - [MESSAGE][PASSED] - Browser is closed]]></system-out>
         <system-err><![CDATA[]]></system-err>
      </testcase>
      <system-out><![CDATA[09-03-2024T11:45:59 - [TEST_SUITE][PASSED] - TS_27_SwagLab_VerifyCheckoutPage: Test Cases/SauceLabsApp/TC_27_VerifyCheckoutPage]]></system-out>
      <system-err><![CDATA[]]></system-err>
   </testsuite>
</testsuites>
