<?xml version="1.0" encoding="UTF-8"?>
<testsuites name="TS_24_SwagLab_VerifyAboutPage" time="49.044" tests="1" failures="0" errors="0">
   <testsuite name="TS_24_SwagLab_VerifyAboutPage" tests="1" failures="0" errors="0" time="49.044" skipped="0" timestamp="09-03-2024T11:43:45" hostname="DJ793LJ - IN3233809W1.ey.net" id="Test Suites/TS_24_SwagLab_VerifyAboutPage">
      <properties>
         <property name="deviceName" value=""/>
         <property name="devicePlatform" value=""/>
         <property name="logFolder" value="C:\\Users\\DJ793LJ\\git\\Katalon-Training\\Reports\\20240309_113709\\TS_24_SwagLab_VerifyAboutPage\\20240309_113716"/>
         <property name="logFiles" value="C:\\Users\\DJ793LJ\\git\\Katalon-Training\\Reports\\20240309_113709\\TS_24_SwagLab_VerifyAboutPage\\20240309_113716\\execution0.log"/>
         <property name="attachments" value=""/>
         <property name="hostName" value="DJ793LJ - IN3233809W1.ey.net"/>
         <property name="os" value="Windows 10 64bit"/>
         <property name="katalonVersion" value="9.3.1.212"/>
         <property name="browser" value="Edge Chromium 122"/>
         <property name="hostAddress" value="192.168.2.5"/>
         <property name="sessionId" value="fec37fd5aa767dab441f0796fbd92369"/>
         <property name="seleniumVersion" value="3.141.59"/>
         <property name="proxyInformation" value="ProxyInformation { proxyOption=NO_PROXY, proxyServerType=HTTP, username=, password=********, proxyServerAddress=, proxyServerPort=0, executionList=&quot;&quot;, isApplyToDesiredCapabilities=true }"/>
         <property name="platform" value="Windows 10"/>
      </properties>
      <testcase name="Test Cases/SauceLabsApp/TC_24_Verify_AboutPage" time="48.823" classname="Test Cases/SauceLabsApp/TC_24_Verify_AboutPage" status="PASSED">
         <system-out><![CDATA[09-03-2024T11:43:45 - [TEST_CASE][PASSED] - Test Cases/SauceLabsApp/TC_24_Verify_AboutPage: Test Cases/SauceLabsApp/TC_24_Verify_AboutPage

09-03-2024T11:43:46 - [TEST_STEP][PASSED] - callTestCase(findTestCase("SauceLabsApp/TC_21_LoginWithValidUser"), [:], STOP_ON_FAILURE): Call Test Case 'Test Cases/SauceLabsApp/TC_21_LoginWithValidUser' successfully

09-03-2024T11:43:46 - [TEST_CASE][PASSED] - Test Cases/SauceLabsApp/TC_21_LoginWithValidUser: Test Cases/SauceLabsApp/TC_21_LoginWithValidUser

09-03-2024T11:43:46 - [TEST_STEP][PASSED] - openBrowser(""): Browser is opened with url: ''

09-03-2024T11:43:46 - [MESSAGE][INFO] - Starting 'Edge Chromium' driver

09-03-2024T11:43:47 - [MESSAGE][INFO] - Action delay is set to 0 milliseconds

09-03-2024T11:43:49 - [MESSAGE][PASSED] - Browser is opened with url: ''

09-03-2024T11:43:49 - [TEST_STEP][PASSED] - navigateToUrl("https://www.saucedemo.com/"): Navigate to 'https://www.saucedemo.com/' successfully

09-03-2024T11:43:52 - [MESSAGE][PASSED] - Navigate to 'https://www.saucedemo.com/' successfully

09-03-2024T11:43:52 - [TEST_STEP][PASSED] - maximizeWindow(): Current window maximized

09-03-2024T11:43:52 - [MESSAGE][PASSED] - Current window maximized

09-03-2024T11:43:52 - [TEST_STEP][PASSED] - verifyElementPresent(findTestObject("Object Repository/SwagLab_LoginWithValidUser/Page_Swag Labs/div_Swag Labs"), 0): Object 'Object Repository/SwagLab_LoginWithValidUser/Page_Swag Labs/div_Swag Labs' is present

09-03-2024T11:43:52 - [MESSAGE][WARNING] - Timeout '0' is invalid. Using default page load timeout: '30'

09-03-2024T11:43:53 - [MESSAGE][PASSED] - Object 'Object Repository/SwagLab_LoginWithValidUser/Page_Swag Labs/div_Swag Labs' is present

09-03-2024T11:43:53 - [TEST_STEP][PASSED] - setText(findTestObject("Object Repository/SwagLab_LoginWithValidUser/Page_Swag Labs/input_Swag Labs_user-name"), "standard_user"): Text 'standard_user' is set on object 'Object Repository/SwagLab_LoginWithValidUser/Page_Swag Labs/input_Swag Labs_user-name'

09-03-2024T11:43:56 - [MESSAGE][PASSED] - Text 'standard_user' is set on object 'Object Repository/SwagLab_LoginWithValidUser/Page_Swag Labs/input_Swag Labs_user-name'

09-03-2024T11:43:56 - [TEST_STEP][PASSED] - setEncryptedText(findTestObject("Object Repository/SwagLab_LoginWithValidUser/Page_Swag Labs/input_Swag Labs_password"), "qcu24s4901FyWDTwXGr6XA=="): Text ****** has been set on object 'Object Repository/SwagLab_LoginWithValidUser/Page_Swag Labs/input_Swag Labs_password'

09-03-2024T11:43:58 - [MESSAGE][PASSED] - Text ****** has been set on object 'Object Repository/SwagLab_LoginWithValidUser/Page_Swag Labs/input_Swag Labs_password'

09-03-2024T11:43:58 - [TEST_STEP][PASSED] - click(findTestObject("Object Repository/SwagLab_LoginWithValidUser/Page_Swag Labs/input_Swag Labs_login-button")): Object: 'Object Repository/SwagLab_LoginWithValidUser/Page_Swag Labs/input_Swag Labs_login-button' is clicked on

09-03-2024T11:44:00 - [MESSAGE][PASSED] - Object: 'Object Repository/SwagLab_LoginWithValidUser/Page_Swag Labs/input_Swag Labs_login-button' is clicked on

09-03-2024T11:44:00 - [TEST_STEP][PASSED] - waitForElementVisible(findTestObject("Object Repository/SwagLab_LoginWithValidUser/Page_Swag Labs/div_Swag Labs"), 0): Object 'Object Repository/SwagLab_LoginWithValidUser/Page_Swag Labs/div_Swag Labs' is visible

09-03-2024T11:44:00 - [MESSAGE][WARNING] - Timeout '0' is invalid. Using default page load timeout: '30'

09-03-2024T11:44:02 - [MESSAGE][PASSED] - Object 'Object Repository/SwagLab_LoginWithValidUser/Page_Swag Labs/div_Swag Labs' is visible

09-03-2024T11:44:02 - [TEST_STEP][PASSED] - verifyElementPresent(findTestObject("SwagLab_LoginWithValidUser/Page_Swag Labs/div_Swag Labs"), 0): Object 'Object Repository/SwagLab_LoginWithValidUser/Page_Swag Labs/div_Swag Labs' is present

09-03-2024T11:44:02 - [MESSAGE][WARNING] - Timeout '0' is invalid. Using default page load timeout: '30'

09-03-2024T11:44:04 - [MESSAGE][PASSED] - Object 'Object Repository/SwagLab_LoginWithValidUser/Page_Swag Labs/div_Swag Labs' is present

09-03-2024T11:44:04 - [MESSAGE][PASSED] - Call Test Case 'Test Cases/SauceLabsApp/TC_21_LoginWithValidUser' successfully

09-03-2024T11:44:04 - [TEST_STEP][PASSED] - click(findTestObject("Object Repository/SwagLab_Verify_AboutPage/Page_Swag Labs/button_Open Menu")): Object: 'Object Repository/SwagLab_Verify_AboutPage/Page_Swag Labs/button_Open Menu' is clicked on

09-03-2024T11:44:06 - [MESSAGE][PASSED] - Object: 'Object Repository/SwagLab_Verify_AboutPage/Page_Swag Labs/button_Open Menu' is clicked on

09-03-2024T11:44:06 - [TEST_STEP][PASSED] - click(findTestObject("Object Repository/SwagLab_Verify_AboutPage/Page_Swag Labs/a_About")): Object: 'Object Repository/SwagLab_Verify_AboutPage/Page_Swag Labs/a_About' is clicked on

09-03-2024T11:44:13 - [MESSAGE][PASSED] - Object: 'Object Repository/SwagLab_Verify_AboutPage/Page_Swag Labs/a_About' is clicked on

09-03-2024T11:44:13 - [TEST_STEP][PASSED] - navigateToUrl("https://saucelabs.com/"): Navigate to 'https://saucelabs.com/' successfully

09-03-2024T11:44:31 - [MESSAGE][PASSED] - Navigate to 'https://saucelabs.com/' successfully

09-03-2024T11:44:31 - [TEST_STEP][PASSED] - verifyElementVisible(findTestObject("Object Repository/SwagLab_Verify_AboutPage/Page_Sauce Labs Cross Browser Testing, Sele_e8ee84/div_Products_MuiBox-root css-qkbq7h")): Object 'Object Repository/SwagLab_Verify_AboutPage/Page_Sauce Labs Cross Browser Testing, Sele_e8ee84/div_Products_MuiBox-root css-qkbq7h' is visible

09-03-2024T11:44:34 - [MESSAGE][PASSED] - Object 'Object Repository/SwagLab_Verify_AboutPage/Page_Sauce Labs Cross Browser Testing, Sele_e8ee84/div_Products_MuiBox-root css-qkbq7h' is visible

09-03-2024T11:44:34 - [TEST_STEP][PASSED] - closeBrowser(): Browser is closed

09-03-2024T11:44:34 - [MESSAGE][PASSED] - Browser is closed]]></system-out>
         <system-err><![CDATA[]]></system-err>
      </testcase>
      <system-out><![CDATA[09-03-2024T11:43:45 - [TEST_SUITE][PASSED] - TS_24_SwagLab_VerifyAboutPage: Test Cases/SauceLabsApp/TC_24_Verify_AboutPage]]></system-out>
      <system-err><![CDATA[]]></system-err>
   </testsuite>
</testsuites>
