<?xml version="1.0" encoding="UTF-8"?>
<testsuites name="TS_27_SwagLab_VerifyCheckoutPage" time="87.535" tests="1" failures="0" errors="0">
   <testsuite name="TS_27_SwagLab_VerifyCheckoutPage" tests="1" failures="0" errors="0" time="87.535" skipped="0" timestamp="03-03-2024T16:43:26" hostname="DJ793LJ - IN3233809W1.ey.net" id="Test Suites/TS_27_SwagLab_VerifyCheckoutPage">
      <properties>
         <property name="deviceName" value=""/>
         <property name="devicePlatform" value=""/>
         <property name="logFolder" value="C:\\Users\\DJ793LJ\\git\\Katalon-Training\\Reports\\20240303_164315\\TS_27_SwagLab_VerifyCheckoutPage\\20240303_164315"/>
         <property name="logFiles" value="C:\\Users\\DJ793LJ\\git\\Katalon-Training\\Reports\\20240303_164315\\TS_27_SwagLab_VerifyCheckoutPage\\20240303_164315\\execution0.log"/>
         <property name="attachments" value=""/>
         <property name="hostName" value="DJ793LJ - IN3233809W1.ey.net"/>
         <property name="os" value="Windows 10 64bit"/>
         <property name="katalonVersion" value="9.3.1.212"/>
         <property name="browser" value="Edge Chromium 122"/>
         <property name="hostAddress" value="192.168.2.5"/>
         <property name="sessionId" value="e573214a7e289d981a61989122ba3011"/>
         <property name="seleniumVersion" value="3.141.59"/>
         <property name="proxyInformation" value="ProxyInformation { proxyOption=NO_PROXY, proxyServerType=HTTP, username=, password=********, proxyServerAddress=, proxyServerPort=0, executionList=&quot;&quot;, isApplyToDesiredCapabilities=true }"/>
         <property name="platform" value="Windows 10"/>
      </properties>
      <testcase name="Test Cases/SauceLabsApp/TC_27_VerifyCheckoutPage" time="86.546" classname="Test Cases/SauceLabsApp/TC_27_VerifyCheckoutPage" status="PASSED">
         <system-out><![CDATA[03-03-2024T16:43:27 - [TEST_CASE][PASSED] - Test Cases/SauceLabsApp/TC_27_VerifyCheckoutPage: Test Cases/SauceLabsApp/TC_27_VerifyCheckoutPage

03-03-2024T16:43:28 - [TEST_STEP][PASSED] - callTestCase(findTestCase("SauceLabsApp/TC_21_LoginWithValidUser"), [:], STOP_ON_FAILURE): Call Test Case 'Test Cases/SauceLabsApp/TC_21_LoginWithValidUser' successfully

03-03-2024T16:43:29 - [TEST_CASE][PASSED] - Test Cases/SauceLabsApp/TC_21_LoginWithValidUser: Test Cases/SauceLabsApp/TC_21_LoginWithValidUser

03-03-2024T16:43:30 - [TEST_STEP][PASSED] - openBrowser(""): Browser is opened with url: ''

03-03-2024T16:43:32 - [MESSAGE][INFO] - Starting 'Edge Chromium' driver

03-03-2024T16:43:36 - [MESSAGE][INFO] - Action delay is set to 0 milliseconds

03-03-2024T16:43:42 - [MESSAGE][PASSED] - Browser is opened with url: ''

03-03-2024T16:43:42 - [TEST_STEP][PASSED] - navigateToUrl("https://www.saucedemo.com/"): Navigate to 'https://www.saucedemo.com/' successfully

03-03-2024T16:43:47 - [MESSAGE][PASSED] - Navigate to 'https://www.saucedemo.com/' successfully

03-03-2024T16:43:47 - [TEST_STEP][PASSED] - maximizeWindow(): Current window maximized

03-03-2024T16:43:53 - [MESSAGE][PASSED] - Current window maximized

03-03-2024T16:43:53 - [TEST_STEP][PASSED] - verifyElementPresent(findTestObject("Object Repository/SwagLab_LoginWithValidUser/Page_Swag Labs/div_Swag Labs"), 0): Object 'Object Repository/SwagLab_LoginWithValidUser/Page_Swag Labs/div_Swag Labs' is present

03-03-2024T16:43:53 - [MESSAGE][WARNING] - Timeout '0' is invalid. Using default page load timeout: '30'

03-03-2024T16:43:56 - [MESSAGE][PASSED] - Object 'Object Repository/SwagLab_LoginWithValidUser/Page_Swag Labs/div_Swag Labs' is present

03-03-2024T16:43:56 - [TEST_STEP][PASSED] - setText(findTestObject("Object Repository/SwagLab_LoginWithValidUser/Page_Swag Labs/input_Swag Labs_user-name"), "standard_user"): Text 'standard_user' is set on object 'Object Repository/SwagLab_LoginWithValidUser/Page_Swag Labs/input_Swag Labs_user-name'

03-03-2024T16:44:00 - [MESSAGE][PASSED] - Text 'standard_user' is set on object 'Object Repository/SwagLab_LoginWithValidUser/Page_Swag Labs/input_Swag Labs_user-name'

03-03-2024T16:44:00 - [TEST_STEP][PASSED] - setEncryptedText(findTestObject("Object Repository/SwagLab_LoginWithValidUser/Page_Swag Labs/input_Swag Labs_password"), "qcu24s4901FyWDTwXGr6XA=="): Text ****** has been set on object 'Object Repository/SwagLab_LoginWithValidUser/Page_Swag Labs/input_Swag Labs_password'

03-03-2024T16:44:03 - [MESSAGE][PASSED] - Text ****** has been set on object 'Object Repository/SwagLab_LoginWithValidUser/Page_Swag Labs/input_Swag Labs_password'

03-03-2024T16:44:03 - [TEST_STEP][PASSED] - click(findTestObject("Object Repository/SwagLab_LoginWithValidUser/Page_Swag Labs/input_Swag Labs_login-button")): Object: 'Object Repository/SwagLab_LoginWithValidUser/Page_Swag Labs/input_Swag Labs_login-button' is clicked on

03-03-2024T16:44:05 - [MESSAGE][PASSED] - Object: 'Object Repository/SwagLab_LoginWithValidUser/Page_Swag Labs/input_Swag Labs_login-button' is clicked on

03-03-2024T16:44:05 - [TEST_STEP][PASSED] - waitForElementVisible(findTestObject("Object Repository/SwagLab_LoginWithValidUser/Page_Swag Labs/div_Swag Labs"), 0): Object 'Object Repository/SwagLab_LoginWithValidUser/Page_Swag Labs/div_Swag Labs' is visible

03-03-2024T16:44:06 - [MESSAGE][WARNING] - Timeout '0' is invalid. Using default page load timeout: '30'

03-03-2024T16:44:08 - [MESSAGE][PASSED] - Object 'Object Repository/SwagLab_LoginWithValidUser/Page_Swag Labs/div_Swag Labs' is visible

03-03-2024T16:44:08 - [TEST_STEP][PASSED] - verifyElementPresent(findTestObject("SwagLab_LoginWithValidUser/Page_Swag Labs/div_Swag Labs"), 0): Object 'Object Repository/SwagLab_LoginWithValidUser/Page_Swag Labs/div_Swag Labs' is present

03-03-2024T16:44:09 - [MESSAGE][WARNING] - Timeout '0' is invalid. Using default page load timeout: '30'

03-03-2024T16:44:09 - [MESSAGE][PASSED] - Object 'Object Repository/SwagLab_LoginWithValidUser/Page_Swag Labs/div_Swag Labs' is present

03-03-2024T16:44:09 - [MESSAGE][PASSED] - Call Test Case 'Test Cases/SauceLabsApp/TC_21_LoginWithValidUser' successfully

03-03-2024T16:44:09 - [TEST_STEP][PASSED] - click(findTestObject("Object Repository/SwagLab_VerifyCheckoutPage/Page_Swag Labs/button_Add to cart")): Object: 'Object Repository/SwagLab_VerifyCheckoutPage/Page_Swag Labs/button_Add to cart' is clicked on

03-03-2024T16:44:11 - [MESSAGE][PASSED] - Object: 'Object Repository/SwagLab_VerifyCheckoutPage/Page_Swag Labs/button_Add to cart' is clicked on

03-03-2024T16:44:11 - [TEST_STEP][PASSED] - click(findTestObject("Object Repository/SwagLab_VerifyCheckoutPage/Page_Swag Labs/a_1")): Object: 'Object Repository/SwagLab_VerifyCheckoutPage/Page_Swag Labs/a_1' is clicked on

03-03-2024T16:44:11 - [MESSAGE][PASSED] - Object: 'Object Repository/SwagLab_VerifyCheckoutPage/Page_Swag Labs/a_1' is clicked on

03-03-2024T16:44:11 - [TEST_STEP][PASSED] - click(findTestObject("Object Repository/SwagLab_VerifyCheckoutPage/Page_Swag Labs/button_Checkout")): Object: 'Object Repository/SwagLab_VerifyCheckoutPage/Page_Swag Labs/button_Checkout' is clicked on

03-03-2024T16:44:12 - [MESSAGE][PASSED] - Object: 'Object Repository/SwagLab_VerifyCheckoutPage/Page_Swag Labs/button_Checkout' is clicked on

03-03-2024T16:44:12 - [TEST_STEP][PASSED] - verifyElementText(findTestObject("Object Repository/SwagLab_VerifyCheckoutPage/Page_Swag Labs/span_Checkout Your Information"), "Checkout: Your Information"): Actual text and expected text of test object 'Object Repository/SwagLab_VerifyCheckoutPage/Page_Swag Labs/span_Checkout Your Information' are matched.

03-03-2024T16:44:14 - [MESSAGE][PASSED] - Actual text and expected text of test object 'Object Repository/SwagLab_VerifyCheckoutPage/Page_Swag Labs/span_Checkout Your Information' are matched.

03-03-2024T16:44:14 - [TEST_STEP][PASSED] - setText(findTestObject("Object Repository/SwagLab_VerifyCheckoutPage/Page_Swag Labs/input_Checkout Your Information_firstName"), "Bruvie"): Text 'Bruvie' is set on object 'Object Repository/SwagLab_VerifyCheckoutPage/Page_Swag Labs/input_Checkout Your Information_firstName'

03-03-2024T16:44:15 - [MESSAGE][PASSED] - Text 'Bruvie' is set on object 'Object Repository/SwagLab_VerifyCheckoutPage/Page_Swag Labs/input_Checkout Your Information_firstName'

03-03-2024T16:44:15 - [TEST_STEP][PASSED] - setText(findTestObject("Object Repository/SwagLab_VerifyCheckoutPage/Page_Swag Labs/input_Checkout Your Information_lastName"), "MArtins"): Text 'MArtins' is set on object 'Object Repository/SwagLab_VerifyCheckoutPage/Page_Swag Labs/input_Checkout Your Information_lastName'

03-03-2024T16:44:17 - [MESSAGE][PASSED] - Text 'MArtins' is set on object 'Object Repository/SwagLab_VerifyCheckoutPage/Page_Swag Labs/input_Checkout Your Information_lastName'

03-03-2024T16:44:17 - [TEST_STEP][PASSED] - setText(findTestObject("Object Repository/SwagLab_VerifyCheckoutPage/Page_Swag Labs/input_Checkout Your Information_postalCode"), "433333"): Text '433333' is set on object 'Object Repository/SwagLab_VerifyCheckoutPage/Page_Swag Labs/input_Checkout Your Information_postalCode'

03-03-2024T16:44:19 - [MESSAGE][PASSED] - Text '433333' is set on object 'Object Repository/SwagLab_VerifyCheckoutPage/Page_Swag Labs/input_Checkout Your Information_postalCode'

03-03-2024T16:44:19 - [TEST_STEP][PASSED] - click(findTestObject("Object Repository/SwagLab_VerifyCheckoutPage/Page_Swag Labs/input_Cancel_continue")): Object: 'Object Repository/SwagLab_VerifyCheckoutPage/Page_Swag Labs/input_Cancel_continue' is clicked on

03-03-2024T16:44:21 - [MESSAGE][PASSED] - Object: 'Object Repository/SwagLab_VerifyCheckoutPage/Page_Swag Labs/input_Cancel_continue' is clicked on

03-03-2024T16:44:21 - [TEST_STEP][PASSED] - verifyElementText(findTestObject("Object Repository/SwagLab_VerifyCheckoutPage/Page_Swag Labs/span_Checkout Overview"), "Checkout: Overview"): Actual text and expected text of test object 'Object Repository/SwagLab_VerifyCheckoutPage/Page_Swag Labs/span_Checkout Overview' are matched.

03-03-2024T16:44:23 - [MESSAGE][PASSED] - Actual text and expected text of test object 'Object Repository/SwagLab_VerifyCheckoutPage/Page_Swag Labs/span_Checkout Overview' are matched.

03-03-2024T16:44:23 - [TEST_STEP][PASSED] - verifyElementText(findTestObject("Object Repository/SwagLab_VerifyCheckoutPage/Page_Swag Labs/div_Payment Information"), "Payment Information"): Actual text and expected text of test object 'Object Repository/SwagLab_VerifyCheckoutPage/Page_Swag Labs/div_Payment Information' are matched.

03-03-2024T16:44:25 - [MESSAGE][PASSED] - Actual text and expected text of test object 'Object Repository/SwagLab_VerifyCheckoutPage/Page_Swag Labs/div_Payment Information' are matched.

03-03-2024T16:44:25 - [TEST_STEP][PASSED] - verifyElementText(findTestObject("Object Repository/SwagLab_VerifyCheckoutPage/Page_Swag Labs/div_Shipping Information"), "Shipping Information"): Actual text and expected text of test object 'Object Repository/SwagLab_VerifyCheckoutPage/Page_Swag Labs/div_Shipping Information' are matched.

03-03-2024T16:44:27 - [MESSAGE][PASSED] - Actual text and expected text of test object 'Object Repository/SwagLab_VerifyCheckoutPage/Page_Swag Labs/div_Shipping Information' are matched.

03-03-2024T16:44:27 - [TEST_STEP][PASSED] - verifyElementText(findTestObject("Object Repository/SwagLab_VerifyCheckoutPage/Page_Swag Labs/div_Price Total"), "Price Total"): Actual text and expected text of test object 'Object Repository/SwagLab_VerifyCheckoutPage/Page_Swag Labs/div_Price Total' are matched.

03-03-2024T16:44:30 - [MESSAGE][PASSED] - Actual text and expected text of test object 'Object Repository/SwagLab_VerifyCheckoutPage/Page_Swag Labs/div_Price Total' are matched.

03-03-2024T16:44:30 - [TEST_STEP][PASSED] - closeBrowser(): Browser is closed

03-03-2024T16:44:53 - [MESSAGE][PASSED] - Browser is closed]]></system-out>
         <system-err><![CDATA[]]></system-err>
      </testcase>
      <system-out><![CDATA[03-03-2024T16:43:26 - [TEST_SUITE][PASSED] - TS_27_SwagLab_VerifyCheckoutPage: Test Cases/SauceLabsApp/TC_27_VerifyCheckoutPage]]></system-out>
      <system-err><![CDATA[]]></system-err>
   </testsuite>
</testsuites>
