<?xml version="1.0" encoding="UTF-8"?>
<testsuites name="TS_20_LoginAndPurchaseBird" time="87.56" tests="1" failures="0" errors="0">
   <testsuite name="TS_20_LoginAndPurchaseBird" tests="1" failures="0" errors="0" time="87.56" skipped="0" timestamp="09-03-2024T11:32:56" hostname="DJ793LJ - IN3233809W1.ey.net" id="Test Suites/TS_20_LoginAndPurchaseBird">
      <properties>
         <property name="deviceName" value=""/>
         <property name="devicePlatform" value=""/>
         <property name="logFolder" value="C:\\Users\\DJ793LJ\\git\\Katalon-Training\\Reports\\20240309_112956\\TS_20_LoginAndPurchaseBird\\20240309_113006"/>
         <property name="logFiles" value="C:\\Users\\DJ793LJ\\git\\Katalon-Training\\Reports\\20240309_112956\\TS_20_LoginAndPurchaseBird\\20240309_113006\\execution0.log"/>
         <property name="attachments" value=""/>
         <property name="hostName" value="DJ793LJ - IN3233809W1.ey.net"/>
         <property name="os" value="Windows 10 64bit"/>
         <property name="katalonVersion" value="9.3.1.212"/>
         <property name="browser" value="Edge Chromium 122"/>
         <property name="hostAddress" value="192.168.2.5"/>
         <property name="sessionId" value="312518ab08110601fdc9e431dd0ac68e"/>
         <property name="seleniumVersion" value="3.141.59"/>
         <property name="proxyInformation" value="ProxyInformation { proxyOption=NO_PROXY, proxyServerType=HTTP, username=, password=********, proxyServerAddress=, proxyServerPort=0, executionList=&quot;&quot;, isApplyToDesiredCapabilities=true }"/>
         <property name="platform" value="Windows 10"/>
      </properties>
      <testcase name="Test Cases/PetStoreApp/TC_20_LoginAndPurchaseBird" time="87.375" classname="Test Cases/PetStoreApp/TC_20_LoginAndPurchaseBird" status="PASSED">
         <system-out><![CDATA[09-03-2024T11:32:56 - [TEST_CASE][PASSED] - Test Cases/PetStoreApp/TC_20_LoginAndPurchaseBird: Test Cases/PetStoreApp/TC_20_LoginAndPurchaseBird

09-03-2024T11:32:56 - [TEST_STEP][PASSED] - callTestCase(findTestCase("PetStoreApp/TC_16_LoginToApp"), [:], STOP_ON_FAILURE): Call Test Case 'Test Cases/PetStoreApp/TC_16_LoginToApp' successfully

09-03-2024T11:32:56 - [TEST_CASE][PASSED] - Test Cases/PetStoreApp/TC_16_LoginToApp: Test Cases/PetStoreApp/TC_16_LoginToApp

09-03-2024T11:32:56 - [TEST_STEP][PASSED] - openBrowser(""): Browser is opened with url: ''

09-03-2024T11:32:57 - [MESSAGE][INFO] - Starting 'Edge Chromium' driver

09-03-2024T11:32:58 - [MESSAGE][INFO] - Action delay is set to 0 milliseconds

09-03-2024T11:32:59 - [MESSAGE][PASSED] - Browser is opened with url: ''

09-03-2024T11:32:59 - [TEST_STEP][PASSED] - navigateToUrl("https://petstore.octoperf.com/"): Navigate to 'https://petstore.octoperf.com/' successfully

09-03-2024T11:33:01 - [MESSAGE][PASSED] - Navigate to 'https://petstore.octoperf.com/' successfully

09-03-2024T11:33:01 - [TEST_STEP][PASSED] - verifyElementText(findTestObject("Object Repository/LoginToApp/Page_JPetStore Demo/h2_Welcome to JPetStore 6"), "Welcome to JPetStore 6"): Actual text and expected text of test object 'Object Repository/LoginToApp/Page_JPetStore Demo/h2_Welcome to JPetStore 6' are matched.

09-03-2024T11:33:03 - [MESSAGE][PASSED] - Actual text and expected text of test object 'Object Repository/LoginToApp/Page_JPetStore Demo/h2_Welcome to JPetStore 6' are matched.

09-03-2024T11:33:03 - [TEST_STEP][PASSED] - click(findTestObject("Object Repository/LoginToApp/Page_JPetStore Demo/a_Enter the Store")): Object: 'Object Repository/LoginToApp/Page_JPetStore Demo/a_Enter the Store' is clicked on

09-03-2024T11:33:07 - [MESSAGE][PASSED] - Object: 'Object Repository/LoginToApp/Page_JPetStore Demo/a_Enter the Store' is clicked on

09-03-2024T11:33:07 - [TEST_STEP][PASSED] - verifyElementText(findTestObject("Object Repository/LoginToApp/Page_JPetStore Demo/img"), ""): Actual text and expected text of test object 'Object Repository/LoginToApp/Page_JPetStore Demo/img' are matched.

09-03-2024T11:33:09 - [MESSAGE][PASSED] - Actual text and expected text of test object 'Object Repository/LoginToApp/Page_JPetStore Demo/img' are matched.

09-03-2024T11:33:09 - [TEST_STEP][PASSED] - click(findTestObject("Object Repository/LoginToApp/Page_JPetStore Demo/a_Sign In")): Object: 'Object Repository/LoginToApp/Page_JPetStore Demo/a_Sign In' is clicked on

09-03-2024T11:33:11 - [MESSAGE][PASSED] - Object: 'Object Repository/LoginToApp/Page_JPetStore Demo/a_Sign In' is clicked on

09-03-2024T11:33:11 - [TEST_STEP][PASSED] - setText(findTestObject("Object Repository/LoginToApp/Page_JPetStore Demo/input_Need a user name and password_username"), "bruvie"): Text 'bruvie' is set on object 'Object Repository/LoginToApp/Page_JPetStore Demo/input_Need a user name and password_username'

09-03-2024T11:33:15 - [MESSAGE][PASSED] - Text 'bruvie' is set on object 'Object Repository/LoginToApp/Page_JPetStore Demo/input_Need a user name and password_username'

09-03-2024T11:33:15 - [TEST_STEP][PASSED] - setEncryptedText(findTestObject("Object Repository/LoginToApp/Page_JPetStore Demo/input_Need a user name and password_password"), "qPDWtMYEx+8="): Text ****** has been set on object 'Object Repository/LoginToApp/Page_JPetStore Demo/input_Need a user name and password_password'

09-03-2024T11:33:17 - [MESSAGE][PASSED] - Text ****** has been set on object 'Object Repository/LoginToApp/Page_JPetStore Demo/input_Need a user name and password_password'

09-03-2024T11:33:17 - [TEST_STEP][PASSED] - click(findTestObject("Object Repository/LoginToApp/Page_JPetStore Demo/p_UsernamesetTimeout(function()tryvar zdocu_90a06a")): Object: 'Object Repository/LoginToApp/Page_JPetStore Demo/p_UsernamesetTimeout(function()tryvar zdocu_90a06a' is clicked on

09-03-2024T11:33:19 - [MESSAGE][PASSED] - Object: 'Object Repository/LoginToApp/Page_JPetStore Demo/p_UsernamesetTimeout(function()tryvar zdocu_90a06a' is clicked on

09-03-2024T11:33:19 - [TEST_STEP][PASSED] - setEncryptedText(findTestObject("Object Repository/LoginToApp/Page_JPetStore Demo/input_Need a user name and password_password"), "5Z9ySau9obQ="): Text ****** has been set on object 'Object Repository/LoginToApp/Page_JPetStore Demo/input_Need a user name and password_password'

09-03-2024T11:33:21 - [MESSAGE][PASSED] - Text ****** has been set on object 'Object Repository/LoginToApp/Page_JPetStore Demo/input_Need a user name and password_password'

09-03-2024T11:33:21 - [TEST_STEP][PASSED] - click(findTestObject("Object Repository/LoginToApp/Page_JPetStore Demo/input_Need a user name and password_signon")): Object: 'Object Repository/LoginToApp/Page_JPetStore Demo/input_Need a user name and password_signon' is clicked on

09-03-2024T11:33:23 - [MESSAGE][PASSED] - Object: 'Object Repository/LoginToApp/Page_JPetStore Demo/input_Need a user name and password_signon' is clicked on

09-03-2024T11:33:23 - [TEST_STEP][PASSED] - verifyElementText(findTestObject("Object Repository/LoginToApp/Page_JPetStore Demo/div_Welcome Bruvie"), "Welcome Bruvie!"): Actual text and expected text of test object 'Object Repository/LoginToApp/Page_JPetStore Demo/div_Welcome Bruvie' are matched.

09-03-2024T11:33:25 - [MESSAGE][PASSED] - Actual text and expected text of test object 'Object Repository/LoginToApp/Page_JPetStore Demo/div_Welcome Bruvie' are matched.

09-03-2024T11:33:25 - [MESSAGE][PASSED] - Call Test Case 'Test Cases/PetStoreApp/TC_16_LoginToApp' successfully

09-03-2024T11:33:25 - [TEST_STEP][PASSED] - click(findTestObject("Object Repository/LoginAndPurchaseBird/Page_JPetStore Demo/img")): Object: 'Object Repository/LoginAndPurchaseBird/Page_JPetStore Demo/img' is clicked on

09-03-2024T11:33:27 - [MESSAGE][PASSED] - Object: 'Object Repository/LoginAndPurchaseBird/Page_JPetStore Demo/img' is clicked on

09-03-2024T11:33:27 - [TEST_STEP][PASSED] - navigateToUrl("https://petstore.octoperf.com/actions/Catalog.action?viewCategory=&categoryId=BIRDS"): Navigate to 'https://petstore.octoperf.com/actions/Catalog.action?viewCategory=&categoryId=BIRDS' successfully

09-03-2024T11:33:27 - [MESSAGE][PASSED] - Navigate to 'https://petstore.octoperf.com/actions/Catalog.action?viewCategory=&categoryId=BIRDS' successfully

09-03-2024T11:33:27 - [TEST_STEP][PASSED] - click(findTestObject("Object Repository/LoginAndPurchaseBird/Page_JPetStore Demo/a_AV-SB-02")): Object: 'Object Repository/LoginAndPurchaseBird/Page_JPetStore Demo/a_AV-SB-02' is clicked on

09-03-2024T11:33:29 - [MESSAGE][PASSED] - Object: 'Object Repository/LoginAndPurchaseBird/Page_JPetStore Demo/a_AV-SB-02' is clicked on

09-03-2024T11:33:29 - [TEST_STEP][PASSED] - click(findTestObject("Object Repository/LoginAndPurchaseBird/Page_JPetStore Demo/a_Add to Cart")): Object: 'Object Repository/LoginAndPurchaseBird/Page_JPetStore Demo/a_Add to Cart' is clicked on

09-03-2024T11:33:31 - [MESSAGE][PASSED] - Object: 'Object Repository/LoginAndPurchaseBird/Page_JPetStore Demo/a_Add to Cart' is clicked on

09-03-2024T11:33:31 - [TEST_STEP][PASSED] - click(findTestObject("Object Repository/LoginAndPurchaseBird/Page_JPetStore Demo/table_Item IDProduct IDDescriptionIn StockQ_89592d")): Object: 'Object Repository/LoginAndPurchaseBird/Page_JPetStore Demo/table_Item IDProduct IDDescriptionIn StockQ_89592d' is clicked on

09-03-2024T11:33:33 - [MESSAGE][PASSED] - Object: 'Object Repository/LoginAndPurchaseBird/Page_JPetStore Demo/table_Item IDProduct IDDescriptionIn StockQ_89592d' is clicked on

09-03-2024T11:33:33 - [TEST_STEP][PASSED] - setText(findTestObject("Object Repository/LoginAndPurchaseBird/Page_JPetStore Demo/input_true_EST-19"), "35"): Text '35' is set on object 'Object Repository/LoginAndPurchaseBird/Page_JPetStore Demo/input_true_EST-19'

09-03-2024T11:33:37 - [MESSAGE][PASSED] - Text '35' is set on object 'Object Repository/LoginAndPurchaseBird/Page_JPetStore Demo/input_true_EST-19'

09-03-2024T11:33:37 - [TEST_STEP][PASSED] - click(findTestObject("Object Repository/LoginAndPurchaseBird/Page_JPetStore Demo/input_Sub Total 15.50_updateCartQuantities")): Object: 'Object Repository/LoginAndPurchaseBird/Page_JPetStore Demo/input_Sub Total 15.50_updateCartQuantities' is clicked on

09-03-2024T11:34:09 - [MESSAGE][INFO] - Unable to find the element located by 'By.xpath: //input[@name='newOrder']'. Please recheck the objects properties to make sure the desired element is located. 

09-03-2024T11:34:09 - [MESSAGE][WARNING] - [SELF-HEALING] Failed to find element with id 'Object Repository/LoginAndPurchaseBird/Page_JPetStore Demo/input_Sub Total 15.50_updateCartQuantities'. Try using Self-healing.

09-03-2024T11:34:10 - [MESSAGE][WARNING] - [SELF-HEALING] The current locator of test object 'Object Repository/LoginAndPurchaseBird/Page_JPetStore Demo/input_Sub Total 15.50_updateCartQuantities' was broken. Propose an alternative one: '//input[@name='updateCartQuantities']'.

09-03-2024T11:34:11 - [MESSAGE][PASSED] - Object: 'Object Repository/LoginAndPurchaseBird/Page_JPetStore Demo/input_Sub Total 15.50_updateCartQuantities' is clicked on

09-03-2024T11:34:11 - [TEST_STEP][PASSED] - click(findTestObject("Object Repository/LoginAndPurchaseBird/Page_JPetStore Demo/a_Proceed to Checkout")): Object: 'Object Repository/LoginAndPurchaseBird/Page_JPetStore Demo/a_Proceed to Checkout' is clicked on

09-03-2024T11:34:13 - [MESSAGE][PASSED] - Object: 'Object Repository/LoginAndPurchaseBird/Page_JPetStore Demo/a_Proceed to Checkout' is clicked on

09-03-2024T11:34:13 - [TEST_STEP][PASSED] - verifyElementText(findTestObject("Object Repository/LoginAndPurchaseBird/Page_JPetStore Demo/th_Payment Details"), "Payment Details"): Actual text and expected text of test object 'Object Repository/LoginAndPurchaseBird/Page_JPetStore Demo/th_Payment Details' are matched.

09-03-2024T11:34:15 - [MESSAGE][PASSED] - Actual text and expected text of test object 'Object Repository/LoginAndPurchaseBird/Page_JPetStore Demo/th_Payment Details' are matched.

09-03-2024T11:34:15 - [TEST_STEP][PASSED] - verifyElementText(findTestObject("Object Repository/LoginAndPurchaseBird/Page_JPetStore Demo/th_Billing Address"), "Billing Address"): Actual text and expected text of test object 'Object Repository/LoginAndPurchaseBird/Page_JPetStore Demo/th_Billing Address' are matched.

09-03-2024T11:34:17 - [MESSAGE][PASSED] - Actual text and expected text of test object 'Object Repository/LoginAndPurchaseBird/Page_JPetStore Demo/th_Billing Address' are matched.

09-03-2024T11:34:17 - [TEST_STEP][PASSED] - click(findTestObject("Object Repository/LoginAndPurchaseBird/Page_JPetStore Demo/input_Sub Total 15.50_updateCartQuantities")): Object: 'Object Repository/LoginAndPurchaseBird/Page_JPetStore Demo/input_Sub Total 15.50_updateCartQuantities' is clicked on

09-03-2024T11:34:19 - [MESSAGE][PASSED] - Object: 'Object Repository/LoginAndPurchaseBird/Page_JPetStore Demo/input_Sub Total 15.50_updateCartQuantities' is clicked on

09-03-2024T11:34:19 - [TEST_STEP][PASSED] - verifyElementText(findTestObject("Object Repository/LoginAndPurchaseBird/Page_JPetStore Demo/b_Order"), "Order"): Actual text and expected text of test object 'Object Repository/LoginAndPurchaseBird/Page_JPetStore Demo/b_Order' are matched.

09-03-2024T11:34:21 - [MESSAGE][PASSED] - Actual text and expected text of test object 'Object Repository/LoginAndPurchaseBird/Page_JPetStore Demo/b_Order' are matched.

09-03-2024T11:34:21 - [TEST_STEP][PASSED] - click(findTestObject("Object Repository/LoginAndPurchaseBird/Page_JPetStore Demo/a_Return to Main Menu")): Object: 'Object Repository/LoginAndPurchaseBird/Page_JPetStore Demo/a_Return to Main Menu' is clicked on

09-03-2024T11:34:23 - [MESSAGE][PASSED] - Object: 'Object Repository/LoginAndPurchaseBird/Page_JPetStore Demo/a_Return to Main Menu' is clicked on

09-03-2024T11:34:23 - [TEST_STEP][PASSED] - closeBrowser(): Browser is closed

09-03-2024T11:34:23 - [MESSAGE][PASSED] - Browser is closed]]></system-out>
         <system-err><![CDATA[]]></system-err>
      </testcase>
      <system-out><![CDATA[09-03-2024T11:32:56 - [TEST_SUITE][PASSED] - TS_20_LoginAndPurchaseBird: Test Cases/PetStoreApp/TC_20_LoginAndPurchaseBird]]></system-out>
      <system-err><![CDATA[]]></system-err>
   </testsuite>
</testsuites>
