<?xml version="1.0" encoding="UTF-8"?>
<testsuites name="TS_18_LoginAndPurchaseDog" time="77.713" tests="1" failures="0" errors="0">
   <testsuite name="TS_18_LoginAndPurchaseDog" tests="1" failures="0" errors="0" time="77.713" skipped="0" timestamp="03-03-2024T16:39:53" hostname="DJ793LJ - IN3233809W1.ey.net" id="Test Suites/TS_18_LoginAndPurchaseDog">
      <properties>
         <property name="deviceName" value=""/>
         <property name="devicePlatform" value=""/>
         <property name="logFolder" value="C:\\Users\\DJ793LJ\\git\\Katalon-Training\\Reports\\20240303_163947\\TS_18_LoginAndPurchaseDog\\20240303_163947"/>
         <property name="logFiles" value="C:\\Users\\DJ793LJ\\git\\Katalon-Training\\Reports\\20240303_163947\\TS_18_LoginAndPurchaseDog\\20240303_163947\\execution0.log"/>
         <property name="attachments" value=""/>
         <property name="hostName" value="DJ793LJ - IN3233809W1.ey.net"/>
         <property name="os" value="Windows 10 64bit"/>
         <property name="katalonVersion" value="9.3.1.212"/>
         <property name="browser" value="Edge Chromium 122"/>
         <property name="hostAddress" value="192.168.2.5"/>
         <property name="sessionId" value="1b96335f42aec0dc33537f7a3a17704a"/>
         <property name="seleniumVersion" value="3.141.59"/>
         <property name="proxyInformation" value="ProxyInformation { proxyOption=NO_PROXY, proxyServerType=HTTP, username=, password=********, proxyServerAddress=, proxyServerPort=0, executionList=&quot;&quot;, isApplyToDesiredCapabilities=true }"/>
         <property name="platform" value="Windows 10"/>
      </properties>
      <testcase name="Test Cases/PetStoreApp/TC_18_LoginAndPurchaseDog" time="77.3" classname="Test Cases/PetStoreApp/TC_18_LoginAndPurchaseDog" status="PASSED">
         <system-out><![CDATA[03-03-2024T16:39:53 - [TEST_CASE][PASSED] - Test Cases/PetStoreApp/TC_18_LoginAndPurchaseDog: Test Cases/PetStoreApp/TC_18_LoginAndPurchaseDog

03-03-2024T16:39:54 - [TEST_STEP][PASSED] - callTestCase(findTestCase("PetStoreApp/TC_16_LoginToApp"), [:], STOP_ON_FAILURE): Call Test Case 'Test Cases/PetStoreApp/TC_16_LoginToApp' successfully

03-03-2024T16:39:55 - [TEST_CASE][PASSED] - Test Cases/PetStoreApp/TC_16_LoginToApp: Test Cases/PetStoreApp/TC_16_LoginToApp

03-03-2024T16:39:55 - [TEST_STEP][PASSED] - openBrowser(""): Browser is opened with url: ''

03-03-2024T16:39:55 - [MESSAGE][INFO] - Starting 'Edge Chromium' driver

03-03-2024T16:39:58 - [MESSAGE][INFO] - Action delay is set to 0 milliseconds

03-03-2024T16:40:01 - [MESSAGE][PASSED] - Browser is opened with url: ''

03-03-2024T16:40:01 - [TEST_STEP][PASSED] - navigateToUrl("https://petstore.octoperf.com/"): Navigate to 'https://petstore.octoperf.com/' successfully

03-03-2024T16:40:03 - [MESSAGE][PASSED] - Navigate to 'https://petstore.octoperf.com/' successfully

03-03-2024T16:40:03 - [TEST_STEP][PASSED] - verifyElementText(findTestObject("Object Repository/LoginToApp/Page_JPetStore Demo/h2_Welcome to JPetStore 6"), "Welcome to JPetStore 6"): Actual text and expected text of test object 'Object Repository/LoginToApp/Page_JPetStore Demo/h2_Welcome to JPetStore 6' are matched.

03-03-2024T16:40:05 - [MESSAGE][PASSED] - Actual text and expected text of test object 'Object Repository/LoginToApp/Page_JPetStore Demo/h2_Welcome to JPetStore 6' are matched.

03-03-2024T16:40:05 - [TEST_STEP][PASSED] - click(findTestObject("Object Repository/LoginToApp/Page_JPetStore Demo/a_Enter the Store")): Object: 'Object Repository/LoginToApp/Page_JPetStore Demo/a_Enter the Store' is clicked on

03-03-2024T16:40:11 - [MESSAGE][PASSED] - Object: 'Object Repository/LoginToApp/Page_JPetStore Demo/a_Enter the Store' is clicked on

03-03-2024T16:40:11 - [TEST_STEP][PASSED] - verifyElementText(findTestObject("Object Repository/LoginToApp/Page_JPetStore Demo/img"), ""): Actual text and expected text of test object 'Object Repository/LoginToApp/Page_JPetStore Demo/img' are matched.

03-03-2024T16:40:13 - [MESSAGE][PASSED] - Actual text and expected text of test object 'Object Repository/LoginToApp/Page_JPetStore Demo/img' are matched.

03-03-2024T16:40:13 - [TEST_STEP][PASSED] - click(findTestObject("Object Repository/LoginToApp/Page_JPetStore Demo/a_Sign In")): Object: 'Object Repository/LoginToApp/Page_JPetStore Demo/a_Sign In' is clicked on

03-03-2024T16:40:18 - [MESSAGE][PASSED] - Object: 'Object Repository/LoginToApp/Page_JPetStore Demo/a_Sign In' is clicked on

03-03-2024T16:40:18 - [TEST_STEP][PASSED] - setText(findTestObject("Object Repository/LoginToApp/Page_JPetStore Demo/input_Need a user name and password_username"), "bruvie"): Text 'bruvie' is set on object 'Object Repository/LoginToApp/Page_JPetStore Demo/input_Need a user name and password_username'

03-03-2024T16:40:24 - [MESSAGE][PASSED] - Text 'bruvie' is set on object 'Object Repository/LoginToApp/Page_JPetStore Demo/input_Need a user name and password_username'

03-03-2024T16:40:24 - [TEST_STEP][PASSED] - setEncryptedText(findTestObject("Object Repository/LoginToApp/Page_JPetStore Demo/input_Need a user name and password_password"), "qPDWtMYEx+8="): Text ****** has been set on object 'Object Repository/LoginToApp/Page_JPetStore Demo/input_Need a user name and password_password'

03-03-2024T16:40:31 - [MESSAGE][PASSED] - Text ****** has been set on object 'Object Repository/LoginToApp/Page_JPetStore Demo/input_Need a user name and password_password'

03-03-2024T16:40:31 - [TEST_STEP][PASSED] - click(findTestObject("Object Repository/LoginToApp/Page_JPetStore Demo/p_UsernamesetTimeout(function()tryvar zdocu_90a06a")): Object: 'Object Repository/LoginToApp/Page_JPetStore Demo/p_UsernamesetTimeout(function()tryvar zdocu_90a06a' is clicked on

03-03-2024T16:40:34 - [MESSAGE][PASSED] - Object: 'Object Repository/LoginToApp/Page_JPetStore Demo/p_UsernamesetTimeout(function()tryvar zdocu_90a06a' is clicked on

03-03-2024T16:40:34 - [TEST_STEP][PASSED] - setEncryptedText(findTestObject("Object Repository/LoginToApp/Page_JPetStore Demo/input_Need a user name and password_password"), "5Z9ySau9obQ="): Text ****** has been set on object 'Object Repository/LoginToApp/Page_JPetStore Demo/input_Need a user name and password_password'

03-03-2024T16:40:36 - [MESSAGE][PASSED] - Text ****** has been set on object 'Object Repository/LoginToApp/Page_JPetStore Demo/input_Need a user name and password_password'

03-03-2024T16:40:36 - [TEST_STEP][PASSED] - click(findTestObject("Object Repository/LoginToApp/Page_JPetStore Demo/input_Need a user name and password_signon")): Object: 'Object Repository/LoginToApp/Page_JPetStore Demo/input_Need a user name and password_signon' is clicked on

03-03-2024T16:40:41 - [MESSAGE][PASSED] - Object: 'Object Repository/LoginToApp/Page_JPetStore Demo/input_Need a user name and password_signon' is clicked on

03-03-2024T16:40:41 - [TEST_STEP][PASSED] - verifyElementText(findTestObject("Object Repository/LoginToApp/Page_JPetStore Demo/div_Welcome Bruvie"), "Welcome Bruvie!"): Actual text and expected text of test object 'Object Repository/LoginToApp/Page_JPetStore Demo/div_Welcome Bruvie' are matched.

03-03-2024T16:40:43 - [MESSAGE][PASSED] - Actual text and expected text of test object 'Object Repository/LoginToApp/Page_JPetStore Demo/div_Welcome Bruvie' are matched.

03-03-2024T16:40:43 - [MESSAGE][PASSED] - Call Test Case 'Test Cases/PetStoreApp/TC_16_LoginToApp' successfully

03-03-2024T16:40:43 - [TEST_STEP][PASSED] - click(findTestObject("Object Repository/LoginAndPurchaseDog/Page_JPetStore Demo/img")): Object: 'Object Repository/LoginAndPurchaseDog/Page_JPetStore Demo/img' is clicked on

03-03-2024T16:40:47 - [MESSAGE][PASSED] - Object: 'Object Repository/LoginAndPurchaseDog/Page_JPetStore Demo/img' is clicked on

03-03-2024T16:40:47 - [TEST_STEP][PASSED] - navigateToUrl("https://petstore.octoperf.com/actions/Catalog.action?viewCategory=&categoryId=DOGS"): Navigate to 'https://petstore.octoperf.com/actions/Catalog.action?viewCategory=&categoryId=DOGS' successfully

03-03-2024T16:40:48 - [MESSAGE][PASSED] - Navigate to 'https://petstore.octoperf.com/actions/Catalog.action?viewCategory=&categoryId=DOGS' successfully

03-03-2024T16:40:48 - [TEST_STEP][PASSED] - click(findTestObject("Object Repository/LoginAndPurchaseDog/Page_JPetStore Demo/a_K9-RT-01")): Object: 'Object Repository/LoginAndPurchaseDog/Page_JPetStore Demo/a_K9-RT-01' is clicked on

03-03-2024T16:40:52 - [MESSAGE][PASSED] - Object: 'Object Repository/LoginAndPurchaseDog/Page_JPetStore Demo/a_K9-RT-01' is clicked on

03-03-2024T16:40:52 - [TEST_STEP][PASSED] - click(findTestObject("Object Repository/LoginAndPurchaseDog/Page_JPetStore Demo/a_Add to Cart")): Object: 'Object Repository/LoginAndPurchaseDog/Page_JPetStore Demo/a_Add to Cart' is clicked on

03-03-2024T16:40:56 - [MESSAGE][PASSED] - Object: 'Object Repository/LoginAndPurchaseDog/Page_JPetStore Demo/a_Add to Cart' is clicked on

03-03-2024T16:40:56 - [TEST_STEP][PASSED] - click(findTestObject("Object Repository/LoginAndPurchaseDog/Page_JPetStore Demo/td")): Object: 'Object Repository/LoginAndPurchaseDog/Page_JPetStore Demo/td' is clicked on

03-03-2024T16:40:58 - [MESSAGE][PASSED] - Object: 'Object Repository/LoginAndPurchaseDog/Page_JPetStore Demo/td' is clicked on

03-03-2024T16:40:58 - [TEST_STEP][PASSED] - setText(findTestObject("Object Repository/LoginAndPurchaseDog/Page_JPetStore Demo/input_true_EST-28"), "5"): Text '5' is set on object 'Object Repository/LoginAndPurchaseDog/Page_JPetStore Demo/input_true_EST-28'

03-03-2024T16:41:02 - [MESSAGE][PASSED] - Text '5' is set on object 'Object Repository/LoginAndPurchaseDog/Page_JPetStore Demo/input_true_EST-28'

03-03-2024T16:41:02 - [TEST_STEP][PASSED] - click(findTestObject("Object Repository/LoginAndPurchaseDog/Page_JPetStore Demo/input_Sub Total 155.29_updateCartQuantities")): Object: 'Object Repository/LoginAndPurchaseDog/Page_JPetStore Demo/input_Sub Total 155.29_updateCartQuantities' is clicked on

03-03-2024T16:41:08 - [MESSAGE][PASSED] - Object: 'Object Repository/LoginAndPurchaseDog/Page_JPetStore Demo/input_Sub Total 155.29_updateCartQuantities' is clicked on

03-03-2024T16:41:08 - [TEST_STEP][PASSED] - click(findTestObject("Object Repository/LoginAndPurchaseDog/Page_JPetStore Demo/a_Return to Main Menu")): Object: 'Object Repository/LoginAndPurchaseDog/Page_JPetStore Demo/a_Return to Main Menu' is clicked on

03-03-2024T16:41:10 - [MESSAGE][PASSED] - Object: 'Object Repository/LoginAndPurchaseDog/Page_JPetStore Demo/a_Return to Main Menu' is clicked on

03-03-2024T16:41:10 - [TEST_STEP][PASSED] - closeBrowser(): Browser is closed

03-03-2024T16:41:11 - [MESSAGE][PASSED] - Browser is closed]]></system-out>
         <system-err><![CDATA[]]></system-err>
      </testcase>
      <system-out><![CDATA[03-03-2024T16:39:53 - [TEST_SUITE][PASSED] - TS_18_LoginAndPurchaseDog: Test Cases/PetStoreApp/TC_18_LoginAndPurchaseDog]]></system-out>
      <system-err><![CDATA[]]></system-err>
   </testsuite>
</testsuites>
