<?xml version="1.0" encoding="UTF-8"?>
<testsuites name="TS_24_SwagLab_VerifyAboutPage" time="152.979" tests="1" failures="0" errors="0">
   <testsuite name="TS_24_SwagLab_VerifyAboutPage" tests="1" failures="0" errors="0" time="152.979" skipped="0" timestamp="03-03-2024T16:41:59" hostname="DJ793LJ - IN3233809W1.ey.net" id="Test Suites/TS_24_SwagLab_VerifyAboutPage">
      <properties>
         <property name="deviceName" value=""/>
         <property name="devicePlatform" value=""/>
         <property name="logFolder" value="C:\\Users\\DJ793LJ\\git\\Katalon-Training\\Reports\\20240303_164139\\TS_24_SwagLab_VerifyAboutPage\\20240303_164139"/>
         <property name="logFiles" value="C:\\Users\\DJ793LJ\\git\\Katalon-Training\\Reports\\20240303_164139\\TS_24_SwagLab_VerifyAboutPage\\20240303_164139\\execution0.log"/>
         <property name="attachments" value=""/>
         <property name="hostName" value="DJ793LJ - IN3233809W1.ey.net"/>
         <property name="os" value="Windows 10 64bit"/>
         <property name="katalonVersion" value="9.3.1.212"/>
         <property name="browser" value="Edge Chromium 122"/>
         <property name="hostAddress" value="192.168.2.5"/>
         <property name="sessionId" value="cfe435b7bd84704db142fb9f2463f8fe"/>
         <property name="seleniumVersion" value="3.141.59"/>
         <property name="proxyInformation" value="ProxyInformation { proxyOption=NO_PROXY, proxyServerType=HTTP, username=, password=********, proxyServerAddress=, proxyServerPort=0, executionList=&quot;&quot;, isApplyToDesiredCapabilities=true }"/>
         <property name="platform" value="Windows 10"/>
      </properties>
      <testcase name="Test Cases/SauceLabsApp/TC_24_Verify_AboutPage" time="151.815" classname="Test Cases/SauceLabsApp/TC_24_Verify_AboutPage" status="PASSED">
         <system-out><![CDATA[03-03-2024T16:42:00 - [TEST_CASE][PASSED] - Test Cases/SauceLabsApp/TC_24_Verify_AboutPage: Test Cases/SauceLabsApp/TC_24_Verify_AboutPage

03-03-2024T16:42:03 - [TEST_STEP][PASSED] - callTestCase(findTestCase("SauceLabsApp/TC_21_LoginWithValidUser"), [:], STOP_ON_FAILURE): Call Test Case 'Test Cases/SauceLabsApp/TC_21_LoginWithValidUser' successfully

03-03-2024T16:42:04 - [TEST_CASE][PASSED] - Test Cases/SauceLabsApp/TC_21_LoginWithValidUser: Test Cases/SauceLabsApp/TC_21_LoginWithValidUser

03-03-2024T16:42:05 - [TEST_STEP][PASSED] - openBrowser(""): Browser is opened with url: ''

03-03-2024T16:42:06 - [MESSAGE][INFO] - Starting 'Edge Chromium' driver

03-03-2024T16:42:11 - [MESSAGE][INFO] - Action delay is set to 0 milliseconds

03-03-2024T16:42:26 - [MESSAGE][PASSED] - Browser is opened with url: ''

03-03-2024T16:42:26 - [TEST_STEP][PASSED] - navigateToUrl("https://www.saucedemo.com/"): Navigate to 'https://www.saucedemo.com/' successfully

03-03-2024T16:42:32 - [MESSAGE][PASSED] - Navigate to 'https://www.saucedemo.com/' successfully

03-03-2024T16:42:32 - [TEST_STEP][PASSED] - maximizeWindow(): Current window maximized

03-03-2024T16:42:32 - [MESSAGE][PASSED] - Current window maximized

03-03-2024T16:42:32 - [TEST_STEP][PASSED] - verifyElementPresent(findTestObject("Object Repository/SwagLab_LoginWithValidUser/Page_Swag Labs/div_Swag Labs"), 0): Object 'Object Repository/SwagLab_LoginWithValidUser/Page_Swag Labs/div_Swag Labs' is present

03-03-2024T16:42:33 - [MESSAGE][WARNING] - Timeout '0' is invalid. Using default page load timeout: '30'

03-03-2024T16:42:33 - [MESSAGE][PASSED] - Object 'Object Repository/SwagLab_LoginWithValidUser/Page_Swag Labs/div_Swag Labs' is present

03-03-2024T16:42:33 - [TEST_STEP][PASSED] - setText(findTestObject("Object Repository/SwagLab_LoginWithValidUser/Page_Swag Labs/input_Swag Labs_user-name"), "standard_user"): Text 'standard_user' is set on object 'Object Repository/SwagLab_LoginWithValidUser/Page_Swag Labs/input_Swag Labs_user-name'

03-03-2024T16:42:35 - [MESSAGE][PASSED] - Text 'standard_user' is set on object 'Object Repository/SwagLab_LoginWithValidUser/Page_Swag Labs/input_Swag Labs_user-name'

03-03-2024T16:42:35 - [TEST_STEP][PASSED] - setEncryptedText(findTestObject("Object Repository/SwagLab_LoginWithValidUser/Page_Swag Labs/input_Swag Labs_password"), "qcu24s4901FyWDTwXGr6XA=="): Text ****** has been set on object 'Object Repository/SwagLab_LoginWithValidUser/Page_Swag Labs/input_Swag Labs_password'

03-03-2024T16:42:35 - [MESSAGE][PASSED] - Text ****** has been set on object 'Object Repository/SwagLab_LoginWithValidUser/Page_Swag Labs/input_Swag Labs_password'

03-03-2024T16:42:35 - [TEST_STEP][PASSED] - click(findTestObject("Object Repository/SwagLab_LoginWithValidUser/Page_Swag Labs/input_Swag Labs_login-button")): Object: 'Object Repository/SwagLab_LoginWithValidUser/Page_Swag Labs/input_Swag Labs_login-button' is clicked on

03-03-2024T16:42:36 - [MESSAGE][PASSED] - Object: 'Object Repository/SwagLab_LoginWithValidUser/Page_Swag Labs/input_Swag Labs_login-button' is clicked on

03-03-2024T16:42:36 - [TEST_STEP][PASSED] - waitForElementVisible(findTestObject("Object Repository/SwagLab_LoginWithValidUser/Page_Swag Labs/div_Swag Labs"), 0): Object 'Object Repository/SwagLab_LoginWithValidUser/Page_Swag Labs/div_Swag Labs' is visible

03-03-2024T16:42:37 - [MESSAGE][WARNING] - Timeout '0' is invalid. Using default page load timeout: '30'

03-03-2024T16:42:37 - [MESSAGE][PASSED] - Object 'Object Repository/SwagLab_LoginWithValidUser/Page_Swag Labs/div_Swag Labs' is visible

03-03-2024T16:42:37 - [TEST_STEP][PASSED] - verifyElementPresent(findTestObject("SwagLab_LoginWithValidUser/Page_Swag Labs/div_Swag Labs"), 0): Object 'Object Repository/SwagLab_LoginWithValidUser/Page_Swag Labs/div_Swag Labs' is present

03-03-2024T16:42:37 - [MESSAGE][WARNING] - Timeout '0' is invalid. Using default page load timeout: '30'

03-03-2024T16:42:38 - [MESSAGE][PASSED] - Object 'Object Repository/SwagLab_LoginWithValidUser/Page_Swag Labs/div_Swag Labs' is present

03-03-2024T16:42:38 - [MESSAGE][PASSED] - Call Test Case 'Test Cases/SauceLabsApp/TC_21_LoginWithValidUser' successfully

03-03-2024T16:42:38 - [TEST_STEP][PASSED] - click(findTestObject("Object Repository/SwagLab_Verify_AboutPage/Page_Swag Labs/button_Open Menu")): Object: 'Object Repository/SwagLab_Verify_AboutPage/Page_Swag Labs/button_Open Menu' is clicked on

03-03-2024T16:42:39 - [MESSAGE][PASSED] - Object: 'Object Repository/SwagLab_Verify_AboutPage/Page_Swag Labs/button_Open Menu' is clicked on

03-03-2024T16:42:39 - [TEST_STEP][PASSED] - click(findTestObject("Object Repository/SwagLab_Verify_AboutPage/Page_Swag Labs/a_About")): Object: 'Object Repository/SwagLab_Verify_AboutPage/Page_Swag Labs/a_About' is clicked on

03-03-2024T16:43:20 - [MESSAGE][PASSED] - Object: 'Object Repository/SwagLab_Verify_AboutPage/Page_Swag Labs/a_About' is clicked on

03-03-2024T16:43:20 - [TEST_STEP][PASSED] - navigateToUrl("https://saucelabs.com/"): Navigate to 'https://saucelabs.com/' successfully

03-03-2024T16:43:57 - [MESSAGE][PASSED] - Navigate to 'https://saucelabs.com/' successfully

03-03-2024T16:43:57 - [TEST_STEP][PASSED] - verifyElementVisible(findTestObject("Object Repository/SwagLab_Verify_AboutPage/Page_Sauce Labs Cross Browser Testing, Sele_e8ee84/div_Products_MuiBox-root css-qkbq7h")): Object 'Object Repository/SwagLab_Verify_AboutPage/Page_Sauce Labs Cross Browser Testing, Sele_e8ee84/div_Products_MuiBox-root css-qkbq7h' is visible

03-03-2024T16:43:58 - [MESSAGE][PASSED] - Object 'Object Repository/SwagLab_Verify_AboutPage/Page_Sauce Labs Cross Browser Testing, Sele_e8ee84/div_Products_MuiBox-root css-qkbq7h' is visible

03-03-2024T16:43:58 - [TEST_STEP][PASSED] - closeBrowser(): Browser is closed

03-03-2024T16:44:32 - [MESSAGE][PASSED] - Browser is closed]]></system-out>
         <system-err><![CDATA[]]></system-err>
      </testcase>
      <system-out><![CDATA[03-03-2024T16:41:59 - [TEST_SUITE][PASSED] - TS_24_SwagLab_VerifyAboutPage: Test Cases/SauceLabsApp/TC_24_Verify_AboutPage]]></system-out>
      <system-err><![CDATA[]]></system-err>
   </testsuite>
</testsuites>
