<?xml version="1.0" encoding="UTF-8"?>
<testsuites name="TS_23_SwagLab_VerifyHomePage" time="32.249" tests="1" failures="0" errors="0">
   <testsuite name="TS_23_SwagLab_VerifyHomePage" tests="1" failures="0" errors="0" time="32.249" skipped="0" timestamp="09-03-2024T11:43:08" hostname="DJ793LJ - IN3233809W1.ey.net" id="Test Suites/TS_23_SwagLab_VerifyHomePage">
      <properties>
         <property name="deviceName" value=""/>
         <property name="devicePlatform" value=""/>
         <property name="logFolder" value="C:\\Users\\DJ793LJ\\git\\Katalon-Training\\Reports\\20240309_113709\\TS_23_SwagLab_VerifyHomePage\\20240309_113714"/>
         <property name="logFiles" value="C:\\Users\\DJ793LJ\\git\\Katalon-Training\\Reports\\20240309_113709\\TS_23_SwagLab_VerifyHomePage\\20240309_113714\\execution0.log"/>
         <property name="attachments" value=""/>
         <property name="hostName" value="DJ793LJ - IN3233809W1.ey.net"/>
         <property name="os" value="Windows 10 64bit"/>
         <property name="katalonVersion" value="9.3.1.212"/>
         <property name="browser" value="Edge Chromium 122"/>
         <property name="hostAddress" value="192.168.2.5"/>
         <property name="sessionId" value="9b8269285b08fc79749a2619bd1a7302"/>
         <property name="seleniumVersion" value="3.141.59"/>
         <property name="proxyInformation" value="ProxyInformation { proxyOption=NO_PROXY, proxyServerType=HTTP, username=, password=********, proxyServerAddress=, proxyServerPort=0, executionList=&quot;&quot;, isApplyToDesiredCapabilities=true }"/>
         <property name="platform" value="Windows 10"/>
      </properties>
      <testcase name="Test Cases/SauceLabsApp/TC_23_VerfiyHomePage" time="32.036" classname="Test Cases/SauceLabsApp/TC_23_VerfiyHomePage" status="PASSED">
         <system-out><![CDATA[09-03-2024T11:43:08 - [TEST_CASE][PASSED] - Test Cases/SauceLabsApp/TC_23_VerfiyHomePage: Test Cases/SauceLabsApp/TC_23_VerfiyHomePage

09-03-2024T11:43:08 - [TEST_STEP][PASSED] - callTestCase(findTestCase("SauceLabsApp/TC_21_LoginWithValidUser"), [:], STOP_ON_FAILURE): Call Test Case 'Test Cases/SauceLabsApp/TC_21_LoginWithValidUser' successfully

09-03-2024T11:43:08 - [TEST_CASE][PASSED] - Test Cases/SauceLabsApp/TC_21_LoginWithValidUser: Test Cases/SauceLabsApp/TC_21_LoginWithValidUser

09-03-2024T11:43:08 - [TEST_STEP][PASSED] - openBrowser(""): Browser is opened with url: ''

09-03-2024T11:43:09 - [MESSAGE][INFO] - Starting 'Edge Chromium' driver

09-03-2024T11:43:09 - [MESSAGE][INFO] - Action delay is set to 0 milliseconds

09-03-2024T11:43:12 - [MESSAGE][PASSED] - Browser is opened with url: ''

09-03-2024T11:43:12 - [TEST_STEP][PASSED] - navigateToUrl("https://www.saucedemo.com/"): Navigate to 'https://www.saucedemo.com/' successfully

09-03-2024T11:43:15 - [MESSAGE][PASSED] - Navigate to 'https://www.saucedemo.com/' successfully

09-03-2024T11:43:15 - [TEST_STEP][PASSED] - maximizeWindow(): Current window maximized

09-03-2024T11:43:15 - [MESSAGE][PASSED] - Current window maximized

09-03-2024T11:43:15 - [TEST_STEP][PASSED] - verifyElementPresent(findTestObject("Object Repository/SwagLab_LoginWithValidUser/Page_Swag Labs/div_Swag Labs"), 0): Object 'Object Repository/SwagLab_LoginWithValidUser/Page_Swag Labs/div_Swag Labs' is present

09-03-2024T11:43:16 - [MESSAGE][WARNING] - Timeout '0' is invalid. Using default page load timeout: '30'

09-03-2024T11:43:18 - [MESSAGE][PASSED] - Object 'Object Repository/SwagLab_LoginWithValidUser/Page_Swag Labs/div_Swag Labs' is present

09-03-2024T11:43:18 - [TEST_STEP][PASSED] - setText(findTestObject("Object Repository/SwagLab_LoginWithValidUser/Page_Swag Labs/input_Swag Labs_user-name"), "standard_user"): Text 'standard_user' is set on object 'Object Repository/SwagLab_LoginWithValidUser/Page_Swag Labs/input_Swag Labs_user-name'

09-03-2024T11:43:18 - [MESSAGE][PASSED] - Text 'standard_user' is set on object 'Object Repository/SwagLab_LoginWithValidUser/Page_Swag Labs/input_Swag Labs_user-name'

09-03-2024T11:43:18 - [TEST_STEP][PASSED] - setEncryptedText(findTestObject("Object Repository/SwagLab_LoginWithValidUser/Page_Swag Labs/input_Swag Labs_password"), "qcu24s4901FyWDTwXGr6XA=="): Text ****** has been set on object 'Object Repository/SwagLab_LoginWithValidUser/Page_Swag Labs/input_Swag Labs_password'

09-03-2024T11:43:19 - [MESSAGE][PASSED] - Text ****** has been set on object 'Object Repository/SwagLab_LoginWithValidUser/Page_Swag Labs/input_Swag Labs_password'

09-03-2024T11:43:19 - [TEST_STEP][PASSED] - click(findTestObject("Object Repository/SwagLab_LoginWithValidUser/Page_Swag Labs/input_Swag Labs_login-button")): Object: 'Object Repository/SwagLab_LoginWithValidUser/Page_Swag Labs/input_Swag Labs_login-button' is clicked on

09-03-2024T11:43:21 - [MESSAGE][PASSED] - Object: 'Object Repository/SwagLab_LoginWithValidUser/Page_Swag Labs/input_Swag Labs_login-button' is clicked on

09-03-2024T11:43:21 - [TEST_STEP][PASSED] - waitForElementVisible(findTestObject("Object Repository/SwagLab_LoginWithValidUser/Page_Swag Labs/div_Swag Labs"), 0): Object 'Object Repository/SwagLab_LoginWithValidUser/Page_Swag Labs/div_Swag Labs' is visible

09-03-2024T11:43:21 - [MESSAGE][WARNING] - Timeout '0' is invalid. Using default page load timeout: '30'

09-03-2024T11:43:23 - [MESSAGE][PASSED] - Object 'Object Repository/SwagLab_LoginWithValidUser/Page_Swag Labs/div_Swag Labs' is visible

09-03-2024T11:43:23 - [TEST_STEP][PASSED] - verifyElementPresent(findTestObject("SwagLab_LoginWithValidUser/Page_Swag Labs/div_Swag Labs"), 0): Object 'Object Repository/SwagLab_LoginWithValidUser/Page_Swag Labs/div_Swag Labs' is present

09-03-2024T11:43:23 - [MESSAGE][WARNING] - Timeout '0' is invalid. Using default page load timeout: '30'

09-03-2024T11:43:25 - [MESSAGE][PASSED] - Object 'Object Repository/SwagLab_LoginWithValidUser/Page_Swag Labs/div_Swag Labs' is present

09-03-2024T11:43:25 - [MESSAGE][PASSED] - Call Test Case 'Test Cases/SauceLabsApp/TC_21_LoginWithValidUser' successfully

09-03-2024T11:43:25 - [TEST_STEP][PASSED] - click(findTestObject("Object Repository/SwagLab_VerifyHomePage/Page_Swag Labs/button_Open Menu")): Object: 'Object Repository/SwagLab_VerifyHomePage/Page_Swag Labs/button_Open Menu' is clicked on

09-03-2024T11:43:27 - [MESSAGE][PASSED] - Object: 'Object Repository/SwagLab_VerifyHomePage/Page_Swag Labs/button_Open Menu' is clicked on

09-03-2024T11:43:27 - [TEST_STEP][PASSED] - verifyElementText(findTestObject("Object Repository/SwagLab_VerifyHomePage/Page_Swag Labs/a_All Items"), "All Items"): Actual text and expected text of test object 'Object Repository/SwagLab_VerifyHomePage/Page_Swag Labs/a_All Items' are matched.

09-03-2024T11:43:29 - [MESSAGE][PASSED] - Actual text and expected text of test object 'Object Repository/SwagLab_VerifyHomePage/Page_Swag Labs/a_All Items' are matched.

09-03-2024T11:43:29 - [TEST_STEP][PASSED] - verifyElementText(findTestObject("Object Repository/SwagLab_VerifyHomePage/Page_Swag Labs/a_About"), "About"): Actual text and expected text of test object 'Object Repository/SwagLab_VerifyHomePage/Page_Swag Labs/a_About' are matched.

09-03-2024T11:43:32 - [MESSAGE][PASSED] - Actual text and expected text of test object 'Object Repository/SwagLab_VerifyHomePage/Page_Swag Labs/a_About' are matched.

09-03-2024T11:43:32 - [TEST_STEP][PASSED] - verifyElementText(findTestObject("Object Repository/SwagLab_VerifyHomePage/Page_Swag Labs/a_Logout"), "Logout"): Actual text and expected text of test object 'Object Repository/SwagLab_VerifyHomePage/Page_Swag Labs/a_Logout' are matched.

09-03-2024T11:43:34 - [MESSAGE][PASSED] - Actual text and expected text of test object 'Object Repository/SwagLab_VerifyHomePage/Page_Swag Labs/a_Logout' are matched.

09-03-2024T11:43:34 - [TEST_STEP][PASSED] - verifyElementText(findTestObject("Object Repository/SwagLab_VerifyHomePage/Page_Swag Labs/a_Reset App State"), "Reset App State"): Actual text and expected text of test object 'Object Repository/SwagLab_VerifyHomePage/Page_Swag Labs/a_Reset App State' are matched.

09-03-2024T11:43:36 - [MESSAGE][PASSED] - Actual text and expected text of test object 'Object Repository/SwagLab_VerifyHomePage/Page_Swag Labs/a_Reset App State' are matched.

09-03-2024T11:43:36 - [TEST_STEP][PASSED] - click(findTestObject("Object Repository/SwagLab_VerifyHomePage/Page_Swag Labs/button_Close Menu")): Object: 'Object Repository/SwagLab_VerifyHomePage/Page_Swag Labs/button_Close Menu' is clicked on

09-03-2024T11:43:38 - [MESSAGE][PASSED] - Object: 'Object Repository/SwagLab_VerifyHomePage/Page_Swag Labs/button_Close Menu' is clicked on

09-03-2024T11:43:38 - [TEST_STEP][PASSED] - verifyElementVisible(findTestObject("Object Repository/SwagLab_VerifyHomePage/Page_Swag Labs/a_Swag Labs_shopping_cart_link")): Object 'Object Repository/SwagLab_VerifyHomePage/Page_Swag Labs/a_Swag Labs_shopping_cart_link' is visible

09-03-2024T11:43:40 - [MESSAGE][PASSED] - Object 'Object Repository/SwagLab_VerifyHomePage/Page_Swag Labs/a_Swag Labs_shopping_cart_link' is visible

09-03-2024T11:43:40 - [TEST_STEP][PASSED] - closeBrowser(): Browser is closed

09-03-2024T11:43:40 - [MESSAGE][PASSED] - Browser is closed]]></system-out>
         <system-err><![CDATA[]]></system-err>
      </testcase>
      <system-out><![CDATA[09-03-2024T11:43:08 - [TEST_SUITE][PASSED] - TS_23_SwagLab_VerifyHomePage: Test Cases/SauceLabsApp/TC_23_VerfiyHomePage]]></system-out>
      <system-err><![CDATA[]]></system-err>
   </testsuite>
</testsuites>
