<?xml version="1.0" encoding="UTF-8"?>
<testsuites name="TS_16_LoginToApp" time="30.591" tests="1" failures="0" errors="0">
   <testsuite name="TS_16_LoginToApp" tests="1" failures="0" errors="0" time="30.591" skipped="0" timestamp="09-03-2024T11:30:31" hostname="DJ793LJ - IN3233809W1.ey.net" id="Test Suites/TS_16_LoginToApp">
      <properties>
         <property name="deviceName" value=""/>
         <property name="devicePlatform" value=""/>
         <property name="logFolder" value="C:\\Users\\DJ793LJ\\git\\Katalon-Training\\Reports\\20240309_112956\\TS_16_LoginToApp\\20240309_112957"/>
         <property name="logFiles" value="C:\\Users\\DJ793LJ\\git\\Katalon-Training\\Reports\\20240309_112956\\TS_16_LoginToApp\\20240309_112957\\execution0.log"/>
         <property name="attachments" value=""/>
         <property name="hostName" value="DJ793LJ - IN3233809W1.ey.net"/>
         <property name="os" value="Windows 10 64bit"/>
         <property name="katalonVersion" value="9.3.1.212"/>
         <property name="browser" value="Edge Chromium 122"/>
         <property name="hostAddress" value="192.168.2.5"/>
         <property name="sessionId" value="fb92d0a815be0a5f5feea2c06e5c8de3"/>
         <property name="seleniumVersion" value="3.141.59"/>
         <property name="proxyInformation" value="ProxyInformation { proxyOption=NO_PROXY, proxyServerType=HTTP, username=, password=********, proxyServerAddress=, proxyServerPort=0, executionList=&quot;&quot;, isApplyToDesiredCapabilities=true }"/>
         <property name="platform" value="Windows 10"/>
      </properties>
      <testcase name="Test Cases/PetStoreApp/TC_16_LoginToApp" time="30.027" classname="Test Cases/PetStoreApp/TC_16_LoginToApp" status="PASSED">
         <system-out><![CDATA[09-03-2024T11:30:32 - [TEST_CASE][PASSED] - Test Cases/PetStoreApp/TC_16_LoginToApp: Test Cases/PetStoreApp/TC_16_LoginToApp

09-03-2024T11:30:32 - [TEST_STEP][PASSED] - openBrowser(""): Browser is opened with url: ''

09-03-2024T11:30:33 - [MESSAGE][INFO] - Starting 'Edge Chromium' driver

09-03-2024T11:30:34 - [MESSAGE][INFO] - Action delay is set to 0 milliseconds

09-03-2024T11:30:37 - [MESSAGE][PASSED] - Browser is opened with url: ''

09-03-2024T11:30:37 - [TEST_STEP][PASSED] - navigateToUrl("https://petstore.octoperf.com/"): Navigate to 'https://petstore.octoperf.com/' successfully

09-03-2024T11:30:38 - [MESSAGE][PASSED] - Navigate to 'https://petstore.octoperf.com/' successfully

09-03-2024T11:30:38 - [TEST_STEP][PASSED] - verifyElementText(findTestObject("Object Repository/LoginToApp/Page_JPetStore Demo/h2_Welcome to JPetStore 6"), "Welcome to JPetStore 6"): Actual text and expected text of test object 'Object Repository/LoginToApp/Page_JPetStore Demo/h2_Welcome to JPetStore 6' are matched.

09-03-2024T11:30:41 - [MESSAGE][PASSED] - Actual text and expected text of test object 'Object Repository/LoginToApp/Page_JPetStore Demo/h2_Welcome to JPetStore 6' are matched.

09-03-2024T11:30:41 - [TEST_STEP][PASSED] - click(findTestObject("Object Repository/LoginToApp/Page_JPetStore Demo/a_Enter the Store")): Object: 'Object Repository/LoginToApp/Page_JPetStore Demo/a_Enter the Store' is clicked on

09-03-2024T11:30:44 - [MESSAGE][PASSED] - Object: 'Object Repository/LoginToApp/Page_JPetStore Demo/a_Enter the Store' is clicked on

09-03-2024T11:30:44 - [TEST_STEP][PASSED] - verifyElementText(findTestObject("Object Repository/LoginToApp/Page_JPetStore Demo/img"), ""): Actual text and expected text of test object 'Object Repository/LoginToApp/Page_JPetStore Demo/img' are matched.

09-03-2024T11:30:46 - [MESSAGE][PASSED] - Actual text and expected text of test object 'Object Repository/LoginToApp/Page_JPetStore Demo/img' are matched.

09-03-2024T11:30:46 - [TEST_STEP][PASSED] - click(findTestObject("Object Repository/LoginToApp/Page_JPetStore Demo/a_Sign In")): Object: 'Object Repository/LoginToApp/Page_JPetStore Demo/a_Sign In' is clicked on

09-03-2024T11:30:48 - [MESSAGE][PASSED] - Object: 'Object Repository/LoginToApp/Page_JPetStore Demo/a_Sign In' is clicked on

09-03-2024T11:30:48 - [TEST_STEP][PASSED] - setText(findTestObject("Object Repository/LoginToApp/Page_JPetStore Demo/input_Need a user name and password_username"), "bruvie"): Text 'bruvie' is set on object 'Object Repository/LoginToApp/Page_JPetStore Demo/input_Need a user name and password_username'

09-03-2024T11:30:52 - [MESSAGE][PASSED] - Text 'bruvie' is set on object 'Object Repository/LoginToApp/Page_JPetStore Demo/input_Need a user name and password_username'

09-03-2024T11:30:52 - [TEST_STEP][PASSED] - setEncryptedText(findTestObject("Object Repository/LoginToApp/Page_JPetStore Demo/input_Need a user name and password_password"), "qPDWtMYEx+8="): Text ****** has been set on object 'Object Repository/LoginToApp/Page_JPetStore Demo/input_Need a user name and password_password'

09-03-2024T11:30:54 - [MESSAGE][PASSED] - Text ****** has been set on object 'Object Repository/LoginToApp/Page_JPetStore Demo/input_Need a user name and password_password'

09-03-2024T11:30:54 - [TEST_STEP][PASSED] - click(findTestObject("Object Repository/LoginToApp/Page_JPetStore Demo/p_UsernamesetTimeout(function()tryvar zdocu_90a06a")): Object: 'Object Repository/LoginToApp/Page_JPetStore Demo/p_UsernamesetTimeout(function()tryvar zdocu_90a06a' is clicked on

09-03-2024T11:30:56 - [MESSAGE][PASSED] - Object: 'Object Repository/LoginToApp/Page_JPetStore Demo/p_UsernamesetTimeout(function()tryvar zdocu_90a06a' is clicked on

09-03-2024T11:30:56 - [TEST_STEP][PASSED] - setEncryptedText(findTestObject("Object Repository/LoginToApp/Page_JPetStore Demo/input_Need a user name and password_password"), "5Z9ySau9obQ="): Text ****** has been set on object 'Object Repository/LoginToApp/Page_JPetStore Demo/input_Need a user name and password_password'

09-03-2024T11:30:58 - [MESSAGE][PASSED] - Text ****** has been set on object 'Object Repository/LoginToApp/Page_JPetStore Demo/input_Need a user name and password_password'

09-03-2024T11:30:58 - [TEST_STEP][PASSED] - click(findTestObject("Object Repository/LoginToApp/Page_JPetStore Demo/input_Need a user name and password_signon")): Object: 'Object Repository/LoginToApp/Page_JPetStore Demo/input_Need a user name and password_signon' is clicked on

09-03-2024T11:31:00 - [MESSAGE][PASSED] - Object: 'Object Repository/LoginToApp/Page_JPetStore Demo/input_Need a user name and password_signon' is clicked on

09-03-2024T11:31:00 - [TEST_STEP][PASSED] - verifyElementText(findTestObject("Object Repository/LoginToApp/Page_JPetStore Demo/div_Welcome Bruvie"), "Welcome Bruvie!"): Actual text and expected text of test object 'Object Repository/LoginToApp/Page_JPetStore Demo/div_Welcome Bruvie' are matched.

09-03-2024T11:31:02 - [MESSAGE][PASSED] - Actual text and expected text of test object 'Object Repository/LoginToApp/Page_JPetStore Demo/div_Welcome Bruvie' are matched.]]></system-out>
         <system-err><![CDATA[]]></system-err>
      </testcase>
      <system-out><![CDATA[09-03-2024T11:30:31 - [TEST_SUITE][PASSED] - TS_16_LoginToApp: Test Cases/PetStoreApp/TC_16_LoginToApp]]></system-out>
      <system-err><![CDATA[]]></system-err>
   </testsuite>
</testsuites>
