<?xml version="1.0" encoding="UTF-8"?>
<testsuites name="TS_18_LoginAndPurchaseDog" time="46.159" tests="1" failures="0" errors="0">
   <testsuite name="TS_18_LoginAndPurchaseDog" tests="1" failures="0" errors="0" time="46.159" skipped="0" timestamp="09-03-2024T11:11:26" hostname="DJ793LJ - IN3233809W1.ey.net" id="Test Suites/TS_18_LoginAndPurchaseDog">
      <properties>
         <property name="deviceName" value=""/>
         <property name="devicePlatform" value=""/>
         <property name="logFolder" value="C:\\Users\\DJ793LJ\\git\\Katalon-Training\\Reports\\20240309_111120\\TS_18_LoginAndPurchaseDog\\20240309_111121"/>
         <property name="logFiles" value="C:\\Users\\DJ793LJ\\git\\Katalon-Training\\Reports\\20240309_111120\\TS_18_LoginAndPurchaseDog\\20240309_111121\\execution0.log"/>
         <property name="attachments" value=""/>
         <property name="hostName" value="DJ793LJ - IN3233809W1.ey.net"/>
         <property name="os" value="Windows 10 64bit"/>
         <property name="katalonVersion" value="9.3.1.212"/>
         <property name="browser" value="Edge Chromium 122"/>
         <property name="hostAddress" value="192.168.2.5"/>
         <property name="sessionId" value="b7e5d70ab0d936474da10720055db6d3"/>
         <property name="seleniumVersion" value="3.141.59"/>
         <property name="proxyInformation" value="ProxyInformation { proxyOption=NO_PROXY, proxyServerType=HTTP, username=, password=********, proxyServerAddress=, proxyServerPort=0, executionList=&quot;&quot;, isApplyToDesiredCapabilities=true }"/>
         <property name="platform" value="Windows 10"/>
      </properties>
      <testcase name="Test Cases/PetStoreApp/TC_18_LoginAndPurchaseDog" time="45.972" classname="Test Cases/PetStoreApp/TC_18_LoginAndPurchaseDog" status="PASSED">
         <system-out><![CDATA[09-03-2024T11:11:26 - [TEST_CASE][PASSED] - Test Cases/PetStoreApp/TC_18_LoginAndPurchaseDog: Test Cases/PetStoreApp/TC_18_LoginAndPurchaseDog

09-03-2024T11:11:27 - [TEST_STEP][PASSED] - callTestCase(findTestCase("PetStoreApp/TC_16_LoginToApp"), [:], STOP_ON_FAILURE): Call Test Case 'Test Cases/PetStoreApp/TC_16_LoginToApp' successfully

09-03-2024T11:11:27 - [TEST_CASE][PASSED] - Test Cases/PetStoreApp/TC_16_LoginToApp: Test Cases/PetStoreApp/TC_16_LoginToApp

09-03-2024T11:11:27 - [TEST_STEP][PASSED] - openBrowser(""): Browser is opened with url: ''

09-03-2024T11:11:27 - [MESSAGE][INFO] - Starting 'Edge Chromium' driver

09-03-2024T11:11:28 - [MESSAGE][INFO] - Action delay is set to 0 milliseconds

09-03-2024T11:11:30 - [MESSAGE][PASSED] - Browser is opened with url: ''

09-03-2024T11:11:30 - [TEST_STEP][PASSED] - navigateToUrl("https://petstore.octoperf.com/"): Navigate to 'https://petstore.octoperf.com/' successfully

09-03-2024T11:11:32 - [MESSAGE][PASSED] - Navigate to 'https://petstore.octoperf.com/' successfully

09-03-2024T11:11:32 - [TEST_STEP][PASSED] - verifyElementText(findTestObject("Object Repository/LoginToApp/Page_JPetStore Demo/h2_Welcome to JPetStore 6"), "Welcome to JPetStore 6"): Actual text and expected text of test object 'Object Repository/LoginToApp/Page_JPetStore Demo/h2_Welcome to JPetStore 6' are matched.

09-03-2024T11:11:34 - [MESSAGE][PASSED] - Actual text and expected text of test object 'Object Repository/LoginToApp/Page_JPetStore Demo/h2_Welcome to JPetStore 6' are matched.

09-03-2024T11:11:34 - [TEST_STEP][PASSED] - click(findTestObject("Object Repository/LoginToApp/Page_JPetStore Demo/a_Enter the Store")): Object: 'Object Repository/LoginToApp/Page_JPetStore Demo/a_Enter the Store' is clicked on

09-03-2024T11:11:37 - [MESSAGE][PASSED] - Object: 'Object Repository/LoginToApp/Page_JPetStore Demo/a_Enter the Store' is clicked on

09-03-2024T11:11:37 - [TEST_STEP][PASSED] - verifyElementText(findTestObject("Object Repository/LoginToApp/Page_JPetStore Demo/img"), ""): Actual text and expected text of test object 'Object Repository/LoginToApp/Page_JPetStore Demo/img' are matched.

09-03-2024T11:11:39 - [MESSAGE][PASSED] - Actual text and expected text of test object 'Object Repository/LoginToApp/Page_JPetStore Demo/img' are matched.

09-03-2024T11:11:39 - [TEST_STEP][PASSED] - click(findTestObject("Object Repository/LoginToApp/Page_JPetStore Demo/a_Sign In")): Object: 'Object Repository/LoginToApp/Page_JPetStore Demo/a_Sign In' is clicked on

09-03-2024T11:11:41 - [MESSAGE][PASSED] - Object: 'Object Repository/LoginToApp/Page_JPetStore Demo/a_Sign In' is clicked on

09-03-2024T11:11:41 - [TEST_STEP][PASSED] - setText(findTestObject("Object Repository/LoginToApp/Page_JPetStore Demo/input_Need a user name and password_username"), "bruvie"): Text 'bruvie' is set on object 'Object Repository/LoginToApp/Page_JPetStore Demo/input_Need a user name and password_username'

09-03-2024T11:11:45 - [MESSAGE][PASSED] - Text 'bruvie' is set on object 'Object Repository/LoginToApp/Page_JPetStore Demo/input_Need a user name and password_username'

09-03-2024T11:11:45 - [TEST_STEP][PASSED] - setEncryptedText(findTestObject("Object Repository/LoginToApp/Page_JPetStore Demo/input_Need a user name and password_password"), "qPDWtMYEx+8="): Text ****** has been set on object 'Object Repository/LoginToApp/Page_JPetStore Demo/input_Need a user name and password_password'

09-03-2024T11:11:47 - [MESSAGE][PASSED] - Text ****** has been set on object 'Object Repository/LoginToApp/Page_JPetStore Demo/input_Need a user name and password_password'

09-03-2024T11:11:47 - [TEST_STEP][PASSED] - click(findTestObject("Object Repository/LoginToApp/Page_JPetStore Demo/p_UsernamesetTimeout(function()tryvar zdocu_90a06a")): Object: 'Object Repository/LoginToApp/Page_JPetStore Demo/p_UsernamesetTimeout(function()tryvar zdocu_90a06a' is clicked on

09-03-2024T11:11:49 - [MESSAGE][PASSED] - Object: 'Object Repository/LoginToApp/Page_JPetStore Demo/p_UsernamesetTimeout(function()tryvar zdocu_90a06a' is clicked on

09-03-2024T11:11:49 - [TEST_STEP][PASSED] - setEncryptedText(findTestObject("Object Repository/LoginToApp/Page_JPetStore Demo/input_Need a user name and password_password"), "5Z9ySau9obQ="): Text ****** has been set on object 'Object Repository/LoginToApp/Page_JPetStore Demo/input_Need a user name and password_password'

09-03-2024T11:11:51 - [MESSAGE][PASSED] - Text ****** has been set on object 'Object Repository/LoginToApp/Page_JPetStore Demo/input_Need a user name and password_password'

09-03-2024T11:11:51 - [TEST_STEP][PASSED] - click(findTestObject("Object Repository/LoginToApp/Page_JPetStore Demo/input_Need a user name and password_signon")): Object: 'Object Repository/LoginToApp/Page_JPetStore Demo/input_Need a user name and password_signon' is clicked on

09-03-2024T11:11:53 - [MESSAGE][PASSED] - Object: 'Object Repository/LoginToApp/Page_JPetStore Demo/input_Need a user name and password_signon' is clicked on

09-03-2024T11:11:53 - [TEST_STEP][PASSED] - verifyElementText(findTestObject("Object Repository/LoginToApp/Page_JPetStore Demo/div_Welcome Bruvie"), "Welcome Bruvie!"): Actual text and expected text of test object 'Object Repository/LoginToApp/Page_JPetStore Demo/div_Welcome Bruvie' are matched.

09-03-2024T11:11:55 - [MESSAGE][PASSED] - Actual text and expected text of test object 'Object Repository/LoginToApp/Page_JPetStore Demo/div_Welcome Bruvie' are matched.

09-03-2024T11:11:55 - [MESSAGE][PASSED] - Call Test Case 'Test Cases/PetStoreApp/TC_16_LoginToApp' successfully

09-03-2024T11:11:55 - [TEST_STEP][PASSED] - click(findTestObject("Object Repository/LoginAndPurchaseDog/Page_JPetStore Demo/img")): Object: 'Object Repository/LoginAndPurchaseDog/Page_JPetStore Demo/img' is clicked on

09-03-2024T11:11:57 - [MESSAGE][PASSED] - Object: 'Object Repository/LoginAndPurchaseDog/Page_JPetStore Demo/img' is clicked on

09-03-2024T11:11:57 - [TEST_STEP][PASSED] - navigateToUrl("https://petstore.octoperf.com/actions/Catalog.action?viewCategory=&categoryId=DOGS"): Navigate to 'https://petstore.octoperf.com/actions/Catalog.action?viewCategory=&categoryId=DOGS' successfully

09-03-2024T11:11:57 - [MESSAGE][PASSED] - Navigate to 'https://petstore.octoperf.com/actions/Catalog.action?viewCategory=&categoryId=DOGS' successfully

09-03-2024T11:11:57 - [TEST_STEP][PASSED] - click(findTestObject("Object Repository/LoginAndPurchaseDog/Page_JPetStore Demo/a_K9-RT-01")): Object: 'Object Repository/LoginAndPurchaseDog/Page_JPetStore Demo/a_K9-RT-01' is clicked on

09-03-2024T11:12:00 - [MESSAGE][PASSED] - Object: 'Object Repository/LoginAndPurchaseDog/Page_JPetStore Demo/a_K9-RT-01' is clicked on

09-03-2024T11:12:00 - [TEST_STEP][PASSED] - click(findTestObject("Object Repository/LoginAndPurchaseDog/Page_JPetStore Demo/a_Add to Cart")): Object: 'Object Repository/LoginAndPurchaseDog/Page_JPetStore Demo/a_Add to Cart' is clicked on

09-03-2024T11:12:02 - [MESSAGE][PASSED] - Object: 'Object Repository/LoginAndPurchaseDog/Page_JPetStore Demo/a_Add to Cart' is clicked on

09-03-2024T11:12:02 - [TEST_STEP][PASSED] - click(findTestObject("Object Repository/LoginAndPurchaseDog/Page_JPetStore Demo/td")): Object: 'Object Repository/LoginAndPurchaseDog/Page_JPetStore Demo/td' is clicked on

09-03-2024T11:12:04 - [MESSAGE][PASSED] - Object: 'Object Repository/LoginAndPurchaseDog/Page_JPetStore Demo/td' is clicked on

09-03-2024T11:12:04 - [TEST_STEP][PASSED] - setText(findTestObject("Object Repository/LoginAndPurchaseDog/Page_JPetStore Demo/input_true_EST-28"), "5"): Text '5' is set on object 'Object Repository/LoginAndPurchaseDog/Page_JPetStore Demo/input_true_EST-28'

09-03-2024T11:12:08 - [MESSAGE][PASSED] - Text '5' is set on object 'Object Repository/LoginAndPurchaseDog/Page_JPetStore Demo/input_true_EST-28'

09-03-2024T11:12:08 - [TEST_STEP][PASSED] - click(findTestObject("Object Repository/LoginAndPurchaseDog/Page_JPetStore Demo/input_Sub Total 155.29_updateCartQuantities")): Object: 'Object Repository/LoginAndPurchaseDog/Page_JPetStore Demo/input_Sub Total 155.29_updateCartQuantities' is clicked on

09-03-2024T11:12:10 - [MESSAGE][PASSED] - Object: 'Object Repository/LoginAndPurchaseDog/Page_JPetStore Demo/input_Sub Total 155.29_updateCartQuantities' is clicked on

09-03-2024T11:12:10 - [TEST_STEP][PASSED] - click(findTestObject("Object Repository/LoginAndPurchaseDog/Page_JPetStore Demo/a_Return to Main Menu")): Object: 'Object Repository/LoginAndPurchaseDog/Page_JPetStore Demo/a_Return to Main Menu' is clicked on

09-03-2024T11:12:12 - [MESSAGE][PASSED] - Object: 'Object Repository/LoginAndPurchaseDog/Page_JPetStore Demo/a_Return to Main Menu' is clicked on

09-03-2024T11:12:12 - [TEST_STEP][PASSED] - closeBrowser(): Browser is closed

09-03-2024T11:12:12 - [MESSAGE][PASSED] - Browser is closed]]></system-out>
         <system-err><![CDATA[]]></system-err>
      </testcase>
      <system-out><![CDATA[09-03-2024T11:11:26 - [TEST_SUITE][PASSED] - TS_18_LoginAndPurchaseDog: Test Cases/PetStoreApp/TC_18_LoginAndPurchaseDog]]></system-out>
      <system-err><![CDATA[]]></system-err>
   </testsuite>
</testsuites>
