<?xml version="1.0" encoding="UTF-8"?>
<testsuites name="TS_30_LoginAndPurchaseCats" time="48.491" tests="1" failures="0" errors="0">
   <testsuite name="TS_30_LoginAndPurchaseCats" tests="1" failures="0" errors="0" time="48.491" skipped="0" timestamp="09-03-2024T11:34:30" hostname="DJ793LJ - IN3233809W1.ey.net" id="Test Suites/TS_30_LoginAndPurchaseCats">
      <properties>
         <property name="deviceName" value=""/>
         <property name="devicePlatform" value=""/>
         <property name="logFolder" value="C:\\Users\\DJ793LJ\\git\\Katalon-Training\\Reports\\20240309_112956\\TS_30_LoginAndPurchaseCats\\20240309_113008"/>
         <property name="logFiles" value="C:\\Users\\DJ793LJ\\git\\Katalon-Training\\Reports\\20240309_112956\\TS_30_LoginAndPurchaseCats\\20240309_113008\\execution0.log"/>
         <property name="attachments" value=""/>
         <property name="hostName" value="DJ793LJ - IN3233809W1.ey.net"/>
         <property name="os" value="Windows 10 64bit"/>
         <property name="katalonVersion" value="9.3.1.212"/>
         <property name="browser" value="Edge Chromium 122"/>
         <property name="hostAddress" value="192.168.2.5"/>
         <property name="sessionId" value="ac48a42c7b76c2f958f7132ce7bb453a"/>
         <property name="seleniumVersion" value="3.141.59"/>
         <property name="proxyInformation" value="ProxyInformation { proxyOption=NO_PROXY, proxyServerType=HTTP, username=, password=********, proxyServerAddress=, proxyServerPort=0, executionList=&quot;&quot;, isApplyToDesiredCapabilities=true }"/>
         <property name="platform" value="Windows 10"/>
      </properties>
      <testcase name="Test Cases/PetStoreApp/TC_30_LoginAndPurchaseCats" time="48.254" classname="Test Cases/PetStoreApp/TC_30_LoginAndPurchaseCats" status="PASSED">
         <system-out><![CDATA[09-03-2024T11:34:30 - [TEST_CASE][PASSED] - Test Cases/PetStoreApp/TC_30_LoginAndPurchaseCats: Test Cases/PetStoreApp/TC_30_LoginAndPurchaseCats

09-03-2024T11:34:30 - [TEST_STEP][PASSED] - callTestCase(findTestCase("PetStoreApp/TC_16_LoginToApp"), [:], STOP_ON_FAILURE): Call Test Case 'Test Cases/PetStoreApp/TC_16_LoginToApp' successfully

09-03-2024T11:34:30 - [TEST_CASE][PASSED] - Test Cases/PetStoreApp/TC_16_LoginToApp: Test Cases/PetStoreApp/TC_16_LoginToApp

09-03-2024T11:34:30 - [TEST_STEP][PASSED] - openBrowser(""): Browser is opened with url: ''

09-03-2024T11:34:31 - [MESSAGE][INFO] - Starting 'Edge Chromium' driver

09-03-2024T11:34:32 - [MESSAGE][INFO] - Action delay is set to 0 milliseconds

09-03-2024T11:34:34 - [MESSAGE][PASSED] - Browser is opened with url: ''

09-03-2024T11:34:34 - [TEST_STEP][PASSED] - navigateToUrl("https://petstore.octoperf.com/"): Navigate to 'https://petstore.octoperf.com/' successfully

09-03-2024T11:34:35 - [MESSAGE][PASSED] - Navigate to 'https://petstore.octoperf.com/' successfully

09-03-2024T11:34:35 - [TEST_STEP][PASSED] - verifyElementText(findTestObject("Object Repository/LoginToApp/Page_JPetStore Demo/h2_Welcome to JPetStore 6"), "Welcome to JPetStore 6"): Actual text and expected text of test object 'Object Repository/LoginToApp/Page_JPetStore Demo/h2_Welcome to JPetStore 6' are matched.

09-03-2024T11:34:37 - [MESSAGE][PASSED] - Actual text and expected text of test object 'Object Repository/LoginToApp/Page_JPetStore Demo/h2_Welcome to JPetStore 6' are matched.

09-03-2024T11:34:37 - [TEST_STEP][PASSED] - click(findTestObject("Object Repository/LoginToApp/Page_JPetStore Demo/a_Enter the Store")): Object: 'Object Repository/LoginToApp/Page_JPetStore Demo/a_Enter the Store' is clicked on

09-03-2024T11:34:40 - [MESSAGE][PASSED] - Object: 'Object Repository/LoginToApp/Page_JPetStore Demo/a_Enter the Store' is clicked on

09-03-2024T11:34:40 - [TEST_STEP][PASSED] - verifyElementText(findTestObject("Object Repository/LoginToApp/Page_JPetStore Demo/img"), ""): Actual text and expected text of test object 'Object Repository/LoginToApp/Page_JPetStore Demo/img' are matched.

09-03-2024T11:34:42 - [MESSAGE][PASSED] - Actual text and expected text of test object 'Object Repository/LoginToApp/Page_JPetStore Demo/img' are matched.

09-03-2024T11:34:42 - [TEST_STEP][PASSED] - click(findTestObject("Object Repository/LoginToApp/Page_JPetStore Demo/a_Sign In")): Object: 'Object Repository/LoginToApp/Page_JPetStore Demo/a_Sign In' is clicked on

09-03-2024T11:34:44 - [MESSAGE][PASSED] - Object: 'Object Repository/LoginToApp/Page_JPetStore Demo/a_Sign In' is clicked on

09-03-2024T11:34:44 - [TEST_STEP][PASSED] - setText(findTestObject("Object Repository/LoginToApp/Page_JPetStore Demo/input_Need a user name and password_username"), "bruvie"): Text 'bruvie' is set on object 'Object Repository/LoginToApp/Page_JPetStore Demo/input_Need a user name and password_username'

09-03-2024T11:34:48 - [MESSAGE][PASSED] - Text 'bruvie' is set on object 'Object Repository/LoginToApp/Page_JPetStore Demo/input_Need a user name and password_username'

09-03-2024T11:34:48 - [TEST_STEP][PASSED] - setEncryptedText(findTestObject("Object Repository/LoginToApp/Page_JPetStore Demo/input_Need a user name and password_password"), "qPDWtMYEx+8="): Text ****** has been set on object 'Object Repository/LoginToApp/Page_JPetStore Demo/input_Need a user name and password_password'

09-03-2024T11:34:50 - [MESSAGE][PASSED] - Text ****** has been set on object 'Object Repository/LoginToApp/Page_JPetStore Demo/input_Need a user name and password_password'

09-03-2024T11:34:50 - [TEST_STEP][PASSED] - click(findTestObject("Object Repository/LoginToApp/Page_JPetStore Demo/p_UsernamesetTimeout(function()tryvar zdocu_90a06a")): Object: 'Object Repository/LoginToApp/Page_JPetStore Demo/p_UsernamesetTimeout(function()tryvar zdocu_90a06a' is clicked on

09-03-2024T11:34:52 - [MESSAGE][PASSED] - Object: 'Object Repository/LoginToApp/Page_JPetStore Demo/p_UsernamesetTimeout(function()tryvar zdocu_90a06a' is clicked on

09-03-2024T11:34:52 - [TEST_STEP][PASSED] - setEncryptedText(findTestObject("Object Repository/LoginToApp/Page_JPetStore Demo/input_Need a user name and password_password"), "5Z9ySau9obQ="): Text ****** has been set on object 'Object Repository/LoginToApp/Page_JPetStore Demo/input_Need a user name and password_password'

09-03-2024T11:34:54 - [MESSAGE][PASSED] - Text ****** has been set on object 'Object Repository/LoginToApp/Page_JPetStore Demo/input_Need a user name and password_password'

09-03-2024T11:34:54 - [TEST_STEP][PASSED] - click(findTestObject("Object Repository/LoginToApp/Page_JPetStore Demo/input_Need a user name and password_signon")): Object: 'Object Repository/LoginToApp/Page_JPetStore Demo/input_Need a user name and password_signon' is clicked on

09-03-2024T11:34:56 - [MESSAGE][PASSED] - Object: 'Object Repository/LoginToApp/Page_JPetStore Demo/input_Need a user name and password_signon' is clicked on

09-03-2024T11:34:56 - [TEST_STEP][PASSED] - verifyElementText(findTestObject("Object Repository/LoginToApp/Page_JPetStore Demo/div_Welcome Bruvie"), "Welcome Bruvie!"): Actual text and expected text of test object 'Object Repository/LoginToApp/Page_JPetStore Demo/div_Welcome Bruvie' are matched.

09-03-2024T11:34:58 - [MESSAGE][PASSED] - Actual text and expected text of test object 'Object Repository/LoginToApp/Page_JPetStore Demo/div_Welcome Bruvie' are matched.

09-03-2024T11:34:58 - [MESSAGE][PASSED] - Call Test Case 'Test Cases/PetStoreApp/TC_16_LoginToApp' successfully

09-03-2024T11:34:58 - [TEST_STEP][PASSED] - click(findTestObject("Object Repository/LoginAndPurchaseCats/Page_JPetStore Demo/img")): Object: 'Object Repository/LoginAndPurchaseCats/Page_JPetStore Demo/img' is clicked on

09-03-2024T11:35:00 - [MESSAGE][PASSED] - Object: 'Object Repository/LoginAndPurchaseCats/Page_JPetStore Demo/img' is clicked on

09-03-2024T11:35:00 - [TEST_STEP][PASSED] - click(findTestObject("Object Repository/LoginAndPurchaseCats/Page_JPetStore Demo/a_FL-DLH-02")): Object: 'Object Repository/LoginAndPurchaseCats/Page_JPetStore Demo/a_FL-DLH-02' is clicked on

09-03-2024T11:35:02 - [MESSAGE][PASSED] - Object: 'Object Repository/LoginAndPurchaseCats/Page_JPetStore Demo/a_FL-DLH-02' is clicked on

09-03-2024T11:35:02 - [TEST_STEP][PASSED] - click(findTestObject("Object Repository/LoginAndPurchaseCats/Page_JPetStore Demo/a_Add to Cart")): Object: 'Object Repository/LoginAndPurchaseCats/Page_JPetStore Demo/a_Add to Cart' is clicked on

09-03-2024T11:35:04 - [MESSAGE][PASSED] - Object: 'Object Repository/LoginAndPurchaseCats/Page_JPetStore Demo/a_Add to Cart' is clicked on

09-03-2024T11:35:04 - [TEST_STEP][PASSED] - setText(findTestObject("Object Repository/LoginAndPurchaseCats/Page_JPetStore Demo/input_false_EST-16"), "12"): Text '12' is set on object 'Object Repository/LoginAndPurchaseCats/Page_JPetStore Demo/input_false_EST-16'

09-03-2024T11:35:08 - [MESSAGE][PASSED] - Text '12' is set on object 'Object Repository/LoginAndPurchaseCats/Page_JPetStore Demo/input_false_EST-16'

09-03-2024T11:35:08 - [TEST_STEP][PASSED] - click(findTestObject("Object Repository/LoginAndPurchaseCats/Page_JPetStore Demo/input_Sub Total 93.50_updateCartQuantities")): Object: 'Object Repository/LoginAndPurchaseCats/Page_JPetStore Demo/input_Sub Total 93.50_updateCartQuantities' is clicked on

09-03-2024T11:35:10 - [MESSAGE][PASSED] - Object: 'Object Repository/LoginAndPurchaseCats/Page_JPetStore Demo/input_Sub Total 93.50_updateCartQuantities' is clicked on

09-03-2024T11:35:10 - [TEST_STEP][PASSED] - click(findTestObject("Object Repository/LoginAndPurchaseCats/Page_JPetStore Demo/a_Proceed to Checkout")): Object: 'Object Repository/LoginAndPurchaseCats/Page_JPetStore Demo/a_Proceed to Checkout' is clicked on

09-03-2024T11:35:12 - [MESSAGE][PASSED] - Object: 'Object Repository/LoginAndPurchaseCats/Page_JPetStore Demo/a_Proceed to Checkout' is clicked on

09-03-2024T11:35:12 - [TEST_STEP][PASSED] - click(findTestObject("Object Repository/LoginAndPurchaseCats/Page_JPetStore Demo/input_Ship to different address_newOrder")): Object: 'Object Repository/LoginAndPurchaseCats/Page_JPetStore Demo/input_Ship to different address_newOrder' is clicked on

09-03-2024T11:35:14 - [MESSAGE][PASSED] - Object: 'Object Repository/LoginAndPurchaseCats/Page_JPetStore Demo/input_Ship to different address_newOrder' is clicked on

09-03-2024T11:35:14 - [TEST_STEP][PASSED] - verifyElementText(findTestObject("Object Repository/LoginAndPurchaseCats/Page_JPetStore Demo/b_Order"), "Order"): Actual text and expected text of test object 'Object Repository/LoginAndPurchaseCats/Page_JPetStore Demo/b_Order' are matched.

09-03-2024T11:35:15 - [MESSAGE][PASSED] - Actual text and expected text of test object 'Object Repository/LoginAndPurchaseCats/Page_JPetStore Demo/b_Order' are matched.

09-03-2024T11:35:15 - [TEST_STEP][PASSED] - click(findTestObject("Object Repository/LoginAndPurchaseCats/Page_JPetStore Demo/a_Return to Main Menu")): Object: 'Object Repository/LoginAndPurchaseCats/Page_JPetStore Demo/a_Return to Main Menu' is clicked on

09-03-2024T11:35:18 - [MESSAGE][PASSED] - Object: 'Object Repository/LoginAndPurchaseCats/Page_JPetStore Demo/a_Return to Main Menu' is clicked on

09-03-2024T11:35:18 - [TEST_STEP][PASSED] - closeBrowser(): Browser is closed

09-03-2024T11:35:18 - [MESSAGE][PASSED] - Browser is closed]]></system-out>
         <system-err><![CDATA[]]></system-err>
      </testcase>
      <system-out><![CDATA[09-03-2024T11:34:30 - [TEST_SUITE][PASSED] - TS_30_LoginAndPurchaseCats: Test Cases/PetStoreApp/TC_30_LoginAndPurchaseCats]]></system-out>
      <system-err><![CDATA[]]></system-err>
   </testsuite>
</testsuites>
