<?xml version="1.0" encoding="UTF-8"?>
<testsuites name="TS_20_LoginAndPurchaseBird" time="25.501" tests="1" failures="0" errors="0">
   <testsuite name="TS_20_LoginAndPurchaseBird" tests="1" failures="0" errors="0" time="25.501" skipped="0" timestamp="03-03-2024T14:52:02" hostname="DJ793LJ - IN3233809W1.ey.net" id="Test Suites/TS_20_LoginAndPurchaseBird">
      <properties>
         <property name="deviceName" value=""/>
         <property name="devicePlatform" value=""/>
         <property name="logFolder" value="C:\\Users\\DJ793LJ\\git\\Katalon-Training\\Reports\\20240303_145155\\TS_20_LoginAndPurchaseBird\\20240303_145155"/>
         <property name="logFiles" value="C:\\Users\\DJ793LJ\\git\\Katalon-Training\\Reports\\20240303_145155\\TS_20_LoginAndPurchaseBird\\20240303_145155\\execution0.log"/>
         <property name="attachments" value=""/>
         <property name="hostName" value="DJ793LJ - IN3233809W1.ey.net"/>
         <property name="os" value="Windows 10 64bit"/>
         <property name="katalonVersion" value="9.3.1.212"/>
         <property name="browser" value="Edge Chromium 122"/>
         <property name="hostAddress" value="192.168.2.5"/>
         <property name="sessionId" value="ab52ada48b1043caddbdbd8d4324ce6c"/>
         <property name="seleniumVersion" value="3.141.59"/>
         <property name="proxyInformation" value="ProxyInformation { proxyOption=NO_PROXY, proxyServerType=HTTP, username=, password=********, proxyServerAddress=, proxyServerPort=0, executionList=&quot;&quot;, isApplyToDesiredCapabilities=true }"/>
         <property name="platform" value="Windows 10"/>
      </properties>
      <testcase name="Test Cases/PetStoreApp/TC_20_LoginAndPurchaseBird" time="25.185" classname="Test Cases/PetStoreApp/TC_20_LoginAndPurchaseBird" status="PASSED">
         <system-out><![CDATA[03-03-2024T14:52:03 - [TEST_CASE][PASSED] - Test Cases/PetStoreApp/TC_20_LoginAndPurchaseBird: Test Cases/PetStoreApp/TC_20_LoginAndPurchaseBird

03-03-2024T14:52:03 - [TEST_STEP][PASSED] - callTestCase(findTestCase("PetStoreApp/TC_16_LoginToApp"), [:], STOP_ON_FAILURE): Call Test Case 'Test Cases/PetStoreApp/TC_16_LoginToApp' successfully

03-03-2024T14:52:03 - [TEST_CASE][PASSED] - Test Cases/PetStoreApp/TC_16_LoginToApp: Test Cases/PetStoreApp/TC_16_LoginToApp

03-03-2024T14:52:04 - [TEST_STEP][PASSED] - openBrowser(""): Browser is opened with url: ''

03-03-2024T14:52:04 - [MESSAGE][INFO] - Starting 'Edge Chromium' driver

03-03-2024T14:52:07 - [MESSAGE][INFO] - Action delay is set to 0 milliseconds

03-03-2024T14:52:10 - [MESSAGE][PASSED] - Browser is opened with url: ''

03-03-2024T14:52:10 - [TEST_STEP][PASSED] - navigateToUrl("https://petstore.octoperf.com/"): Navigate to 'https://petstore.octoperf.com/' successfully

03-03-2024T14:52:12 - [MESSAGE][PASSED] - Navigate to 'https://petstore.octoperf.com/' successfully

03-03-2024T14:52:12 - [TEST_STEP][PASSED] - verifyElementText(findTestObject("Object Repository/LoginToApp/Page_JPetStore Demo/h2_Welcome to JPetStore 6"), "Welcome to JPetStore 6"): Actual text and expected text of test object 'Object Repository/LoginToApp/Page_JPetStore Demo/h2_Welcome to JPetStore 6' are matched.

03-03-2024T14:52:13 - [MESSAGE][PASSED] - Actual text and expected text of test object 'Object Repository/LoginToApp/Page_JPetStore Demo/h2_Welcome to JPetStore 6' are matched.

03-03-2024T14:52:13 - [TEST_STEP][PASSED] - click(findTestObject("Object Repository/LoginToApp/Page_JPetStore Demo/a_Enter the Store")): Object: 'Object Repository/LoginToApp/Page_JPetStore Demo/a_Enter the Store' is clicked on

03-03-2024T14:52:14 - [MESSAGE][PASSED] - Object: 'Object Repository/LoginToApp/Page_JPetStore Demo/a_Enter the Store' is clicked on

03-03-2024T14:52:14 - [TEST_STEP][PASSED] - verifyElementText(findTestObject("Object Repository/LoginToApp/Page_JPetStore Demo/img"), ""): Actual text and expected text of test object 'Object Repository/LoginToApp/Page_JPetStore Demo/img' are matched.

03-03-2024T14:52:15 - [MESSAGE][PASSED] - Actual text and expected text of test object 'Object Repository/LoginToApp/Page_JPetStore Demo/img' are matched.

03-03-2024T14:52:15 - [TEST_STEP][PASSED] - click(findTestObject("Object Repository/LoginToApp/Page_JPetStore Demo/a_Sign In")): Object: 'Object Repository/LoginToApp/Page_JPetStore Demo/a_Sign In' is clicked on

03-03-2024T14:52:15 - [MESSAGE][PASSED] - Object: 'Object Repository/LoginToApp/Page_JPetStore Demo/a_Sign In' is clicked on

03-03-2024T14:52:15 - [TEST_STEP][PASSED] - setText(findTestObject("Object Repository/LoginToApp/Page_JPetStore Demo/input_Need a user name and password_username"), "bruvie"): Text 'bruvie' is set on object 'Object Repository/LoginToApp/Page_JPetStore Demo/input_Need a user name and password_username'

03-03-2024T14:52:16 - [MESSAGE][PASSED] - Text 'bruvie' is set on object 'Object Repository/LoginToApp/Page_JPetStore Demo/input_Need a user name and password_username'

03-03-2024T14:52:16 - [TEST_STEP][PASSED] - setEncryptedText(findTestObject("Object Repository/LoginToApp/Page_JPetStore Demo/input_Need a user name and password_password"), "qPDWtMYEx+8="): Text ****** has been set on object 'Object Repository/LoginToApp/Page_JPetStore Demo/input_Need a user name and password_password'

03-03-2024T14:52:17 - [MESSAGE][PASSED] - Text ****** has been set on object 'Object Repository/LoginToApp/Page_JPetStore Demo/input_Need a user name and password_password'

03-03-2024T14:52:17 - [TEST_STEP][PASSED] - click(findTestObject("Object Repository/LoginToApp/Page_JPetStore Demo/p_UsernamesetTimeout(function()tryvar zdocu_90a06a")): Object: 'Object Repository/LoginToApp/Page_JPetStore Demo/p_UsernamesetTimeout(function()tryvar zdocu_90a06a' is clicked on

03-03-2024T14:52:18 - [MESSAGE][PASSED] - Object: 'Object Repository/LoginToApp/Page_JPetStore Demo/p_UsernamesetTimeout(function()tryvar zdocu_90a06a' is clicked on

03-03-2024T14:52:18 - [TEST_STEP][PASSED] - setEncryptedText(findTestObject("Object Repository/LoginToApp/Page_JPetStore Demo/input_Need a user name and password_password"), "5Z9ySau9obQ="): Text ****** has been set on object 'Object Repository/LoginToApp/Page_JPetStore Demo/input_Need a user name and password_password'

03-03-2024T14:52:18 - [MESSAGE][PASSED] - Text ****** has been set on object 'Object Repository/LoginToApp/Page_JPetStore Demo/input_Need a user name and password_password'

03-03-2024T14:52:18 - [TEST_STEP][PASSED] - click(findTestObject("Object Repository/LoginToApp/Page_JPetStore Demo/input_Need a user name and password_signon")): Object: 'Object Repository/LoginToApp/Page_JPetStore Demo/input_Need a user name and password_signon' is clicked on

03-03-2024T14:52:19 - [MESSAGE][PASSED] - Object: 'Object Repository/LoginToApp/Page_JPetStore Demo/input_Need a user name and password_signon' is clicked on

03-03-2024T14:52:19 - [TEST_STEP][PASSED] - verifyElementText(findTestObject("Object Repository/LoginToApp/Page_JPetStore Demo/div_Welcome Bruvie"), "Welcome Bruvie!"): Actual text and expected text of test object 'Object Repository/LoginToApp/Page_JPetStore Demo/div_Welcome Bruvie' are matched.

03-03-2024T14:52:20 - [MESSAGE][PASSED] - Actual text and expected text of test object 'Object Repository/LoginToApp/Page_JPetStore Demo/div_Welcome Bruvie' are matched.

03-03-2024T14:52:20 - [MESSAGE][PASSED] - Call Test Case 'Test Cases/PetStoreApp/TC_16_LoginToApp' successfully

03-03-2024T14:52:20 - [TEST_STEP][PASSED] - click(findTestObject("Object Repository/LoginAndPurchaseBird/Page_JPetStore Demo/img")): Object: 'Object Repository/LoginAndPurchaseBird/Page_JPetStore Demo/img' is clicked on

03-03-2024T14:52:21 - [MESSAGE][PASSED] - Object: 'Object Repository/LoginAndPurchaseBird/Page_JPetStore Demo/img' is clicked on

03-03-2024T14:52:21 - [TEST_STEP][PASSED] - navigateToUrl("https://petstore.octoperf.com/actions/Catalog.action?viewCategory=&categoryId=BIRDS"): Navigate to 'https://petstore.octoperf.com/actions/Catalog.action?viewCategory=&categoryId=BIRDS' successfully

03-03-2024T14:52:21 - [MESSAGE][PASSED] - Navigate to 'https://petstore.octoperf.com/actions/Catalog.action?viewCategory=&categoryId=BIRDS' successfully

03-03-2024T14:52:21 - [TEST_STEP][PASSED] - click(findTestObject("Object Repository/LoginAndPurchaseBird/Page_JPetStore Demo/a_AV-SB-02")): Object: 'Object Repository/LoginAndPurchaseBird/Page_JPetStore Demo/a_AV-SB-02' is clicked on

03-03-2024T14:52:22 - [MESSAGE][PASSED] - Object: 'Object Repository/LoginAndPurchaseBird/Page_JPetStore Demo/a_AV-SB-02' is clicked on

03-03-2024T14:52:22 - [TEST_STEP][PASSED] - click(findTestObject("Object Repository/LoginAndPurchaseBird/Page_JPetStore Demo/a_Add to Cart")): Object: 'Object Repository/LoginAndPurchaseBird/Page_JPetStore Demo/a_Add to Cart' is clicked on

03-03-2024T14:52:22 - [MESSAGE][PASSED] - Object: 'Object Repository/LoginAndPurchaseBird/Page_JPetStore Demo/a_Add to Cart' is clicked on

03-03-2024T14:52:22 - [TEST_STEP][PASSED] - click(findTestObject("Object Repository/LoginAndPurchaseBird/Page_JPetStore Demo/table_Item IDProduct IDDescriptionIn StockQ_89592d")): Object: 'Object Repository/LoginAndPurchaseBird/Page_JPetStore Demo/table_Item IDProduct IDDescriptionIn StockQ_89592d' is clicked on

03-03-2024T14:52:23 - [MESSAGE][PASSED] - Object: 'Object Repository/LoginAndPurchaseBird/Page_JPetStore Demo/table_Item IDProduct IDDescriptionIn StockQ_89592d' is clicked on

03-03-2024T14:52:23 - [TEST_STEP][PASSED] - setText(findTestObject("Object Repository/LoginAndPurchaseBird/Page_JPetStore Demo/input_true_EST-19"), "35"): Text '35' is set on object 'Object Repository/LoginAndPurchaseBird/Page_JPetStore Demo/input_true_EST-19'

03-03-2024T14:52:24 - [MESSAGE][PASSED] - Text '35' is set on object 'Object Repository/LoginAndPurchaseBird/Page_JPetStore Demo/input_true_EST-19'

03-03-2024T14:52:24 - [TEST_STEP][PASSED] - click(findTestObject("Object Repository/LoginAndPurchaseBird/Page_JPetStore Demo/input_Sub Total 15.50_updateCartQuantities")): Object: 'Object Repository/LoginAndPurchaseBird/Page_JPetStore Demo/input_Sub Total 15.50_updateCartQuantities' is clicked on

03-03-2024T14:52:25 - [MESSAGE][PASSED] - Object: 'Object Repository/LoginAndPurchaseBird/Page_JPetStore Demo/input_Sub Total 15.50_updateCartQuantities' is clicked on

03-03-2024T14:52:25 - [TEST_STEP][PASSED] - click(findTestObject("Object Repository/LoginAndPurchaseBird/Page_JPetStore Demo/a_Return to Main Menu")): Object: 'Object Repository/LoginAndPurchaseBird/Page_JPetStore Demo/a_Return to Main Menu' is clicked on

03-03-2024T14:52:26 - [MESSAGE][PASSED] - Object: 'Object Repository/LoginAndPurchaseBird/Page_JPetStore Demo/a_Return to Main Menu' is clicked on

03-03-2024T14:52:26 - [TEST_STEP][PASSED] - closeBrowser(): Browser is closed

03-03-2024T14:52:28 - [MESSAGE][PASSED] - Browser is closed]]></system-out>
         <system-err><![CDATA[]]></system-err>
      </testcase>
      <system-out><![CDATA[03-03-2024T14:52:02 - [TEST_SUITE][PASSED] - TS_20_LoginAndPurchaseBird: Test Cases/PetStoreApp/TC_20_LoginAndPurchaseBird]]></system-out>
      <system-err><![CDATA[]]></system-err>
   </testsuite>
</testsuites>
