<?xml version="1.0" encoding="UTF-8"?>
<testsuites name="TS_17_LoginAndPurchaseFish" time="47.381" tests="1" failures="0" errors="0">
   <testsuite name="TS_17_LoginAndPurchaseFish" tests="1" failures="0" errors="0" time="47.381" skipped="0" timestamp="09-03-2024T11:08:45" hostname="DJ793LJ - IN3233809W1.ey.net" id="Test Suites/TS_17_LoginAndPurchaseFish">
      <properties>
         <property name="deviceName" value=""/>
         <property name="devicePlatform" value=""/>
         <property name="logFolder" value="C:\\Users\\DJ793LJ\\git\\Katalon-Training\\Reports\\20240309_110840\\TS_17_LoginAndPurchaseFish\\20240309_110840"/>
         <property name="logFiles" value="C:\\Users\\DJ793LJ\\git\\Katalon-Training\\Reports\\20240309_110840\\TS_17_LoginAndPurchaseFish\\20240309_110840\\execution0.log"/>
         <property name="attachments" value=""/>
         <property name="hostName" value="DJ793LJ - IN3233809W1.ey.net"/>
         <property name="os" value="Windows 10 64bit"/>
         <property name="katalonVersion" value="9.3.1.212"/>
         <property name="browser" value="Edge Chromium 122"/>
         <property name="hostAddress" value="192.168.2.5"/>
         <property name="sessionId" value="34b41210ee419d5af085fb0df5710222"/>
         <property name="seleniumVersion" value="3.141.59"/>
         <property name="proxyInformation" value="ProxyInformation { proxyOption=NO_PROXY, proxyServerType=HTTP, username=, password=********, proxyServerAddress=, proxyServerPort=0, executionList=&quot;&quot;, isApplyToDesiredCapabilities=true }"/>
         <property name="platform" value="Windows 10"/>
      </properties>
      <testcase name="Test Cases/PetStoreApp/TC_17_LoginAndPurchaseFish" time="47.086" classname="Test Cases/PetStoreApp/TC_17_LoginAndPurchaseFish" status="PASSED">
         <system-out><![CDATA[09-03-2024T11:08:45 - [TEST_CASE][PASSED] - Test Cases/PetStoreApp/TC_17_LoginAndPurchaseFish: Test Cases/PetStoreApp/TC_17_LoginAndPurchaseFish

09-03-2024T11:08:46 - [TEST_STEP][PASSED] - callTestCase(findTestCase("PetStoreApp/TC_16_LoginToApp"), [:], STOP_ON_FAILURE): Call Test Case 'Test Cases/PetStoreApp/TC_16_LoginToApp' successfully

09-03-2024T11:08:46 - [TEST_CASE][PASSED] - Test Cases/PetStoreApp/TC_16_LoginToApp: Test Cases/PetStoreApp/TC_16_LoginToApp

09-03-2024T11:08:46 - [TEST_STEP][PASSED] - openBrowser(""): Browser is opened with url: ''

09-03-2024T11:08:46 - [MESSAGE][INFO] - Starting 'Edge Chromium' driver

09-03-2024T11:08:47 - [MESSAGE][INFO] - Action delay is set to 0 milliseconds

09-03-2024T11:08:50 - [MESSAGE][PASSED] - Browser is opened with url: ''

09-03-2024T11:08:50 - [TEST_STEP][PASSED] - navigateToUrl("https://petstore.octoperf.com/"): Navigate to 'https://petstore.octoperf.com/' successfully

09-03-2024T11:08:52 - [MESSAGE][PASSED] - Navigate to 'https://petstore.octoperf.com/' successfully

09-03-2024T11:08:52 - [TEST_STEP][PASSED] - verifyElementText(findTestObject("Object Repository/LoginToApp/Page_JPetStore Demo/h2_Welcome to JPetStore 6"), "Welcome to JPetStore 6"): Actual text and expected text of test object 'Object Repository/LoginToApp/Page_JPetStore Demo/h2_Welcome to JPetStore 6' are matched.

09-03-2024T11:08:55 - [MESSAGE][PASSED] - Actual text and expected text of test object 'Object Repository/LoginToApp/Page_JPetStore Demo/h2_Welcome to JPetStore 6' are matched.

09-03-2024T11:08:55 - [TEST_STEP][PASSED] - click(findTestObject("Object Repository/LoginToApp/Page_JPetStore Demo/a_Enter the Store")): Object: 'Object Repository/LoginToApp/Page_JPetStore Demo/a_Enter the Store' is clicked on

09-03-2024T11:08:58 - [MESSAGE][PASSED] - Object: 'Object Repository/LoginToApp/Page_JPetStore Demo/a_Enter the Store' is clicked on

09-03-2024T11:08:58 - [TEST_STEP][PASSED] - verifyElementText(findTestObject("Object Repository/LoginToApp/Page_JPetStore Demo/img"), ""): Actual text and expected text of test object 'Object Repository/LoginToApp/Page_JPetStore Demo/img' are matched.

09-03-2024T11:09:01 - [MESSAGE][PASSED] - Actual text and expected text of test object 'Object Repository/LoginToApp/Page_JPetStore Demo/img' are matched.

09-03-2024T11:09:01 - [TEST_STEP][PASSED] - click(findTestObject("Object Repository/LoginToApp/Page_JPetStore Demo/a_Sign In")): Object: 'Object Repository/LoginToApp/Page_JPetStore Demo/a_Sign In' is clicked on

09-03-2024T11:09:03 - [MESSAGE][PASSED] - Object: 'Object Repository/LoginToApp/Page_JPetStore Demo/a_Sign In' is clicked on

09-03-2024T11:09:03 - [TEST_STEP][PASSED] - setText(findTestObject("Object Repository/LoginToApp/Page_JPetStore Demo/input_Need a user name and password_username"), "bruvie"): Text 'bruvie' is set on object 'Object Repository/LoginToApp/Page_JPetStore Demo/input_Need a user name and password_username'

09-03-2024T11:09:07 - [MESSAGE][PASSED] - Text 'bruvie' is set on object 'Object Repository/LoginToApp/Page_JPetStore Demo/input_Need a user name and password_username'

09-03-2024T11:09:07 - [TEST_STEP][PASSED] - setEncryptedText(findTestObject("Object Repository/LoginToApp/Page_JPetStore Demo/input_Need a user name and password_password"), "qPDWtMYEx+8="): Text ****** has been set on object 'Object Repository/LoginToApp/Page_JPetStore Demo/input_Need a user name and password_password'

09-03-2024T11:09:09 - [MESSAGE][PASSED] - Text ****** has been set on object 'Object Repository/LoginToApp/Page_JPetStore Demo/input_Need a user name and password_password'

09-03-2024T11:09:09 - [TEST_STEP][PASSED] - click(findTestObject("Object Repository/LoginToApp/Page_JPetStore Demo/p_UsernamesetTimeout(function()tryvar zdocu_90a06a")): Object: 'Object Repository/LoginToApp/Page_JPetStore Demo/p_UsernamesetTimeout(function()tryvar zdocu_90a06a' is clicked on

09-03-2024T11:09:11 - [MESSAGE][PASSED] - Object: 'Object Repository/LoginToApp/Page_JPetStore Demo/p_UsernamesetTimeout(function()tryvar zdocu_90a06a' is clicked on

09-03-2024T11:09:11 - [TEST_STEP][PASSED] - setEncryptedText(findTestObject("Object Repository/LoginToApp/Page_JPetStore Demo/input_Need a user name and password_password"), "5Z9ySau9obQ="): Text ****** has been set on object 'Object Repository/LoginToApp/Page_JPetStore Demo/input_Need a user name and password_password'

09-03-2024T11:09:13 - [MESSAGE][PASSED] - Text ****** has been set on object 'Object Repository/LoginToApp/Page_JPetStore Demo/input_Need a user name and password_password'

09-03-2024T11:09:13 - [TEST_STEP][PASSED] - click(findTestObject("Object Repository/LoginToApp/Page_JPetStore Demo/input_Need a user name and password_signon")): Object: 'Object Repository/LoginToApp/Page_JPetStore Demo/input_Need a user name and password_signon' is clicked on

09-03-2024T11:09:15 - [MESSAGE][PASSED] - Object: 'Object Repository/LoginToApp/Page_JPetStore Demo/input_Need a user name and password_signon' is clicked on

09-03-2024T11:09:15 - [TEST_STEP][PASSED] - verifyElementText(findTestObject("Object Repository/LoginToApp/Page_JPetStore Demo/div_Welcome Bruvie"), "Welcome Bruvie!"): Actual text and expected text of test object 'Object Repository/LoginToApp/Page_JPetStore Demo/div_Welcome Bruvie' are matched.

09-03-2024T11:09:17 - [MESSAGE][PASSED] - Actual text and expected text of test object 'Object Repository/LoginToApp/Page_JPetStore Demo/div_Welcome Bruvie' are matched.

09-03-2024T11:09:17 - [MESSAGE][PASSED] - Call Test Case 'Test Cases/PetStoreApp/TC_16_LoginToApp' successfully

09-03-2024T11:09:17 - [TEST_STEP][PASSED] - click(findTestObject("Object Repository/LoginAndPurchaseFish/Page_JPetStore Demo/img")): Object: 'Object Repository/LoginAndPurchaseFish/Page_JPetStore Demo/img' is clicked on

09-03-2024T11:09:19 - [MESSAGE][PASSED] - Object: 'Object Repository/LoginAndPurchaseFish/Page_JPetStore Demo/img' is clicked on

09-03-2024T11:09:19 - [TEST_STEP][PASSED] - navigateToUrl("https://petstore.octoperf.com/actions/Catalog.action?viewCategory=&categoryId=FISH"): Navigate to 'https://petstore.octoperf.com/actions/Catalog.action?viewCategory=&categoryId=FISH' successfully

09-03-2024T11:09:19 - [MESSAGE][PASSED] - Navigate to 'https://petstore.octoperf.com/actions/Catalog.action?viewCategory=&categoryId=FISH' successfully

09-03-2024T11:09:19 - [TEST_STEP][PASSED] - click(findTestObject("Object Repository/LoginAndPurchaseFish/Page_JPetStore Demo/a_FI-FW-02")): Object: 'Object Repository/LoginAndPurchaseFish/Page_JPetStore Demo/a_FI-FW-02' is clicked on

09-03-2024T11:09:21 - [MESSAGE][PASSED] - Object: 'Object Repository/LoginAndPurchaseFish/Page_JPetStore Demo/a_FI-FW-02' is clicked on

09-03-2024T11:09:21 - [TEST_STEP][PASSED] - click(findTestObject("Object Repository/LoginAndPurchaseFish/Page_JPetStore Demo/a_Add to Cart")): Object: 'Object Repository/LoginAndPurchaseFish/Page_JPetStore Demo/a_Add to Cart' is clicked on

09-03-2024T11:09:23 - [MESSAGE][PASSED] - Object: 'Object Repository/LoginAndPurchaseFish/Page_JPetStore Demo/a_Add to Cart' is clicked on

09-03-2024T11:09:23 - [TEST_STEP][PASSED] - setText(findTestObject("Object Repository/LoginAndPurchaseFish/Page_JPetStore Demo/input_true_EST-20"), "4"): Text '4' is set on object 'Object Repository/LoginAndPurchaseFish/Page_JPetStore Demo/input_true_EST-20'

09-03-2024T11:09:27 - [MESSAGE][PASSED] - Text '4' is set on object 'Object Repository/LoginAndPurchaseFish/Page_JPetStore Demo/input_true_EST-20'

09-03-2024T11:09:27 - [TEST_STEP][PASSED] - click(findTestObject("Object Repository/LoginAndPurchaseFish/Page_JPetStore Demo/input_Sub Total 5.50_updateCartQuantities")): Object: 'Object Repository/LoginAndPurchaseFish/Page_JPetStore Demo/input_Sub Total 5.50_updateCartQuantities' is clicked on

09-03-2024T11:09:29 - [MESSAGE][PASSED] - Object: 'Object Repository/LoginAndPurchaseFish/Page_JPetStore Demo/input_Sub Total 5.50_updateCartQuantities' is clicked on

09-03-2024T11:09:29 - [TEST_STEP][PASSED] - click(findTestObject("Object Repository/LoginAndPurchaseFish/Page_JPetStore Demo/a_Return to Main Menu")): Object: 'Object Repository/LoginAndPurchaseFish/Page_JPetStore Demo/a_Return to Main Menu' is clicked on

09-03-2024T11:09:32 - [MESSAGE][PASSED] - Object: 'Object Repository/LoginAndPurchaseFish/Page_JPetStore Demo/a_Return to Main Menu' is clicked on

09-03-2024T11:09:32 - [TEST_STEP][PASSED] - closeBrowser(): Browser is closed

09-03-2024T11:09:32 - [MESSAGE][PASSED] - Browser is closed]]></system-out>
         <system-err><![CDATA[]]></system-err>
      </testcase>
      <system-out><![CDATA[09-03-2024T11:08:45 - [TEST_SUITE][PASSED] - TS_17_LoginAndPurchaseFish: Test Cases/PetStoreApp/TC_17_LoginAndPurchaseFish]]></system-out>
      <system-err><![CDATA[]]></system-err>
   </testsuite>
</testsuites>
