<?xml version="1.0" encoding="UTF-8"?>
<testsuites name="TS_32_VisualTesting_VerifyParrotImage" time="13.157" tests="1" failures="0" errors="0">
   <testsuite name="TS_32_VisualTesting_VerifyParrotImage" tests="1" failures="0" errors="0" time="13.157" skipped="0" timestamp="16-03-2024T11:35:53" hostname="DJ793LJ - IN3233809W1.ey.net" id="Test Suites/TS_32_VisualTesting_VerifyParrotImage">
      <properties>
         <property name="deviceName" value=""/>
         <property name="devicePlatform" value=""/>
         <property name="logFolder" value="C:\\Users\\DJ793LJ\\git\\Katalon-Training\\Reports\\20240316_113547\\TS_32_VisualTesting_VerifyParrotImage\\20240316_113547"/>
         <property name="logFiles" value="C:\\Users\\DJ793LJ\\git\\Katalon-Training\\Reports\\20240316_113547\\TS_32_VisualTesting_VerifyParrotImage\\20240316_113547\\execution0.log"/>
         <property name="attachments" value="keyes\keyes-Parrot.png"/>
         <property name="hostName" value="DJ793LJ - IN3233809W1.ey.net"/>
         <property name="os" value="Windows 10 64bit"/>
         <property name="katalonVersion" value="9.3.1.212"/>
         <property name="browser" value="Edge Chromium 122"/>
         <property name="hostAddress" value="192.168.2.7"/>
         <property name="sessionId" value="21a87408ce0df2f0d5b100e809305c98"/>
         <property name="seleniumVersion" value="3.141.59"/>
         <property name="proxyInformation" value="ProxyInformation { proxyOption=NO_PROXY, proxyServerType=HTTP, username=, password=********, proxyServerAddress=, proxyServerPort=0, executionList=&quot;&quot;, isApplyToDesiredCapabilities=true }"/>
         <property name="platform" value="Windows 10"/>
      </properties>
      <testcase name="Test Cases/visualTesting/TC01_VerifyParrotImage" time="12.928" classname="Test Cases/visualTesting/TC01_VerifyParrotImage" status="PASSED">
         <system-out><![CDATA[16-03-2024T11:35:53 - [TEST_CASE][PASSED] - Test Cases/visualTesting/TC01_VerifyParrotImage: Test Cases/visualTesting/TC01_VerifyParrotImage

16-03-2024T11:35:54 - [TEST_STEP][PASSED] - openBrowser(""): Browser is opened with url: ''

16-03-2024T11:35:54 - [MESSAGE][INFO] - Starting 'Edge Chromium' driver

16-03-2024T11:35:56 - [MESSAGE][INFO] - Action delay is set to 0 milliseconds

16-03-2024T11:35:59 - [MESSAGE][PASSED] - Browser is opened with url: ''

16-03-2024T11:35:59 - [TEST_STEP][PASSED] - navigateToUrl("https://petstore.octoperf.com/"): Navigate to 'https://petstore.octoperf.com/' successfully

16-03-2024T11:36:01 - [MESSAGE][PASSED] - Navigate to 'https://petstore.octoperf.com/' successfully

16-03-2024T11:36:01 - [TEST_STEP][PASSED] - click(findTestObject("Object Repository/ParrotVSTesting/Page_JPetStore Demo/a_Enter the Store")): Object: 'Object Repository/ParrotVSTesting/Page_JPetStore Demo/a_Enter the Store' is clicked on

16-03-2024T11:36:03 - [MESSAGE][PASSED] - Object: 'Object Repository/ParrotVSTesting/Page_JPetStore Demo/a_Enter the Store' is clicked on

16-03-2024T11:36:03 - [TEST_STEP][PASSED] - verifyElementVisible(findTestObject("Object Repository/ParrotVSTesting/Page_JPetStore Demo/img")): Object 'Object Repository/ParrotVSTesting/Page_JPetStore Demo/img' is visible

16-03-2024T11:36:04 - [MESSAGE][PASSED] - Object 'Object Repository/ParrotVSTesting/Page_JPetStore Demo/img' is visible

16-03-2024T11:36:04 - [TEST_STEP][PASSED] - takeScreenshotAsCheckpoint("Parrot", []): Taking screenshot successfully

16-03-2024T11:36:05 - [MESSAGE][INFO] - 0 hidden object(s)

16-03-2024T11:36:05 - [MESSAGE][PASSED] - Taking screenshot successfully
[[ATTACHMENT|keyes\keyes-Parrot.png]]

16-03-2024T11:36:05 - [TEST_STEP][PASSED] - click(findTestObject("Object Repository/ParrotVSTesting/Page_JPetStore Demo/a_Sign In")): Object: 'Object Repository/ParrotVSTesting/Page_JPetStore Demo/a_Sign In' is clicked on

16-03-2024T11:36:06 - [MESSAGE][PASSED] - Object: 'Object Repository/ParrotVSTesting/Page_JPetStore Demo/a_Sign In' is clicked on

16-03-2024T11:36:06 - [TEST_STEP][PASSED] - closeBrowser(): Browser is closed

16-03-2024T11:36:06 - [MESSAGE][PASSED] - Browser is closed]]></system-out>
         <system-err><![CDATA[]]></system-err>
      </testcase>
      <system-out><![CDATA[16-03-2024T11:35:53 - [TEST_SUITE][PASSED] - TS_32_VisualTesting_VerifyParrotImage: Test Cases/visualTesting/TC01_VerifyParrotImage]]></system-out>
      <system-err><![CDATA[]]></system-err>
   </testsuite>
</testsuites>
